[ 2018-04-23T09:19:13+08:00 ] ::1 /
INFO: [ app_init ] --START--
INFO: Run Behavior\BuildLiteBehavior [ RunTime:0.000148s ]
INFO: [ app_init ] --END-- [ RunTime:0.027966s ]
INFO: [ app_begin ] --START--
INFO: Run Behavior\ReadHtmlCacheBehavior [ RunTime:0.003832s ]
INFO: [ app_begin ] --END-- [ RunTime:0.004622s ]
INFO: [ view_parse ] --START--
INFO: [ template_filter ] --START--
INFO: Run Behavior\ContentReplaceBehavior [ RunTime:0.000786s ]
INFO: [ template_filter ] --END-- [ RunTime:0.001967s ]
INFO: Run Behavior\ParseTemplateBehavior [ RunTime:0.042276s ]
INFO: [ view_parse ] --END-- [ RunTime:0.043195s ]
INFO: [ view_filter ] --START--
INFO: Run Behavior\WriteHtmlCacheBehavior [ RunTime:0.002735s ]
INFO: [ view_filter ] --END-- [ RunTime:0.003617s ]
INFO: [ app_end ] --START--
INFO: Run Behavior\ShowPageTraceBehavior [ RunTime:0.005140s ]
INFO: [ app_end ] --END-- [ RunTime:0.006102s ]

[ 2018-04-23T09:49:30+08:00 ] ::1 /
INFO: [ app_init ] --START--
INFO: Run Behavior\BuildLiteBehavior [ RunTime:0.000126s ]
INFO: [ app_init ] --END-- [ RunTime:0.062251s ]
INFO: [ app_begin ] --START--
INFO: Run Behavior\ReadHtmlCacheBehavior [ RunTime:0.134058s ]
INFO: [ app_begin ] --END-- [ RunTime:0.134614s ]

[ 2018-04-23T09:52:07+08:00 ] ::1 /
INFO: [ app_init ] --START--
INFO: Run Behavior\BuildLiteBehavior [ RunTime:0.000159s ]
INFO: [ app_init ] --END-- [ RunTime:0.003740s ]
INFO: [ app_begin ] --START--
INFO: Run Behavior\ReadHtmlCacheBehavior [ RunTime:0.005452s ]
INFO: [ app_begin ] --END-- [ RunTime:0.006291s ]
INFO: [ view_parse ] --START--
INFO: [ template_filter ] --START--
INFO: Run Behavior\ContentReplaceBehavior [ RunTime:0.004855s ]
INFO: [ template_filter ] --END-- [ RunTime:0.005712s ]
INFO: Run Behavior\ParseTemplateBehavior [ RunTime:0.270144s ]
INFO: [ view_parse ] --END-- [ RunTime:0.271103s ]
INFO: [ view_filter ] --START--
INFO: Run Behavior\WriteHtmlCacheBehavior [ RunTime:0.020032s ]
INFO: [ view_filter ] --END-- [ RunTime:0.020888s ]
INFO: [ app_end ] --START--
INFO: Run Behavior\ShowPageTraceBehavior [ RunTime:0.016725s ]
INFO: [ app_end ] --END-- [ RunTime:0.017572s ]

[ 2018-04-23T09:56:05+08:00 ] ::1 /
INFO: [ app_init ] --START--
INFO: Run Behavior\BuildLiteBehavior [ RunTime:0.000177s ]
INFO: [ app_init ] --END-- [ RunTime:0.003631s ]
INFO: [ app_begin ] --START--
INFO: Run Behavior\ReadHtmlCacheBehavior [ RunTime:0.006327s ]
INFO: [ app_begin ] --END-- [ RunTime:0.007643s ]
INFO: [ view_parse ] --START--
INFO: [ template_filter ] --START--
INFO: Run Behavior\ContentReplaceBehavior [ RunTime:0.009302s ]
INFO: [ template_filter ] --END-- [ RunTime:0.010216s ]
INFO: Run Behavior\ParseTemplateBehavior [ RunTime:0.298299s ]
INFO: [ view_parse ] --END-- [ RunTime:0.299218s ]
INFO: [ view_filter ] --START--
INFO: Run Behavior\WriteHtmlCacheBehavior [ RunTime:0.005468s ]
INFO: [ view_filter ] --END-- [ RunTime:0.006686s ]
INFO: [ app_end ] --START--
INFO: Run Behavior\ShowPageTraceBehavior [ RunTime:0.024990s ]
INFO: [ app_end ] --END-- [ RunTime:0.027621s ]

[ 2018-04-23T15:19:30+08:00 ] ::1 /
INFO: [ app_init ] --START--
INFO: Run Behavior\BuildLiteBehavior [ RunTime:0.000233s ]
INFO: [ app_init ] --END-- [ RunTime:0.024909s ]
INFO: [ app_begin ] --START--
INFO: Run Behavior\ReadHtmlCacheBehavior [ RunTime:0.017892s ]
INFO: [ app_begin ] --END-- [ RunTime:0.028482s ]
INFO: [ view_parse ] --START--
INFO: [ template_filter ] --START--
INFO: Run Behavior\ContentReplaceBehavior [ RunTime:0.018055s ]
INFO: [ template_filter ] --END-- [ RunTime:0.019114s ]
INFO: Run Behavior\ParseTemplateBehavior [ RunTime:0.390543s ]
INFO: [ view_parse ] --END-- [ RunTime:0.392154s ]
INFO: [ view_filter ] --START--
INFO: Run Behavior\WriteHtmlCacheBehavior [ RunTime:0.010102s ]
INFO: [ view_filter ] --END-- [ RunTime:0.010979s ]
INFO: [ app_end ] --START--
INFO: Run Behavior\ShowPageTraceBehavior [ RunTime:0.020029s ]
INFO: [ app_end ] --END-- [ RunTime:0.021980s ]

[ 2018-04-23T16:13:23+08:00 ] ::1 /
INFO: [ app_init ] --START--
INFO: Run Behavior\BuildLiteBehavior [ RunTime:0.000186s ]
INFO: [ app_init ] --END-- [ RunTime:0.015742s ]
INFO: [ app_begin ] --START--
INFO: Run Behavior\ReadHtmlCacheBehavior [ RunTime:0.008382s ]
INFO: [ app_begin ] --END-- [ RunTime:0.009520s ]
INFO: [ view_parse ] --START--
INFO: [ template_filter ] --START--
INFO: Run Behavior\ContentReplaceBehavior [ RunTime:0.010015s ]
INFO: [ template_filter ] --END-- [ RunTime:0.011261s ]
INFO: Run Behavior\ParseTemplateBehavior [ RunTime:0.229495s ]
INFO: [ view_parse ] --END-- [ RunTime:0.230639s ]
INFO: [ view_filter ] --START--
INFO: Run Behavior\WriteHtmlCacheBehavior [ RunTime:0.011794s ]
INFO: [ view_filter ] --END-- [ RunTime:0.012704s ]
INFO: [ app_end ] --START--
INFO: Run Behavior\ShowPageTraceBehavior [ RunTime:0.049671s ]
INFO: [ app_end ] --END-- [ RunTime:0.051023s ]

[ 2018-04-23T17:10:50+08:00 ] ::1 /
INFO: [ app_init ] --START--
INFO: Run Behavior\BuildLiteBehavior [ RunTime:0.000114s ]
INFO: [ app_init ] --END-- [ RunTime:0.039490s ]
INFO: [ app_begin ] --START--
INFO: Run Behavior\ReadHtmlCacheBehavior [ RunTime:0.012758s ]
INFO: [ app_begin ] --END-- [ RunTime:0.013481s ]
INFO: [ view_parse ] --START--
INFO: [ template_filter ] --START--
INFO: Run Behavior\ContentReplaceBehavior [ RunTime:0.008979s ]
INFO: [ template_filter ] --END-- [ RunTime:0.009776s ]
INFO: Run Behavior\ParseTemplateBehavior [ RunTime:0.213688s ]
INFO: [ view_parse ] --END-- [ RunTime:0.214483s ]
INFO: [ view_filter ] --START--
INFO: Run Behavior\WriteHtmlCacheBehavior [ RunTime:0.076165s ]
INFO: [ view_filter ] --END-- [ RunTime:0.076742s ]
INFO: [ app_end ] --START--
INFO: Run Behavior\ShowPageTraceBehavior [ RunTime:0.118119s ]
INFO: [ app_end ] --END-- [ RunTime:0.118706s ]

