[ 2018-05-03T08:54:06+08:00 ] ::1 /
INFO: [ app_init ] --START--
INFO: Run Behavior\BuildLiteBehavior [ RunTime:0.000168s ]
INFO: [ app_init ] --END-- [ RunTime:0.072396s ]
INFO: [ app_begin ] --START--
INFO: Run Behavior\ReadHtmlCacheBehavior [ RunTime:0.035386s ]
INFO: [ app_begin ] --END-- [ RunTime:0.037457s ]
INFO: [ view_parse ] --START--
INFO: [ template_filter ] --START--
INFO: Run Behavior\ContentReplaceBehavior [ RunTime:0.008492s ]
INFO: [ template_filter ] --END-- [ RunTime:0.017710s ]
INFO: Run Behavior\ParseTemplateBehavior [ RunTime:0.567096s ]
INFO: [ view_parse ] --END-- [ RunTime:0.568008s ]
INFO: [ view_filter ] --START--
INFO: Run Behavior\WriteHtmlCacheBehavior [ RunTime:0.031563s ]
INFO: [ view_filter ] --END-- [ RunTime:0.032504s ]
INFO: [ app_end ] --START--
INFO: Run Behavior\ShowPageTraceBehavior [ RunTime:0.080757s ]
INFO: [ app_end ] --END-- [ RunTime:0.082562s ]

[ 2018-05-03T08:54:23+08:00 ] ::1 /index.php/Home/Goods/list1.html
INFO: [ app_init ] --START--
INFO: Run Behavior\BuildLiteBehavior [ RunTime:0.000204s ]
INFO: [ app_init ] --END-- [ RunTime:0.004361s ]
INFO: [ app_begin ] --START--
INFO: Run Behavior\ReadHtmlCacheBehavior [ RunTime:0.004226s ]
INFO: [ app_begin ] --END-- [ RunTime:0.005737s ]
SQL: SHOW COLUMNS FROM `ds_goods` [ RunTime:0.1754s ]
SQL: SELECT * FROM `ds_goods` INNER JOIN ds_brand on ds_goods.brand_id=ds_brand.brand_id   [ RunTime:0.2524s ]
INFO: [ view_parse ] --START--
INFO: [ template_filter ] --START--
INFO: Run Behavior\ContentReplaceBehavior [ RunTime:0.007475s ]
INFO: [ template_filter ] --END-- [ RunTime:0.009489s ]
NOTIC: [8] Use of undefined constant data - assumed 'data' F:\dianshang\Application\Runtime\Cache\Home\4557fde18c5f27eb9c11c2138f369f43.php 第 944 行.
NOTIC: [8] Use of undefined constant link - assumed 'link' F:\dianshang\Application\Runtime\Cache\Home\4557fde18c5f27eb9c11c2138f369f43.php 第 944 行.
NOTIC: [8] Use of undefined constant data - assumed 'data' F:\dianshang\Application\Runtime\Cache\Home\4557fde18c5f27eb9c11c2138f369f43.php 第 945 行.
NOTIC: [8] Use of undefined constant show - assumed 'show' F:\dianshang\Application\Runtime\Cache\Home\4557fde18c5f27eb9c11c2138f369f43.php 第 945 行.
NOTIC: [8] Use of undefined constant h - assumed 'h' F:\dianshang\Application\Runtime\Cache\Home\4557fde18c5f27eb9c11c2138f369f43.php 第 945 行.
NOTIC: [8] Use of undefined constant data - assumed 'data' F:\dianshang\Application\Runtime\Cache\Home\4557fde18c5f27eb9c11c2138f369f43.php 第 945 行.
NOTIC: [2] Division by zero F:\dianshang\Application\Runtime\Cache\Home\4557fde18c5f27eb9c11c2138f369f43.php 第 945 行.
NOTIC: [8] Use of undefined constant show - assumed 'show' F:\dianshang\Application\Runtime\Cache\Home\4557fde18c5f27eb9c11c2138f369f43.php 第 945 行.
NOTIC: [8] Use of undefined constant w - assumed 'w' F:\dianshang\Application\Runtime\Cache\Home\4557fde18c5f27eb9c11c2138f369f43.php 第 945 行.
NOTIC: [8] Use of undefined constant data - assumed 'data' F:\dianshang\Application\Runtime\Cache\Home\4557fde18c5f27eb9c11c2138f369f43.php 第 945 行.
NOTIC: [8] Use of undefined constant show - assumed 'show' F:\dianshang\Application\Runtime\Cache\Home\4557fde18c5f27eb9c11c2138f369f43.php 第 945 行.
NOTIC: [8] Use of undefined constant img - assumed 'img' F:\dianshang\Application\Runtime\Cache\Home\4557fde18c5f27eb9c11c2138f369f43.php 第 945 行.
NOTIC: [8] Use of undefined constant data - assumed 'data' F:\dianshang\Application\Runtime\Cache\Home\4557fde18c5f27eb9c11c2138f369f43.php 第 946 行.
NOTIC: [8] Use of undefined constant show - assumed 'show' F:\dianshang\Application\Runtime\Cache\Home\4557fde18c5f27eb9c11c2138f369f43.php 第 946 行.
NOTIC: [8] Use of undefined constant img - assumed 'img' F:\dianshang\Application\Runtime\Cache\Home\4557fde18c5f27eb9c11c2138f369f43.php 第 946 行.
NOTIC: [8] Use of undefined constant data - assumed 'data' F:\dianshang\Application\Runtime\Cache\Home\4557fde18c5f27eb9c11c2138f369f43.php 第 947 行.
NOTIC: [8] Use of undefined constant lefttop_taglist - assumed 'lefttop_taglist' F:\dianshang\Application\Runtime\Cache\Home\4557fde18c5f27eb9c11c2138f369f43.php 第 947 行.
NOTIC: [8] Use of undefined constant img - assumed 'img' F:\dianshang\Application\Runtime\Cache\Home\4557fde18c5f27eb9c11c2138f369f43.php 第 947 行.
NOTIC: [8] Use of undefined constant data - assumed 'data' F:\dianshang\Application\Runtime\Cache\Home\4557fde18c5f27eb9c11c2138f369f43.php 第 950 行.
NOTIC: [8] Use of undefined constant price - assumed 'price' F:\dianshang\Application\Runtime\Cache\Home\4557fde18c5f27eb9c11c2138f369f43.php 第 950 行.
NOTIC: [8] Use of undefined constant data - assumed 'data' F:\dianshang\Application\Runtime\Cache\Home\4557fde18c5f27eb9c11c2138f369f43.php 第 952 行.
NOTIC: [8] Use of undefined constant cfav - assumed 'cfav' F:\dianshang\Application\Runtime\Cache\Home\4557fde18c5f27eb9c11c2138f369f43.php 第 952 行.
NOTIC: [8] Use of undefined constant data - assumed 'data' F:\dianshang\Application\Runtime\Cache\Home\4557fde18c5f27eb9c11c2138f369f43.php 第 954 行.
NOTIC: [8] Use of undefined constant link - assumed 'link' F:\dianshang\Application\Runtime\Cache\Home\4557fde18c5f27eb9c11c2138f369f43.php 第 954 行.
NOTIC: [8] Use of undefined constant data - assumed 'data' F:\dianshang\Application\Runtime\Cache\Home\4557fde18c5f27eb9c11c2138f369f43.php 第 954 行.
NOTIC: [8] Use of undefined constant title - assumed 'title' F:\dianshang\Application\Runtime\Cache\Home\4557fde18c5f27eb9c11c2138f369f43.php 第 954 行.
INFO: Run Behavior\ParseTemplateBehavior [ RunTime:0.453249s ]
INFO: [ view_parse ] --END-- [ RunTime:0.454700s ]
INFO: [ view_filter ] --START--
INFO: Run Behavior\WriteHtmlCacheBehavior [ RunTime:0.008310s ]
INFO: [ view_filter ] --END-- [ RunTime:0.009994s ]
INFO: [ app_end ] --START--
INFO: Run Behavior\ShowPageTraceBehavior [ RunTime:0.005202s ]
INFO: [ app_end ] --END-- [ RunTime:0.054069s ]

[ 2018-05-03T08:54:36+08:00 ] ::1 /index.php/Home/Goods/goodsdata/goods_id/1.html
INFO: [ app_init ] --START--
INFO: Run Behavior\BuildLiteBehavior [ RunTime:0.000128s ]
INFO: [ app_init ] --END-- [ RunTime:0.002770s ]
INFO: [ app_begin ] --START--
INFO: Run Behavior\ReadHtmlCacheBehavior [ RunTime:0.003391s ]
INFO: [ app_begin ] --END-- [ RunTime:0.004166s ]
SQL: SHOW COLUMNS FROM `ds_goods` [ RunTime:0.0055s ]
SQL: SELECT * FROM `ds_goods` INNER JOIN ds_brand on ds_goods.brand_id=ds_brand.brand_id  WHERE ( goods_id=1 ) LIMIT 1   [ RunTime:0.1193s ]
SQL: SHOW COLUMNS FROM `ds_goods_attr` [ RunTime:0.0920s ]
SQL: SELECT * FROM ds_goods_attr a INNER JOIN ds_attribute b on a.attr_id=b.attr_id  WHERE ( goods_id=1 ) ORDER BY a.attr_id  [ RunTime:0.0822s ]
SQL: SELECT * FROM ds_goods_attr a INNER JOIN ds_attribute b on a.attr_id=b.attr_id  WHERE ( goods_id=1 ) GROUP BY a.attr_id  [ RunTime:0.0985s ]
SQL: SHOW COLUMNS FROM `ds_goods_gallery` [ RunTime:0.0431s ]
SQL: SELECT * FROM `ds_goods_gallery` WHERE ( goods_id=1 )  [ RunTime:0.0018s ]
INFO: [ view_parse ] --START--
INFO: [ template_filter ] --START--
INFO: Run Behavior\ContentReplaceBehavior [ RunTime:0.003551s ]
INFO: [ template_filter ] --END-- [ RunTime:0.004249s ]
INFO: Run Behavior\ParseTemplateBehavior [ RunTime:0.248594s ]
INFO: [ view_parse ] --END-- [ RunTime:0.249347s ]
INFO: [ view_filter ] --START--
INFO: Run Behavior\WriteHtmlCacheBehavior [ RunTime:0.003970s ]
INFO: [ view_filter ] --END-- [ RunTime:0.004815s ]
INFO: [ app_end ] --START--
INFO: Run Behavior\ShowPageTraceBehavior [ RunTime:0.004622s ]
INFO: [ app_end ] --END-- [ RunTime:0.005943s ]

[ 2018-05-03T08:54:41+08:00 ] ::1 /index.php/Home/Goods/goodsdata/goods_id/shop.html?callback=jQuery1111021742577726869938_1525308881206&_=1525308881207
INFO: [ app_init ] --START--
INFO: Run Behavior\BuildLiteBehavior [ RunTime:0.000149s ]
INFO: [ app_init ] --END-- [ RunTime:0.002765s ]
INFO: [ app_begin ] --START--
INFO: Run Behavior\ReadHtmlCacheBehavior [ RunTime:0.012088s ]
INFO: [ app_begin ] --END-- [ RunTime:0.013276s ]
SQL: SHOW COLUMNS FROM `ds_goods` [ RunTime:0.0063s ]
ERR: SQLSTATE[42S22]: Column not found: 1054 Unknown column 'shop' in 'where clause'

[ 2018-05-03T11:23:36+08:00 ] ::1 /index.php/Home/Goods/order
INFO: [ app_init ] --START--
INFO: Run Behavior\BuildLiteBehavior [ RunTime:0.000174s ]
INFO: [ app_init ] --END-- [ RunTime:0.011781s ]
INFO: [ app_begin ] --START--
INFO: Run Behavior\ReadHtmlCacheBehavior [ RunTime:0.046787s ]
INFO: [ app_begin ] --END-- [ RunTime:0.047816s ]
INFO: [ view_parse ] --START--
INFO: [ template_filter ] --START--
INFO: Run Behavior\ContentReplaceBehavior [ RunTime:0.000543s ]
INFO: [ template_filter ] --END-- [ RunTime:0.001396s ]
NOTIC: [8] Undefined variable: res F:\dianshang\Application\Runtime\Cache\Home\5150cbd0c765e856e2eb1f20d0b54fcd.php 第 9 行.
NOTIC: [8] Undefined variable: res3 F:\dianshang\Application\Runtime\Cache\Home\5150cbd0c765e856e2eb1f20d0b54fcd.php 第 25 行.
NOTIC: [8] Undefined variable: res1 F:\dianshang\Application\Runtime\Cache\Home\5150cbd0c765e856e2eb1f20d0b54fcd.php 第 31 行.
NOTIC: [8] Undefined variable: res2 F:\dianshang\Application\Runtime\Cache\Home\5150cbd0c765e856e2eb1f20d0b54fcd.php 第 34 行.
INFO: Run Behavior\ParseTemplateBehavior [ RunTime:0.175212s ]
INFO: [ view_parse ] --END-- [ RunTime:0.176008s ]
INFO: [ view_filter ] --START--
INFO: Run Behavior\WriteHtmlCacheBehavior [ RunTime:0.003133s ]
INFO: [ view_filter ] --END-- [ RunTime:0.004102s ]
INFO: [ app_end ] --START--
INFO: Run Behavior\ShowPageTraceBehavior [ RunTime:0.030687s ]
INFO: [ app_end ] --END-- [ RunTime:0.031517s ]

[ 2018-05-03T11:28:57+08:00 ] ::1 /index.php/Home/Goods/order
INFO: [ app_init ] --START--
INFO: Run Behavior\BuildLiteBehavior [ RunTime:0.000109s ]
INFO: [ app_init ] --END-- [ RunTime:0.002087s ]
INFO: [ app_begin ] --START--
INFO: Run Behavior\ReadHtmlCacheBehavior [ RunTime:0.015336s ]
INFO: [ app_begin ] --END-- [ RunTime:0.015966s ]
SQL: SHOW COLUMNS FROM `ds_shipping` [ RunTime:0.0095s ]
SQL: SELECT * FROM `ds_shipping`  [ RunTime:0.0014s ]
SQL: SHOW COLUMNS FROM `ds_pay` [ RunTime:0.0101s ]
SQL: SELECT * FROM `ds_pay`  [ RunTime:0.0011s ]
SQL: SHOW COLUMNS FROM `ds_user_address` [ RunTime:0.0051s ]
SQL: SELECT * FROM `ds_user_address` WHERE ( parent_id=0 )  [ RunTime:0.0319s ]
INFO: [ view_parse ] --START--
INFO: [ template_filter ] --START--
INFO: Run Behavior\ContentReplaceBehavior [ RunTime:0.000372s ]
INFO: [ template_filter ] --END-- [ RunTime:0.000952s ]
NOTIC: [8] Undefined variable: res F:\dianshang\Application\Runtime\Cache\Home\5150cbd0c765e856e2eb1f20d0b54fcd.php 第 9 行.
NOTIC: [8] Undefined index: pay_id F:\dianshang\Application\Runtime\Cache\Home\5150cbd0c765e856e2eb1f20d0b54fcd.php 第 34 行.
NOTIC: [8] Undefined index: pay_name F:\dianshang\Application\Runtime\Cache\Home\5150cbd0c765e856e2eb1f20d0b54fcd.php 第 34 行.
NOTIC: [8] Undefined index: pay_id F:\dianshang\Application\Runtime\Cache\Home\5150cbd0c765e856e2eb1f20d0b54fcd.php 第 34 行.
NOTIC: [8] Undefined index: pay_name F:\dianshang\Application\Runtime\Cache\Home\5150cbd0c765e856e2eb1f20d0b54fcd.php 第 34 行.
NOTIC: [8] Undefined index: pay_id F:\dianshang\Application\Runtime\Cache\Home\5150cbd0c765e856e2eb1f20d0b54fcd.php 第 34 行.
NOTIC: [8] Undefined index: pay_name F:\dianshang\Application\Runtime\Cache\Home\5150cbd0c765e856e2eb1f20d0b54fcd.php 第 34 行.
NOTIC: [8] Undefined index: pay_id F:\dianshang\Application\Runtime\Cache\Home\5150cbd0c765e856e2eb1f20d0b54fcd.php 第 34 行.
NOTIC: [8] Undefined index: pay_name F:\dianshang\Application\Runtime\Cache\Home\5150cbd0c765e856e2eb1f20d0b54fcd.php 第 34 行.
NOTIC: [8] Undefined index: pay_id F:\dianshang\Application\Runtime\Cache\Home\5150cbd0c765e856e2eb1f20d0b54fcd.php 第 34 行.
NOTIC: [8] Undefined index: pay_name F:\dianshang\Application\Runtime\Cache\Home\5150cbd0c765e856e2eb1f20d0b54fcd.php 第 34 行.
INFO: Run Behavior\ParseTemplateBehavior [ RunTime:0.061933s ]
INFO: [ view_parse ] --END-- [ RunTime:0.062549s ]
INFO: [ view_filter ] --START--
INFO: Run Behavior\WriteHtmlCacheBehavior [ RunTime:0.002088s ]
INFO: [ view_filter ] --END-- [ RunTime:0.002644s ]
INFO: [ app_end ] --START--
INFO: Run Behavior\ShowPageTraceBehavior [ RunTime:0.003357s ]
INFO: [ app_end ] --END-- [ RunTime:0.004123s ]

[ 2018-05-03T11:29:31+08:00 ] ::1 /index.php/Home/Goods/order
INFO: [ app_init ] --START--
INFO: Run Behavior\BuildLiteBehavior [ RunTime:0.000144s ]
INFO: [ app_init ] --END-- [ RunTime:0.004089s ]
INFO: [ app_begin ] --START--
INFO: Run Behavior\ReadHtmlCacheBehavior [ RunTime:0.004428s ]
INFO: [ app_begin ] --END-- [ RunTime:0.005177s ]
SQL: SHOW COLUMNS FROM `ds_shipping` [ RunTime:0.0049s ]
SQL: SELECT * FROM `ds_shipping`  [ RunTime:0.0014s ]
SQL: SHOW COLUMNS FROM `ds_pay` [ RunTime:0.0067s ]
SQL: SELECT * FROM `ds_pay`  [ RunTime:0.0011s ]
SQL: SHOW COLUMNS FROM `ds_user_address` [ RunTime:0.0065s ]
SQL: SELECT * FROM `ds_user_address` WHERE ( parent_id=0 )  [ RunTime:0.0013s ]
INFO: [ view_parse ] --START--
INFO: [ template_filter ] --START--
INFO: Run Behavior\ContentReplaceBehavior [ RunTime:0.000782s ]
INFO: [ template_filter ] --END-- [ RunTime:0.001618s ]
NOTIC: [8] Undefined variable: res F:\dianshang\Application\Runtime\Cache\Home\5150cbd0c765e856e2eb1f20d0b54fcd.php 第 9 行.
INFO: Run Behavior\ParseTemplateBehavior [ RunTime:0.070919s ]
INFO: [ view_parse ] --END-- [ RunTime:0.071584s ]
INFO: [ view_filter ] --START--
INFO: Run Behavior\WriteHtmlCacheBehavior [ RunTime:0.002378s ]
INFO: [ view_filter ] --END-- [ RunTime:0.002947s ]
INFO: [ app_end ] --START--
INFO: Run Behavior\ShowPageTraceBehavior [ RunTime:0.003414s ]
INFO: [ app_end ] --END-- [ RunTime:0.010030s ]

[ 2018-05-03T11:30:19+08:00 ] ::1 /index.php/Home/Goods/order
INFO: [ app_init ] --START--
INFO: Run Behavior\BuildLiteBehavior [ RunTime:0.000132s ]
INFO: [ app_init ] --END-- [ RunTime:0.013349s ]
INFO: [ app_begin ] --START--
INFO: Run Behavior\ReadHtmlCacheBehavior [ RunTime:0.007087s ]
INFO: [ app_begin ] --END-- [ RunTime:0.007899s ]
SQL: SHOW COLUMNS FROM `ds_shipping` [ RunTime:0.0019s ]
SQL: SELECT * FROM `ds_shipping`  [ RunTime:0.0012s ]
SQL: SHOW COLUMNS FROM `ds_pay` [ RunTime:0.0022s ]
SQL: SELECT * FROM `ds_pay`  [ RunTime:0.0010s ]
SQL: SHOW COLUMNS FROM `ds_user_address` [ RunTime:0.0019s ]
SQL: SELECT * FROM `ds_user_address` WHERE ( parent_id=0 )  [ RunTime:0.0013s ]
INFO: [ view_parse ] --START--
INFO: [ template_filter ] --START--
INFO: Run Behavior\ContentReplaceBehavior [ RunTime:0.000400s ]
INFO: [ template_filter ] --END-- [ RunTime:0.001052s ]
NOTIC: [8] Undefined variable: res F:\dianshang\Application\Runtime\Cache\Home\5150cbd0c765e856e2eb1f20d0b54fcd.php 第 9 行.
INFO: Run Behavior\ParseTemplateBehavior [ RunTime:0.064445s ]
INFO: [ view_parse ] --END-- [ RunTime:0.065146s ]
INFO: [ view_filter ] --START--
INFO: Run Behavior\WriteHtmlCacheBehavior [ RunTime:0.002050s ]
INFO: [ view_filter ] --END-- [ RunTime:0.002628s ]
INFO: [ app_end ] --START--
INFO: Run Behavior\ShowPageTraceBehavior [ RunTime:0.004799s ]
INFO: [ app_end ] --END-- [ RunTime:0.005434s ]

[ 2018-05-03T11:30:56+08:00 ] ::1 /index.php/Home/Goods/order
INFO: [ app_init ] --START--
INFO: Run Behavior\BuildLiteBehavior [ RunTime:0.000126s ]
INFO: [ app_init ] --END-- [ RunTime:0.002770s ]
INFO: [ app_begin ] --START--
INFO: Run Behavior\ReadHtmlCacheBehavior [ RunTime:0.002913s ]
INFO: [ app_begin ] --END-- [ RunTime:0.003563s ]
SQL: SHOW COLUMNS FROM `ds_shipping` [ RunTime:0.0047s ]
SQL: SELECT * FROM `ds_shipping`  [ RunTime:0.0009s ]
SQL: SHOW COLUMNS FROM `ds_pay` [ RunTime:0.0039s ]
SQL: SELECT * FROM `ds_pay`  [ RunTime:0.0012s ]
SQL: SHOW COLUMNS FROM `ds_user_address` [ RunTime:0.0057s ]
SQL: SELECT * FROM `ds_user_address` WHERE ( parent_id=0 )  [ RunTime:0.0014s ]
INFO: [ view_parse ] --START--
INFO: [ template_filter ] --START--
INFO: Run Behavior\ContentReplaceBehavior [ RunTime:0.001236s ]
INFO: [ template_filter ] --END-- [ RunTime:0.002444s ]
NOTIC: [8] Undefined variable: res F:\dianshang\Application\Runtime\Cache\Home\5150cbd0c765e856e2eb1f20d0b54fcd.php 第 9 行.
INFO: Run Behavior\ParseTemplateBehavior [ RunTime:0.079009s ]
INFO: [ view_parse ] --END-- [ RunTime:0.079720s ]
INFO: [ view_filter ] --START--
INFO: Run Behavior\WriteHtmlCacheBehavior [ RunTime:0.002064s ]
INFO: [ view_filter ] --END-- [ RunTime:0.002732s ]
INFO: [ app_end ] --START--
INFO: Run Behavior\ShowPageTraceBehavior [ RunTime:0.003555s ]
INFO: [ app_end ] --END-- [ RunTime:0.004307s ]

[ 2018-05-03T11:53:47+08:00 ] ::1 /index.php/Home/Goods/order
INFO: [ app_init ] --START--
INFO: Run Behavior\BuildLiteBehavior [ RunTime:0.000183s ]
INFO: [ app_init ] --END-- [ RunTime:0.012093s ]
INFO: [ app_begin ] --START--
INFO: Run Behavior\ReadHtmlCacheBehavior [ RunTime:0.016754s ]
INFO: [ app_begin ] --END-- [ RunTime:0.017706s ]

[ 2018-05-03T11:54:24+08:00 ] ::1 /index.php/Home/Goods/order
INFO: [ app_init ] --START--
INFO: Run Behavior\BuildLiteBehavior [ RunTime:0.000145s ]
INFO: [ app_init ] --END-- [ RunTime:0.003051s ]
INFO: [ app_begin ] --START--
INFO: Run Behavior\ReadHtmlCacheBehavior [ RunTime:0.005174s ]
INFO: [ app_begin ] --END-- [ RunTime:0.005979s ]

[ 2018-05-03T11:54:26+08:00 ] ::1 /index.php/Home/Goods/order
INFO: [ app_init ] --START--
INFO: Run Behavior\BuildLiteBehavior [ RunTime:0.000235s ]
INFO: [ app_init ] --END-- [ RunTime:0.004006s ]
INFO: [ app_begin ] --START--
INFO: Run Behavior\ReadHtmlCacheBehavior [ RunTime:0.012634s ]
INFO: [ app_begin ] --END-- [ RunTime:0.014030s ]

[ 2018-05-03T11:55:39+08:00 ] ::1 /index.php/Home/Goods/order
INFO: [ app_init ] --START--
INFO: Run Behavior\BuildLiteBehavior [ RunTime:0.000302s ]
INFO: [ app_init ] --END-- [ RunTime:0.002954s ]
INFO: [ app_begin ] --START--
INFO: Run Behavior\ReadHtmlCacheBehavior [ RunTime:0.002570s ]
INFO: [ app_begin ] --END-- [ RunTime:0.003216s ]
SQL: SHOW COLUMNS FROM `ds_shipping` [ RunTime:0.0073s ]
SQL: SELECT * FROM `ds_shipping`  [ RunTime:0.0012s ]
SQL: SHOW COLUMNS FROM `ds_pay` [ RunTime:0.0054s ]
SQL: SELECT * FROM `ds_pay`  [ RunTime:0.0010s ]
SQL: SHOW COLUMNS FROM `ds_user_address` [ RunTime:0.0050s ]
SQL: SELECT * FROM `ds_user_address` WHERE ( parent_id=0 )  [ RunTime:0.0016s ]
INFO: [ view_parse ] --START--
INFO: [ template_filter ] --START--
INFO: Run Behavior\ContentReplaceBehavior [ RunTime:0.003274s ]
INFO: [ template_filter ] --END-- [ RunTime:0.005999s ]
NOTIC: [8] Undefined variable: res F:\dianshang\Application\Runtime\Cache\Home\5150cbd0c765e856e2eb1f20d0b54fcd.php 第 9 行.
INFO: Run Behavior\ParseTemplateBehavior [ RunTime:0.184106s ]
INFO: [ view_parse ] --END-- [ RunTime:0.184815s ]
INFO: [ view_filter ] --START--
INFO: Run Behavior\WriteHtmlCacheBehavior [ RunTime:0.035539s ]
INFO: [ view_filter ] --END-- [ RunTime:0.036188s ]
INFO: [ app_end ] --START--
INFO: Run Behavior\ShowPageTraceBehavior [ RunTime:0.003876s ]
INFO: [ app_end ] --END-- [ RunTime:0.004509s ]

[ 2018-05-03T11:55:45+08:00 ] ::1 /index.php/Home/Goods/dong.html
INFO: [ app_init ] --START--
INFO: Run Behavior\BuildLiteBehavior [ RunTime:0.000153s ]
INFO: [ app_init ] --END-- [ RunTime:0.002821s ]
INFO: [ app_begin ] --START--
INFO: Run Behavior\ReadHtmlCacheBehavior [ RunTime:0.012455s ]
INFO: [ app_begin ] --END-- [ RunTime:0.013201s ]
SQL: SHOW COLUMNS FROM `ds_user_address` [ RunTime:0.0063s ]
ERR: SQLSTATE[42S22]: Column not found: 1054 Unknown column '1type' in 'where clause'

[ 2018-05-03T11:55:57+08:00 ] ::1 /index.php/Home/Goods/order
INFO: [ app_init ] --START--
INFO: Run Behavior\BuildLiteBehavior [ RunTime:0.000402s ]
INFO: [ app_init ] --END-- [ RunTime:0.008216s ]
INFO: [ app_begin ] --START--
INFO: Run Behavior\ReadHtmlCacheBehavior [ RunTime:0.047078s ]
INFO: [ app_begin ] --END-- [ RunTime:0.050088s ]
SQL: SHOW COLUMNS FROM `ds_shipping` [ RunTime:0.0062s ]
SQL: SELECT * FROM `ds_shipping`  [ RunTime:0.0014s ]
SQL: SHOW COLUMNS FROM `ds_pay` [ RunTime:0.0067s ]
SQL: SELECT * FROM `ds_pay`  [ RunTime:0.0011s ]
SQL: SHOW COLUMNS FROM `ds_user_address` [ RunTime:0.0072s ]
SQL: SELECT * FROM `ds_user_address` WHERE ( parent_id=0 )  [ RunTime:0.0013s ]
INFO: [ view_parse ] --START--
INFO: [ template_filter ] --START--
INFO: Run Behavior\ContentReplaceBehavior [ RunTime:0.000768s ]
INFO: [ template_filter ] --END-- [ RunTime:0.001611s ]
NOTIC: [8] Undefined variable: res F:\dianshang\Application\Runtime\Cache\Home\5150cbd0c765e856e2eb1f20d0b54fcd.php 第 9 行.
INFO: Run Behavior\ParseTemplateBehavior [ RunTime:0.201251s ]
INFO: [ view_parse ] --END-- [ RunTime:0.202029s ]
INFO: [ view_filter ] --START--
INFO: Run Behavior\WriteHtmlCacheBehavior [ RunTime:0.004150s ]
INFO: [ view_filter ] --END-- [ RunTime:0.005172s ]
INFO: [ app_end ] --START--
INFO: Run Behavior\ShowPageTraceBehavior [ RunTime:0.012451s ]
INFO: [ app_end ] --END-- [ RunTime:0.013533s ]

[ 2018-05-03T11:56:05+08:00 ] ::1 /index.php/Home/Goods/dong.html
INFO: [ app_init ] --START--
INFO: Run Behavior\BuildLiteBehavior [ RunTime:0.000175s ]
INFO: [ app_init ] --END-- [ RunTime:0.005944s ]
INFO: [ app_begin ] --START--
INFO: Run Behavior\ReadHtmlCacheBehavior [ RunTime:0.003845s ]
INFO: [ app_begin ] --END-- [ RunTime:0.004465s ]
SQL: SHOW COLUMNS FROM `ds_user_address` [ RunTime:0.0058s ]
ERR: SQLSTATE[42S22]: Column not found: 1054 Unknown column '1type' in 'where clause'

[ 2018-05-03T11:59:05+08:00 ] ::1 /index.php/Home/Goods/order
INFO: [ app_init ] --START--
INFO: Run Behavior\BuildLiteBehavior [ RunTime:0.000123s ]
INFO: [ app_init ] --END-- [ RunTime:0.004055s ]
INFO: [ app_begin ] --START--
INFO: Run Behavior\ReadHtmlCacheBehavior [ RunTime:0.002552s ]
INFO: [ app_begin ] --END-- [ RunTime:0.003138s ]
SQL: SHOW COLUMNS FROM `ds_shipping` [ RunTime:0.0059s ]
SQL: SELECT * FROM `ds_shipping`  [ RunTime:0.0016s ]
SQL: SHOW COLUMNS FROM `ds_pay` [ RunTime:0.0051s ]
SQL: SELECT * FROM `ds_pay`  [ RunTime:0.0013s ]
SQL: SHOW COLUMNS FROM `ds_user_address` [ RunTime:0.0023s ]
SQL: SELECT * FROM `ds_user_address` WHERE ( parent_id=0 )  [ RunTime:0.0013s ]
INFO: [ view_parse ] --START--
INFO: [ template_filter ] --START--
INFO: Run Behavior\ContentReplaceBehavior [ RunTime:0.000752s ]
INFO: [ template_filter ] --END-- [ RunTime:0.001375s ]
NOTIC: [8] Undefined variable: res F:\dianshang\Application\Runtime\Cache\Home\5150cbd0c765e856e2eb1f20d0b54fcd.php 第 9 行.
INFO: Run Behavior\ParseTemplateBehavior [ RunTime:0.065218s ]
INFO: [ view_parse ] --END-- [ RunTime:0.065823s ]
INFO: [ view_filter ] --START--
INFO: Run Behavior\WriteHtmlCacheBehavior [ RunTime:0.002173s ]
INFO: [ view_filter ] --END-- [ RunTime:0.002747s ]
INFO: [ app_end ] --START--
INFO: Run Behavior\ShowPageTraceBehavior [ RunTime:0.003709s ]
INFO: [ app_end ] --END-- [ RunTime:0.004506s ]

[ 2018-05-03T11:59:07+08:00 ] ::1 /index.php/Home/Goods/dong.html
INFO: [ app_init ] --START--
INFO: Run Behavior\BuildLiteBehavior [ RunTime:0.000137s ]
INFO: [ app_init ] --END-- [ RunTime:0.002314s ]
INFO: [ app_begin ] --START--
INFO: Run Behavior\ReadHtmlCacheBehavior [ RunTime:0.003261s ]
INFO: [ app_begin ] --END-- [ RunTime:0.006219s ]
SQL: SHOW COLUMNS FROM `ds_user_address` [ RunTime:0.0043s ]
SQL: SELECT * FROM `ds_user_address` WHERE ( parent_id=1 )  [ RunTime:0.0025s ]
INFO: [ app_end ] --START--
INFO: Run Behavior\ShowPageTraceBehavior [ RunTime:0.002948s ]
INFO: [ app_end ] --END-- [ RunTime:0.003561s ]

[ 2018-05-03T11:59:10+08:00 ] ::1 /index.php/Home/Goods/dong.html
INFO: [ app_init ] --START--
INFO: Run Behavior\BuildLiteBehavior [ RunTime:0.000157s ]
INFO: [ app_init ] --END-- [ RunTime:0.013790s ]
INFO: [ app_begin ] --START--
INFO: Run Behavior\ReadHtmlCacheBehavior [ RunTime:0.035403s ]
INFO: [ app_begin ] --END-- [ RunTime:0.036194s ]
SQL: SHOW COLUMNS FROM `ds_user_address` [ RunTime:0.0057s ]
ERR: SQLSTATE[42000]: Syntax error or access violation: 1064 You have an error in your SQL syntax; check the manual that corresponds to your MySQL server version for the right syntax to use near ')' at line 1

[ 2018-05-03T11:59:36+08:00 ] ::1 /index.php/Home/Goods/order
INFO: [ app_init ] --START--
INFO: Run Behavior\BuildLiteBehavior [ RunTime:0.000161s ]
INFO: [ app_init ] --END-- [ RunTime:0.007730s ]
INFO: [ app_begin ] --START--
INFO: Run Behavior\ReadHtmlCacheBehavior [ RunTime:0.005693s ]
INFO: [ app_begin ] --END-- [ RunTime:0.006494s ]
SQL: SHOW COLUMNS FROM `ds_shipping` [ RunTime:0.0073s ]
SQL: SELECT * FROM `ds_shipping`  [ RunTime:0.0011s ]
SQL: SHOW COLUMNS FROM `ds_pay` [ RunTime:0.0064s ]
SQL: SELECT * FROM `ds_pay`  [ RunTime:0.0011s ]
SQL: SHOW COLUMNS FROM `ds_user_address` [ RunTime:0.0051s ]
SQL: SELECT * FROM `ds_user_address` WHERE ( parent_id=0 )  [ RunTime:0.0014s ]
INFO: [ view_parse ] --START--
INFO: [ template_filter ] --START--
INFO: Run Behavior\ContentReplaceBehavior [ RunTime:0.000755s ]
INFO: [ template_filter ] --END-- [ RunTime:0.001507s ]
NOTIC: [8] Undefined variable: res F:\dianshang\Application\Runtime\Cache\Home\5150cbd0c765e856e2eb1f20d0b54fcd.php 第 9 行.
INFO: Run Behavior\ParseTemplateBehavior [ RunTime:0.082358s ]
INFO: [ view_parse ] --END-- [ RunTime:0.083249s ]
INFO: [ view_filter ] --START--
INFO: Run Behavior\WriteHtmlCacheBehavior [ RunTime:0.002881s ]
INFO: [ view_filter ] --END-- [ RunTime:0.003497s ]
INFO: [ app_end ] --START--
INFO: Run Behavior\ShowPageTraceBehavior [ RunTime:0.003340s ]
INFO: [ app_end ] --END-- [ RunTime:0.004174s ]

[ 2018-05-03T11:59:38+08:00 ] ::1 /index.php/Home/Goods/dong.html
INFO: [ app_init ] --START--
INFO: Run Behavior\BuildLiteBehavior [ RunTime:0.000247s ]
INFO: [ app_init ] --END-- [ RunTime:0.009466s ]
INFO: [ app_begin ] --START--
INFO: Run Behavior\ReadHtmlCacheBehavior [ RunTime:0.008507s ]
INFO: [ app_begin ] --END-- [ RunTime:0.009886s ]
SQL: SHOW COLUMNS FROM `ds_user_address` [ RunTime:0.0072s ]
SQL: SELECT * FROM `ds_user_address` WHERE ( parent_id=1 )  [ RunTime:0.0032s ]
INFO: [ app_end ] --START--
INFO: Run Behavior\ShowPageTraceBehavior [ RunTime:0.004223s ]
INFO: [ app_end ] --END-- [ RunTime:0.005041s ]

[ 2018-05-03T11:59:45+08:00 ] ::1 /index.php/Home/Goods/dong.html
INFO: [ app_init ] --START--
INFO: Run Behavior\BuildLiteBehavior [ RunTime:0.000150s ]
INFO: [ app_init ] --END-- [ RunTime:0.007541s ]
INFO: [ app_begin ] --START--
INFO: Run Behavior\ReadHtmlCacheBehavior [ RunTime:0.024325s ]
INFO: [ app_begin ] --END-- [ RunTime:0.027725s ]
SQL: SHOW COLUMNS FROM `ds_user_address` [ RunTime:0.0050s ]
SQL: SELECT * FROM `ds_user_address` WHERE ( parent_id=4 )  [ RunTime:0.0016s ]
INFO: [ app_end ] --START--
INFO: Run Behavior\ShowPageTraceBehavior [ RunTime:0.003244s ]
INFO: [ app_end ] --END-- [ RunTime:0.003850s ]

[ 2018-05-03T12:04:26+08:00 ] ::1 /index.php/Home/Goods/order
INFO: [ app_init ] --START--
INFO: Run Behavior\BuildLiteBehavior [ RunTime:0.000159s ]
INFO: [ app_init ] --END-- [ RunTime:0.006770s ]
INFO: [ app_begin ] --START--
INFO: Run Behavior\ReadHtmlCacheBehavior [ RunTime:0.005020s ]
INFO: [ app_begin ] --END-- [ RunTime:0.007112s ]
SQL: SHOW COLUMNS FROM `ds_shipping` [ RunTime:0.0053s ]
SQL: SELECT * FROM `ds_shipping`  [ RunTime:0.0029s ]
SQL: SHOW COLUMNS FROM `ds_pay` [ RunTime:0.0056s ]
SQL: SELECT * FROM `ds_pay`  [ RunTime:0.0011s ]
SQL: SHOW COLUMNS FROM `ds_user_address` [ RunTime:0.0052s ]
SQL: SELECT * FROM `ds_user_address` WHERE ( parent_id=0 )  [ RunTime:0.0016s ]
INFO: [ view_parse ] --START--
INFO: [ template_filter ] --START--
INFO: Run Behavior\ContentReplaceBehavior [ RunTime:0.001421s ]
INFO: [ template_filter ] --END-- [ RunTime:0.002184s ]
NOTIC: [8] Undefined variable: res F:\dianshang\Application\Runtime\Cache\Home\5150cbd0c765e856e2eb1f20d0b54fcd.php 第 9 行.
INFO: Run Behavior\ParseTemplateBehavior [ RunTime:0.075190s ]
INFO: [ view_parse ] --END-- [ RunTime:0.076009s ]
INFO: [ view_filter ] --START--
INFO: Run Behavior\WriteHtmlCacheBehavior [ RunTime:0.002367s ]
INFO: [ view_filter ] --END-- [ RunTime:0.003060s ]
INFO: [ app_end ] --START--
INFO: Run Behavior\ShowPageTraceBehavior [ RunTime:0.003568s ]
INFO: [ app_end ] --END-- [ RunTime:0.004303s ]

[ 2018-05-03T12:04:27+08:00 ] ::1 /index.php/Home/Goods/dong.html
INFO: [ app_init ] --START--
INFO: Run Behavior\BuildLiteBehavior [ RunTime:0.000154s ]
INFO: [ app_init ] --END-- [ RunTime:0.004033s ]
INFO: [ app_begin ] --START--
INFO: Run Behavior\ReadHtmlCacheBehavior [ RunTime:0.002597s ]
INFO: [ app_begin ] --END-- [ RunTime:0.003201s ]
SQL: SHOW COLUMNS FROM `ds_user_address` [ RunTime:0.0026s ]
SQL: SELECT * FROM `ds_user_address` WHERE ( parent_id=1 )  [ RunTime:0.0027s ]
INFO: [ app_end ] --START--
INFO: Run Behavior\ShowPageTraceBehavior [ RunTime:0.003022s ]
INFO: [ app_end ] --END-- [ RunTime:0.003716s ]

[ 2018-05-03T12:04:30+08:00 ] ::1 /index.php/Home/Goods/dong.html
INFO: [ app_init ] --START--
INFO: Run Behavior\BuildLiteBehavior [ RunTime:0.000185s ]
INFO: [ app_init ] --END-- [ RunTime:0.003307s ]
INFO: [ app_begin ] --START--
INFO: Run Behavior\ReadHtmlCacheBehavior [ RunTime:0.003422s ]
INFO: [ app_begin ] --END-- [ RunTime:0.004234s ]
SQL: SHOW COLUMNS FROM `ds_user_address` [ RunTime:0.0038s ]
SQL: SELECT * FROM `ds_user_address` WHERE ( parent_id=4 )  [ RunTime:0.0022s ]
INFO: [ app_end ] --START--
INFO: Run Behavior\ShowPageTraceBehavior [ RunTime:0.003680s ]
INFO: [ app_end ] --END-- [ RunTime:0.004497s ]

[ 2018-05-03T12:04:35+08:00 ] ::1 /index.php/Home/Goods/dong.html
INFO: [ app_init ] --START--
INFO: Run Behavior\BuildLiteBehavior [ RunTime:0.000189s ]
INFO: [ app_init ] --END-- [ RunTime:0.003413s ]
INFO: [ app_begin ] --START--
INFO: Run Behavior\ReadHtmlCacheBehavior [ RunTime:0.004330s ]
INFO: [ app_begin ] --END-- [ RunTime:0.005227s ]
SQL: SHOW COLUMNS FROM `ds_user_address` [ RunTime:0.0027s ]
SQL: SELECT * FROM `ds_user_address` WHERE ( parent_id=40 )  [ RunTime:0.0091s ]
INFO: [ app_end ] --START--
INFO: Run Behavior\ShowPageTraceBehavior [ RunTime:0.003951s ]
INFO: [ app_end ] --END-- [ RunTime:0.004736s ]

[ 2018-05-03T12:04:39+08:00 ] ::1 /index.php/Home/Goods/dong.html
INFO: [ app_init ] --START--
INFO: Run Behavior\BuildLiteBehavior [ RunTime:0.000203s ]
INFO: [ app_init ] --END-- [ RunTime:0.004703s ]
INFO: [ app_begin ] --START--
INFO: Run Behavior\ReadHtmlCacheBehavior [ RunTime:0.004800s ]
INFO: [ app_begin ] --END-- [ RunTime:0.005634s ]
SQL: SHOW COLUMNS FROM `ds_user_address` [ RunTime:0.0024s ]
SQL: SELECT * FROM `ds_user_address` WHERE ( parent_id=467 )  [ RunTime:0.0181s ]
NOTIC: [8] Undefined variable: ji F:\dianshang\Application\Home\Controller\GoodsController.class.php 第 111 行.
NOTIC: [8] Undefined variable: name F:\dianshang\Application\Home\Controller\GoodsController.class.php 第 111 行.
INFO: [ app_end ] --START--
INFO: Run Behavior\ShowPageTraceBehavior [ RunTime:0.002936s ]
INFO: [ app_end ] --END-- [ RunTime:0.003669s ]

[ 2018-05-03T12:04:43+08:00 ] ::1 /index.php/Home/Goods/dong.html
INFO: [ app_init ] --START--
INFO: Run Behavior\BuildLiteBehavior [ RunTime:0.000158s ]
INFO: [ app_init ] --END-- [ RunTime:0.002961s ]
INFO: [ app_begin ] --START--
INFO: Run Behavior\ReadHtmlCacheBehavior [ RunTime:0.002976s ]
INFO: [ app_begin ] --END-- [ RunTime:0.003845s ]
SQL: SHOW COLUMNS FROM `ds_user_address` [ RunTime:0.0023s ]
SQL: SELECT * FROM `ds_user_address` WHERE ( parent_id=469 )  [ RunTime:0.0013s ]
NOTIC: [8] Undefined variable: ji F:\dianshang\Application\Home\Controller\GoodsController.class.php 第 111 行.
NOTIC: [8] Undefined variable: name F:\dianshang\Application\Home\Controller\GoodsController.class.php 第 111 行.
INFO: [ app_end ] --START--
INFO: Run Behavior\ShowPageTraceBehavior [ RunTime:0.003184s ]
INFO: [ app_end ] --END-- [ RunTime:0.003832s ]

[ 2018-05-03T12:04:47+08:00 ] ::1 /index.php/Home/Goods/dong.html
INFO: [ app_init ] --START--
INFO: Run Behavior\BuildLiteBehavior [ RunTime:0.000198s ]
INFO: [ app_init ] --END-- [ RunTime:0.006210s ]
INFO: [ app_begin ] --START--
INFO: Run Behavior\ReadHtmlCacheBehavior [ RunTime:0.004327s ]
INFO: [ app_begin ] --END-- [ RunTime:0.005655s ]
SQL: SHOW COLUMNS FROM `ds_user_address` [ RunTime:0.0025s ]
SQL: SELECT * FROM `ds_user_address` WHERE ( parent_id=47 )  [ RunTime:0.0490s ]
INFO: [ app_end ] --START--
INFO: Run Behavior\ShowPageTraceBehavior [ RunTime:0.003482s ]
INFO: [ app_end ] --END-- [ RunTime:0.004246s ]

[ 2018-05-03T12:04:50+08:00 ] ::1 /index.php/Home/Goods/dong.html
INFO: [ app_init ] --START--
INFO: Run Behavior\BuildLiteBehavior [ RunTime:0.000229s ]
INFO: [ app_init ] --END-- [ RunTime:0.008565s ]
INFO: [ app_begin ] --START--
INFO: Run Behavior\ReadHtmlCacheBehavior [ RunTime:0.004376s ]
INFO: [ app_begin ] --END-- [ RunTime:0.005159s ]
SQL: SHOW COLUMNS FROM `ds_user_address` [ RunTime:0.0025s ]
SQL: SELECT * FROM `ds_user_address` WHERE ( parent_id=589 )  [ RunTime:0.0014s ]
NOTIC: [8] Undefined variable: ji F:\dianshang\Application\Home\Controller\GoodsController.class.php 第 111 行.
NOTIC: [8] Undefined variable: name F:\dianshang\Application\Home\Controller\GoodsController.class.php 第 111 行.
INFO: [ app_end ] --START--
INFO: Run Behavior\ShowPageTraceBehavior [ RunTime:0.003832s ]
INFO: [ app_end ] --END-- [ RunTime:0.004598s ]

[ 2018-05-03T12:04:54+08:00 ] ::1 /index.php/Home/Goods/order
INFO: [ app_init ] --START--
INFO: Run Behavior\BuildLiteBehavior [ RunTime:0.000166s ]
INFO: [ app_init ] --END-- [ RunTime:0.005460s ]
INFO: [ app_begin ] --START--
INFO: Run Behavior\ReadHtmlCacheBehavior [ RunTime:0.003854s ]
INFO: [ app_begin ] --END-- [ RunTime:0.004921s ]
SQL: SHOW COLUMNS FROM `ds_shipping` [ RunTime:0.0026s ]
SQL: SELECT * FROM `ds_shipping`  [ RunTime:0.0015s ]
SQL: SHOW COLUMNS FROM `ds_pay` [ RunTime:0.0024s ]
SQL: SELECT * FROM `ds_pay`  [ RunTime:0.0014s ]
SQL: SHOW COLUMNS FROM `ds_user_address` [ RunTime:0.0024s ]
SQL: SELECT * FROM `ds_user_address` WHERE ( parent_id=0 )  [ RunTime:0.0015s ]
INFO: [ view_parse ] --START--
INFO: [ template_filter ] --START--
INFO: Run Behavior\ContentReplaceBehavior [ RunTime:0.001037s ]
INFO: [ template_filter ] --END-- [ RunTime:0.002273s ]
NOTIC: [8] Undefined variable: res F:\dianshang\Application\Runtime\Cache\Home\5150cbd0c765e856e2eb1f20d0b54fcd.php 第 9 行.
INFO: Run Behavior\ParseTemplateBehavior [ RunTime:0.084404s ]
INFO: [ view_parse ] --END-- [ RunTime:0.085440s ]
INFO: [ view_filter ] --START--
INFO: Run Behavior\WriteHtmlCacheBehavior [ RunTime:0.002936s ]
INFO: [ view_filter ] --END-- [ RunTime:0.003769s ]
INFO: [ app_end ] --START--
INFO: Run Behavior\ShowPageTraceBehavior [ RunTime:0.002978s ]
INFO: [ app_end ] --END-- [ RunTime:0.003794s ]

[ 2018-05-03T14:04:18+08:00 ] ::1 /index.php/Home/Goods/dong.html
INFO: [ app_init ] --START--
INFO: Run Behavior\BuildLiteBehavior [ RunTime:0.000353s ]
INFO: [ app_init ] --END-- [ RunTime:0.012444s ]
INFO: [ app_begin ] --START--
INFO: Run Behavior\ReadHtmlCacheBehavior [ RunTime:0.011023s ]
INFO: [ app_begin ] --END-- [ RunTime:0.011783s ]
SQL: SHOW COLUMNS FROM `ds_user_address` [ RunTime:0.0027s ]
SQL: SELECT * FROM `ds_user_address` WHERE ( parent_id=1 )  [ RunTime:0.0028s ]
INFO: [ app_end ] --START--
INFO: Run Behavior\ShowPageTraceBehavior [ RunTime:0.004394s ]
INFO: [ app_end ] --END-- [ RunTime:0.005125s ]

[ 2018-05-03T14:05:14+08:00 ] ::1 /index.php/Home/Goods/dong.html
INFO: [ app_init ] --START--
INFO: Run Behavior\BuildLiteBehavior [ RunTime:0.000204s ]
INFO: [ app_init ] --END-- [ RunTime:0.003858s ]
INFO: [ app_begin ] --START--
INFO: Run Behavior\ReadHtmlCacheBehavior [ RunTime:0.008075s ]
INFO: [ app_begin ] --END-- [ RunTime:0.010554s ]
SQL: SHOW COLUMNS FROM `ds_user_address` [ RunTime:0.0032s ]
SQL: SELECT * FROM `ds_user_address` WHERE ( parent_id=4 )  [ RunTime:0.0028s ]
INFO: [ app_end ] --START--
INFO: Run Behavior\ShowPageTraceBehavior [ RunTime:0.004345s ]
INFO: [ app_end ] --END-- [ RunTime:0.005093s ]

[ 2018-05-03T14:05:17+08:00 ] ::1 /index.php/Home/Goods/dong.html
INFO: [ app_init ] --START--
INFO: Run Behavior\BuildLiteBehavior [ RunTime:0.000221s ]
INFO: [ app_init ] --END-- [ RunTime:0.007203s ]
INFO: [ app_begin ] --START--
INFO: Run Behavior\ReadHtmlCacheBehavior [ RunTime:0.009787s ]
INFO: [ app_begin ] --END-- [ RunTime:0.011344s ]
SQL: SHOW COLUMNS FROM `ds_user_address` [ RunTime:0.0025s ]
SQL: SELECT * FROM `ds_user_address` WHERE ( parent_id=43 )  [ RunTime:0.0023s ]
INFO: [ app_end ] --START--
INFO: Run Behavior\ShowPageTraceBehavior [ RunTime:0.003496s ]
INFO: [ app_end ] --END-- [ RunTime:0.004516s ]

[ 2018-05-03T14:05:20+08:00 ] ::1 /index.php/Home/Goods/dong.html
INFO: [ app_init ] --START--
INFO: Run Behavior\BuildLiteBehavior [ RunTime:0.000188s ]
INFO: [ app_init ] --END-- [ RunTime:0.003472s ]
INFO: [ app_begin ] --START--
INFO: Run Behavior\ReadHtmlCacheBehavior [ RunTime:0.003775s ]
INFO: [ app_begin ] --END-- [ RunTime:0.004605s ]
SQL: SHOW COLUMNS FROM `ds_user_address` [ RunTime:0.0024s ]
SQL: SELECT * FROM `ds_user_address` WHERE ( parent_id=39 )  [ RunTime:0.0020s ]
INFO: [ app_end ] --START--
INFO: Run Behavior\ShowPageTraceBehavior [ RunTime:0.003254s ]
INFO: [ app_end ] --END-- [ RunTime:0.003930s ]

[ 2018-05-03T14:05:27+08:00 ] ::1 /index.php/Home/Goods/dong.html
INFO: [ app_init ] --START--
INFO: Run Behavior\BuildLiteBehavior [ RunTime:0.000202s ]
INFO: [ app_init ] --END-- [ RunTime:0.007694s ]
INFO: [ app_begin ] --START--
INFO: Run Behavior\ReadHtmlCacheBehavior [ RunTime:0.008593s ]
INFO: [ app_begin ] --END-- [ RunTime:0.009841s ]
SQL: SHOW COLUMNS FROM `ds_user_address` [ RunTime:0.0025s ]
SQL: SELECT * FROM `ds_user_address` WHERE ( parent_id=443 )  [ RunTime:0.0014s ]
NOTIC: [8] Undefined variable: ji F:\dianshang\Application\Home\Controller\GoodsController.class.php 第 111 行.
NOTIC: [8] Undefined variable: name F:\dianshang\Application\Home\Controller\GoodsController.class.php 第 111 行.
INFO: [ app_end ] --START--
INFO: Run Behavior\ShowPageTraceBehavior [ RunTime:0.003218s ]
INFO: [ app_end ] --END-- [ RunTime:0.003882s ]

[ 2018-05-03T14:09:16+08:00 ] ::1 /index.php/Home/Goods/order
INFO: [ app_init ] --START--
INFO: Run Behavior\BuildLiteBehavior [ RunTime:0.006830s ]
INFO: [ app_init ] --END-- [ RunTime:0.011678s ]
INFO: [ app_begin ] --START--
INFO: Run Behavior\ReadHtmlCacheBehavior [ RunTime:0.013014s ]
INFO: [ app_begin ] --END-- [ RunTime:0.016124s ]
SQL: SHOW COLUMNS FROM `ds_shipping` [ RunTime:0.0071s ]
SQL: SELECT * FROM `ds_shipping`  [ RunTime:0.0013s ]
SQL: SHOW COLUMNS FROM `ds_pay` [ RunTime:0.0075s ]
SQL: SELECT * FROM `ds_pay`  [ RunTime:0.0015s ]
SQL: SHOW COLUMNS FROM `ds_user_address` [ RunTime:0.0036s ]
SQL: SELECT * FROM `ds_user_address` WHERE ( parent_id=0 )  [ RunTime:0.0019s ]
INFO: [ view_parse ] --START--
INFO: [ template_filter ] --START--
INFO: Run Behavior\ContentReplaceBehavior [ RunTime:0.000883s ]
INFO: [ template_filter ] --END-- [ RunTime:0.002047s ]
NOTIC: [8] Undefined variable: res F:\dianshang\Application\Runtime\Cache\Home\5150cbd0c765e856e2eb1f20d0b54fcd.php 第 9 行.
INFO: Run Behavior\ParseTemplateBehavior [ RunTime:0.158032s ]
INFO: [ view_parse ] --END-- [ RunTime:0.159978s ]
INFO: [ view_filter ] --START--
INFO: Run Behavior\WriteHtmlCacheBehavior [ RunTime:0.014680s ]
INFO: [ view_filter ] --END-- [ RunTime:0.015685s ]
INFO: [ app_end ] --START--
INFO: Run Behavior\ShowPageTraceBehavior [ RunTime:0.004203s ]
INFO: [ app_end ] --END-- [ RunTime:0.005076s ]

[ 2018-05-03T14:09:19+08:00 ] ::1 /index.php/Home/Goods/dong.html
INFO: [ app_init ] --START--
INFO: Run Behavior\BuildLiteBehavior [ RunTime:0.000194s ]
INFO: [ app_init ] --END-- [ RunTime:0.011172s ]
INFO: [ app_begin ] --START--
INFO: Run Behavior\ReadHtmlCacheBehavior [ RunTime:0.004116s ]
INFO: [ app_begin ] --END-- [ RunTime:0.004989s ]
SQL: SHOW COLUMNS FROM `ds_user_address` [ RunTime:0.0026s ]
SQL: SELECT * FROM `ds_user_address` WHERE ( parent_id=1 )  [ RunTime:0.0032s ]
INFO: [ app_end ] --START--
INFO: Run Behavior\ShowPageTraceBehavior [ RunTime:0.003634s ]
INFO: [ app_end ] --END-- [ RunTime:0.004448s ]

[ 2018-05-03T14:09:20+08:00 ] ::1 /index.php/Home/Goods/dong.html
INFO: [ app_init ] --START--
INFO: Run Behavior\BuildLiteBehavior [ RunTime:0.000212s ]
INFO: [ app_init ] --END-- [ RunTime:0.023331s ]
INFO: [ app_begin ] --START--
INFO: Run Behavior\ReadHtmlCacheBehavior [ RunTime:0.003758s ]
INFO: [ app_begin ] --END-- [ RunTime:0.004590s ]
SQL: SHOW COLUMNS FROM `ds_user_address` [ RunTime:0.0030s ]
SQL: SELECT * FROM `ds_user_address` WHERE ( parent_id=4 )  [ RunTime:0.0020s ]
INFO: [ app_end ] --START--
INFO: Run Behavior\ShowPageTraceBehavior [ RunTime:0.003940s ]
INFO: [ app_end ] --END-- [ RunTime:0.004752s ]

[ 2018-05-03T14:09:23+08:00 ] ::1 /index.php/Home/Goods/dong.html
INFO: [ app_init ] --START--
INFO: Run Behavior\BuildLiteBehavior [ RunTime:0.000387s ]
INFO: [ app_init ] --END-- [ RunTime:0.012597s ]
INFO: [ app_begin ] --START--
INFO: Run Behavior\ReadHtmlCacheBehavior [ RunTime:0.013826s ]
INFO: [ app_begin ] --END-- [ RunTime:0.016946s ]
SQL: SHOW COLUMNS FROM `ds_user_address` [ RunTime:0.0025s ]
SQL: SELECT * FROM `ds_user_address` WHERE ( parent_id=41 )  [ RunTime:0.0022s ]
INFO: [ app_end ] --START--
INFO: Run Behavior\ShowPageTraceBehavior [ RunTime:0.005545s ]
INFO: [ app_end ] --END-- [ RunTime:0.006313s ]

[ 2018-05-03T14:09:26+08:00 ] ::1 /index.php/Home/Goods/dong.html
INFO: [ app_init ] --START--
INFO: Run Behavior\BuildLiteBehavior [ RunTime:0.000299s ]
INFO: [ app_init ] --END-- [ RunTime:0.003420s ]
INFO: [ app_begin ] --START--
INFO: Run Behavior\ReadHtmlCacheBehavior [ RunTime:0.003323s ]
INFO: [ app_begin ] --END-- [ RunTime:0.004019s ]
SQL: SHOW COLUMNS FROM `ds_user_address` [ RunTime:0.0023s ]
SQL: SELECT * FROM `ds_user_address` WHERE ( parent_id=39 )  [ RunTime:0.0020s ]
INFO: [ app_end ] --START--
INFO: Run Behavior\ShowPageTraceBehavior [ RunTime:0.003125s ]
INFO: [ app_end ] --END-- [ RunTime:0.003788s ]

[ 2018-05-03T14:09:29+08:00 ] ::1 /index.php/Home/Goods/dong.html
INFO: [ app_init ] --START--
INFO: Run Behavior\BuildLiteBehavior [ RunTime:0.000200s ]
INFO: [ app_init ] --END-- [ RunTime:0.007350s ]
INFO: [ app_begin ] --START--
INFO: Run Behavior\ReadHtmlCacheBehavior [ RunTime:0.012555s ]
INFO: [ app_begin ] --END-- [ RunTime:0.013746s ]
SQL: SHOW COLUMNS FROM `ds_user_address` [ RunTime:0.0023s ]
SQL: SELECT * FROM `ds_user_address` WHERE ( parent_id=7 )  [ RunTime:0.0017s ]
INFO: [ app_end ] --START--
INFO: Run Behavior\ShowPageTraceBehavior [ RunTime:0.003104s ]
INFO: [ app_end ] --END-- [ RunTime:0.003773s ]

[ 2018-05-03T14:09:32+08:00 ] ::1 /index.php/Home/Goods/dong.html
INFO: [ app_init ] --START--
INFO: Run Behavior\BuildLiteBehavior [ RunTime:0.000344s ]
INFO: [ app_init ] --END-- [ RunTime:0.012402s ]
INFO: [ app_begin ] --START--
INFO: Run Behavior\ReadHtmlCacheBehavior [ RunTime:0.008879s ]
INFO: [ app_begin ] --END-- [ RunTime:0.010067s ]
SQL: SHOW COLUMNS FROM `ds_user_address` [ RunTime:0.0032s ]
SQL: SELECT * FROM `ds_user_address` WHERE ( parent_id=12 )  [ RunTime:0.0196s ]
INFO: [ app_end ] --START--
INFO: Run Behavior\ShowPageTraceBehavior [ RunTime:0.003962s ]
INFO: [ app_end ] --END-- [ RunTime:0.004969s ]

[ 2018-05-03T15:02:31+08:00 ] ::1 /index.php/Home/Goods/goodsdata/goods_id/1.html
INFO: [ app_init ] --START--
INFO: Run Behavior\BuildLiteBehavior [ RunTime:0.000244s ]
INFO: [ app_init ] --END-- [ RunTime:0.012000s ]
INFO: [ app_begin ] --START--
INFO: Run Behavior\ReadHtmlCacheBehavior [ RunTime:0.010852s ]
INFO: [ app_begin ] --END-- [ RunTime:0.011823s ]
SQL: SHOW COLUMNS FROM `ds_goods` [ RunTime:0.2459s ]
SQL: SELECT * FROM `ds_goods` INNER JOIN ds_brand on ds_goods.brand_id=ds_brand.brand_id  WHERE ( goods_id=1 ) LIMIT 1   [ RunTime:0.0178s ]
SQL: SHOW COLUMNS FROM `ds_goods_attr` [ RunTime:0.0067s ]
SQL: SELECT * FROM ds_goods_attr a INNER JOIN ds_attribute b on a.attr_id=b.attr_id  WHERE ( goods_id=1 ) ORDER BY a.attr_id  [ RunTime:0.0169s ]
SQL: SELECT * FROM ds_goods_attr a INNER JOIN ds_attribute b on a.attr_id=b.attr_id  WHERE ( goods_id=1 ) GROUP BY a.attr_id  [ RunTime:0.0184s ]
SQL: SHOW COLUMNS FROM `ds_goods_gallery` [ RunTime:0.0053s ]
SQL: SELECT * FROM `ds_goods_gallery` WHERE ( goods_id=1 )  [ RunTime:0.0016s ]
INFO: [ view_parse ] --START--
INFO: [ template_filter ] --START--
INFO: Run Behavior\ContentReplaceBehavior [ RunTime:0.006822s ]
INFO: [ template_filter ] --END-- [ RunTime:0.007734s ]
INFO: Run Behavior\ParseTemplateBehavior [ RunTime:0.170218s ]
INFO: [ view_parse ] --END-- [ RunTime:0.171187s ]
INFO: [ view_filter ] --START--
INFO: Run Behavior\WriteHtmlCacheBehavior [ RunTime:0.022135s ]
INFO: [ view_filter ] --END-- [ RunTime:0.022886s ]
INFO: [ app_end ] --START--
INFO: Run Behavior\ShowPageTraceBehavior [ RunTime:0.026984s ]
INFO: [ app_end ] --END-- [ RunTime:0.027772s ]

[ 2018-05-03T15:02:34+08:00 ] ::1 /index.php/Home/Goods/goodsdata/goods_id/shop.html?callback=jQuery111104707378210888873_1525330954304&_=1525330954305
INFO: [ app_init ] --START--
INFO: Run Behavior\BuildLiteBehavior [ RunTime:0.000152s ]
INFO: [ app_init ] --END-- [ RunTime:0.003660s ]
INFO: [ app_begin ] --START--
INFO: Run Behavior\ReadHtmlCacheBehavior [ RunTime:0.004027s ]
INFO: [ app_begin ] --END-- [ RunTime:0.004688s ]
SQL: SHOW COLUMNS FROM `ds_goods` [ RunTime:0.0087s ]
ERR: SQLSTATE[42S22]: Column not found: 1054 Unknown column 'shop' in 'where clause'

