[ 2018-04-23T15:20:00+08:00 ] ::1 /index.php/Admin/Index/index
INFO: [ app_init ] --START--
INFO: Run Behavior\BuildLiteBehavior [ RunTime:0.000184s ]
INFO: [ app_init ] --END-- [ RunTime:0.003527s ]
INFO: [ app_begin ] --START--
INFO: Run Behavior\ReadHtmlCacheBehavior [ RunTime:0.007850s ]
INFO: [ app_begin ] --END-- [ RunTime:0.011434s ]
INFO: [ view_parse ] --START--
INFO: [ template_filter ] --START--
INFO: Run Behavior\ContentReplaceBehavior [ RunTime:0.000522s ]
INFO: [ template_filter ] --END-- [ RunTime:0.001519s ]
INFO: Run Behavior\ParseTemplateBehavior [ RunTime:0.089578s ]
INFO: [ view_parse ] --END-- [ RunTime:0.090525s ]
INFO: [ view_filter ] --START--
INFO: Run Behavior\WriteHtmlCacheBehavior [ RunTime:0.002985s ]
INFO: [ view_filter ] --END-- [ RunTime:0.003956s ]
INFO: [ view_parse ] --START--
INFO: [ template_filter ] --START--
INFO: Run Behavior\ContentReplaceBehavior [ RunTime:0.001152s ]
INFO: [ template_filter ] --END-- [ RunTime:-0.048659s ]
INFO: Run Behavior\ParseTemplateBehavior [ RunTime:0.037848s ]
INFO: [ view_parse ] --END-- [ RunTime:-0.008077s ]
INFO: [ view_filter ] --START--
INFO: Run Behavior\WriteHtmlCacheBehavior [ RunTime:0.000245s ]
INFO: [ view_filter ] --END-- [ RunTime:-0.042875s ]
INFO: [ app_end ] --START--
INFO: Run Behavior\ShowPageTraceBehavior [ RunTime:0.004241s ]
INFO: [ app_end ] --END-- [ RunTime:0.006324s ]

[ 2018-04-23T15:20:00+08:00 ] ::1 /index.php/Admin/Index/__ADMIN__lib/layui/layui.js
INFO: [ app_init ] --START--
INFO: Run Behavior\BuildLiteBehavior [ RunTime:0.000185s ]
INFO: [ app_init ] --END-- [ RunTime:0.003565s ]
INFO: [ app_begin ] --START--
INFO: Run Behavior\ReadHtmlCacheBehavior [ RunTime:0.004157s ]
INFO: [ app_begin ] --END-- [ RunTime:0.005178s ]
INFO: [ view_parse ] --START--
INFO: [ template_filter ] --START--
INFO: Run Behavior\ContentReplaceBehavior [ RunTime:0.000442s ]
INFO: [ template_filter ] --END-- [ RunTime:0.001452s ]
INFO: Run Behavior\ParseTemplateBehavior [ RunTime:0.046765s ]
INFO: [ view_parse ] --END-- [ RunTime:0.049048s ]
INFO: [ view_filter ] --START--
INFO: Run Behavior\WriteHtmlCacheBehavior [ RunTime:0.002442s ]
INFO: [ view_filter ] --END-- [ RunTime:0.003330s ]
ERR: 非法操作:__ADMIN__lib

[ 2018-04-23T15:20:00+08:00 ] ::1 /index.php/Admin/Index/__ADMIN__welcome.html
INFO: [ app_init ] --START--
INFO: Run Behavior\BuildLiteBehavior [ RunTime:0.000178s ]
INFO: [ app_init ] --END-- [ RunTime:0.003086s ]
INFO: [ app_begin ] --START--
INFO: Run Behavior\ReadHtmlCacheBehavior [ RunTime:0.005411s ]
INFO: [ app_begin ] --END-- [ RunTime:0.006907s ]
INFO: [ view_parse ] --START--
INFO: [ template_filter ] --START--
INFO: Run Behavior\ContentReplaceBehavior [ RunTime:0.000470s ]
INFO: [ template_filter ] --END-- [ RunTime:0.001384s ]
INFO: Run Behavior\ParseTemplateBehavior [ RunTime:0.046452s ]
INFO: [ view_parse ] --END-- [ RunTime:0.047550s ]
INFO: [ view_filter ] --START--
INFO: Run Behavior\WriteHtmlCacheBehavior [ RunTime:0.003220s ]
INFO: [ view_filter ] --END-- [ RunTime:0.004406s ]
ERR: 非法操作:__ADMIN__welcome

[ 2018-04-23T15:20:01+08:00 ] ::1 /index.php/Admin/Index/__ADMIN__css/x-admin.css
INFO: [ app_init ] --START--
INFO: Run Behavior\BuildLiteBehavior [ RunTime:0.000190s ]
INFO: [ app_init ] --END-- [ RunTime:0.003772s ]
INFO: [ app_begin ] --START--
INFO: Run Behavior\ReadHtmlCacheBehavior [ RunTime:0.004221s ]
INFO: [ app_begin ] --END-- [ RunTime:0.005178s ]
INFO: [ view_parse ] --START--
INFO: [ template_filter ] --START--
INFO: Run Behavior\ContentReplaceBehavior [ RunTime:0.000537s ]
INFO: [ template_filter ] --END-- [ RunTime:0.002716s ]
INFO: Run Behavior\ParseTemplateBehavior [ RunTime:0.068164s ]
INFO: [ view_parse ] --END-- [ RunTime:0.069214s ]
INFO: [ view_filter ] --START--
INFO: Run Behavior\WriteHtmlCacheBehavior [ RunTime:0.006432s ]
INFO: [ view_filter ] --END-- [ RunTime:0.007343s ]
ERR: 非法操作:__ADMIN__css

[ 2018-04-23T15:20:01+08:00 ] ::1 /index.php/Admin/Index/__ADMIN__js/x-admin.js
INFO: [ app_init ] --START--
INFO: Run Behavior\BuildLiteBehavior [ RunTime:0.000185s ]
INFO: [ app_init ] --END-- [ RunTime:0.003918s ]
INFO: [ app_begin ] --START--
INFO: Run Behavior\ReadHtmlCacheBehavior [ RunTime:0.004946s ]
INFO: [ app_begin ] --END-- [ RunTime:0.006476s ]
INFO: [ view_parse ] --START--
INFO: [ template_filter ] --START--
INFO: Run Behavior\ContentReplaceBehavior [ RunTime:0.001024s ]
INFO: [ template_filter ] --END-- [ RunTime:0.002020s ]
INFO: Run Behavior\ParseTemplateBehavior [ RunTime:0.050457s ]
INFO: [ view_parse ] --END-- [ RunTime:0.051447s ]
INFO: [ view_filter ] --START--
INFO: Run Behavior\WriteHtmlCacheBehavior [ RunTime:0.002954s ]
INFO: [ view_filter ] --END-- [ RunTime:0.003781s ]
ERR: 非法操作:__ADMIN__js

[ 2018-04-23T15:20:01+08:00 ] ::1 /index.php/Admin/Index/__ADMIN__images/logo.png
INFO: [ app_init ] --START--
INFO: Run Behavior\BuildLiteBehavior [ RunTime:0.000163s ]
INFO: [ app_init ] --END-- [ RunTime:0.003303s ]

[ 2018-04-23T15:20:01+08:00 ] ::1 /index.php/Admin/Login/login.html
INFO: [ app_init ] --START--
INFO: Run Behavior\BuildLiteBehavior [ RunTime:0.000225s ]
INFO: [ app_init ] --END-- [ RunTime:0.005942s ]
INFO: [ app_begin ] --START--
INFO: Run Behavior\ReadHtmlCacheBehavior [ RunTime:0.003677s ]
INFO: [ app_begin ] --END-- [ RunTime:0.004694s ]
INFO: [ view_parse ] --START--
INFO: [ template_filter ] --START--
INFO: Run Behavior\ContentReplaceBehavior [ RunTime:0.000560s ]
INFO: [ template_filter ] --END-- [ RunTime:0.001842s ]
INFO: Run Behavior\ParseTemplateBehavior [ RunTime:0.049767s ]
INFO: [ view_parse ] --END-- [ RunTime:0.050722s ]
INFO: [ view_filter ] --START--
INFO: Run Behavior\WriteHtmlCacheBehavior [ RunTime:0.002592s ]
INFO: [ view_filter ] --END-- [ RunTime:0.003775s ]
INFO: [ app_end ] --START--
INFO: Run Behavior\ShowPageTraceBehavior [ RunTime:0.004114s ]
INFO: [ app_end ] --END-- [ RunTime:0.005039s ]

[ 2018-04-23T15:20:02+08:00 ] ::1 /index.php/Admin/Login/css/x-admin.css
INFO: [ app_init ] --START--
INFO: Run Behavior\BuildLiteBehavior [ RunTime:0.000359s ]
INFO: [ app_init ] --END-- [ RunTime:0.003718s ]
INFO: [ app_begin ] --START--
INFO: Run Behavior\ReadHtmlCacheBehavior [ RunTime:0.004422s ]
INFO: [ app_begin ] --END-- [ RunTime:0.006064s ]
ERR: 非法操作:css

[ 2018-04-23T15:20:02+08:00 ] ::1 /index.php/Admin/Login/lib/layui/layui.js
INFO: [ app_init ] --START--
INFO: Run Behavior\BuildLiteBehavior [ RunTime:0.000831s ]
INFO: [ app_init ] --END-- [ RunTime:0.005485s ]
INFO: [ app_begin ] --START--
INFO: Run Behavior\ReadHtmlCacheBehavior [ RunTime:0.004203s ]
INFO: [ app_begin ] --END-- [ RunTime:0.005547s ]
ERR: 非法操作:lib

[ 2018-04-23T15:20:02+08:00 ] ::1 /index.php/Admin/Login/images/logo.png
INFO: [ app_init ] --START--
INFO: Run Behavior\BuildLiteBehavior [ RunTime:0.000197s ]
INFO: [ app_init ] --END-- [ RunTime:0.003547s ]

[ 2018-04-23T15:20:02+08:00 ] ::1 /index.php/Admin/User/yan.html
INFO: [ app_init ] --START--
INFO: Run Behavior\BuildLiteBehavior [ RunTime:0.000459s ]
INFO: [ app_init ] --END-- [ RunTime:0.004203s ]
INFO: [ app_begin ] --START--
INFO: Run Behavior\ReadHtmlCacheBehavior [ RunTime:0.007597s ]
INFO: [ app_begin ] --END-- [ RunTime:0.010392s ]
ERR: 无法加载控制器:User

[ 2018-04-23T17:11:00+08:00 ] ::1 /index.php/Admin/Index/index
INFO: [ app_init ] --START--
INFO: Run Behavior\BuildLiteBehavior [ RunTime:0.000214s ]
INFO: [ app_init ] --END-- [ RunTime:0.005008s ]
INFO: [ app_begin ] --START--
INFO: Run Behavior\ReadHtmlCacheBehavior [ RunTime:0.011285s ]
INFO: [ app_begin ] --END-- [ RunTime:0.012879s ]
INFO: [ view_parse ] --START--
INFO: [ template_filter ] --START--
INFO: Run Behavior\ContentReplaceBehavior [ RunTime:0.002353s ]
INFO: [ template_filter ] --END-- [ RunTime:0.005631s ]
INFO: Run Behavior\ParseTemplateBehavior [ RunTime:0.143662s ]
INFO: [ view_parse ] --END-- [ RunTime:0.145430s ]
INFO: [ view_filter ] --START--
INFO: Run Behavior\WriteHtmlCacheBehavior [ RunTime:0.002853s ]
INFO: [ view_filter ] --END-- [ RunTime:0.003633s ]
INFO: [ app_end ] --START--
INFO: Run Behavior\ShowPageTraceBehavior [ RunTime:0.010820s ]
INFO: [ app_end ] --END-- [ RunTime:0.011585s ]

[ 2018-04-23T17:12:04+08:00 ] ::1 /index.php/Admin/Index/index
INFO: [ app_init ] --START--
INFO: Run Behavior\BuildLiteBehavior [ RunTime:0.000443s ]
INFO: [ app_init ] --END-- [ RunTime:0.006790s ]
INFO: [ app_begin ] --START--
INFO: Run Behavior\ReadHtmlCacheBehavior [ RunTime:0.007274s ]
INFO: [ app_begin ] --END-- [ RunTime:0.029895s ]
INFO: [ view_parse ] --START--
INFO: [ template_filter ] --START--
INFO: Run Behavior\ContentReplaceBehavior [ RunTime:0.001196s ]
INFO: [ template_filter ] --END-- [ RunTime:0.001792s ]
INFO: Run Behavior\ParseTemplateBehavior [ RunTime:0.139097s ]
INFO: [ view_parse ] --END-- [ RunTime:0.139990s ]
INFO: [ view_filter ] --START--
INFO: Run Behavior\WriteHtmlCacheBehavior [ RunTime:0.002736s ]
INFO: [ view_filter ] --END-- [ RunTime:0.006900s ]
INFO: [ app_end ] --START--
INFO: Run Behavior\ShowPageTraceBehavior [ RunTime:0.048426s ]
INFO: [ app_end ] --END-- [ RunTime:0.049255s ]

[ 2018-04-23T17:12:07+08:00 ] ::1 /index.php/Admin/Category/index.html
INFO: [ app_init ] --START--
INFO: Run Behavior\BuildLiteBehavior [ RunTime:0.000810s ]
INFO: [ app_init ] --END-- [ RunTime:0.005414s ]
INFO: [ app_begin ] --START--
INFO: Run Behavior\ReadHtmlCacheBehavior [ RunTime:0.005033s ]
INFO: [ app_begin ] --END-- [ RunTime:0.010899s ]
INFO: [ view_parse ] --START--
INFO: [ template_filter ] --START--
INFO: Run Behavior\ContentReplaceBehavior [ RunTime:0.000774s ]
INFO: [ template_filter ] --END-- [ RunTime:0.001630s ]
INFO: Run Behavior\ParseTemplateBehavior [ RunTime:0.122906s ]
INFO: [ view_parse ] --END-- [ RunTime:0.123993s ]
INFO: [ view_filter ] --START--
INFO: Run Behavior\WriteHtmlCacheBehavior [ RunTime:0.021060s ]
INFO: [ view_filter ] --END-- [ RunTime:0.021947s ]
INFO: [ app_end ] --START--
INFO: Run Behavior\ShowPageTraceBehavior [ RunTime:0.012600s ]
INFO: [ app_end ] --END-- [ RunTime:0.013407s ]

[ 2018-04-23T17:14:21+08:00 ] ::1 /index.php/Admin/Index/index
INFO: [ app_init ] --START--
INFO: Run Behavior\BuildLiteBehavior [ RunTime:0.000155s ]
INFO: [ app_init ] --END-- [ RunTime:0.004825s ]
INFO: [ app_begin ] --START--
INFO: Run Behavior\ReadHtmlCacheBehavior [ RunTime:0.007542s ]
INFO: [ app_begin ] --END-- [ RunTime:0.008394s ]
INFO: [ view_parse ] --START--
INFO: [ template_filter ] --START--
INFO: Run Behavior\ContentReplaceBehavior [ RunTime:0.001809s ]
INFO: [ template_filter ] --END-- [ RunTime:0.003611s ]
INFO: Run Behavior\ParseTemplateBehavior [ RunTime:0.160936s ]
INFO: [ view_parse ] --END-- [ RunTime:0.161704s ]
INFO: [ view_filter ] --START--
INFO: Run Behavior\WriteHtmlCacheBehavior [ RunTime:0.012169s ]
INFO: [ view_filter ] --END-- [ RunTime:0.012865s ]
INFO: [ app_end ] --START--
INFO: Run Behavior\ShowPageTraceBehavior [ RunTime:0.033558s ]
INFO: [ app_end ] --END-- [ RunTime:0.034515s ]

[ 2018-04-23T17:14:23+08:00 ] ::1 /index.php/Admin/Category/index.html
INFO: [ app_init ] --START--
INFO: Run Behavior\BuildLiteBehavior [ RunTime:0.000123s ]
INFO: [ app_init ] --END-- [ RunTime:0.005611s ]
INFO: [ app_begin ] --START--
INFO: Run Behavior\ReadHtmlCacheBehavior [ RunTime:0.002607s ]
INFO: [ app_begin ] --END-- [ RunTime:0.004794s ]
INFO: [ view_parse ] --START--
INFO: [ template_filter ] --START--
INFO: Run Behavior\ContentReplaceBehavior [ RunTime:0.005360s ]
INFO: [ template_filter ] --END-- [ RunTime:0.006338s ]
INFO: Run Behavior\ParseTemplateBehavior [ RunTime:0.092517s ]
INFO: [ view_parse ] --END-- [ RunTime:0.093213s ]
INFO: [ view_filter ] --START--
INFO: Run Behavior\WriteHtmlCacheBehavior [ RunTime:0.001760s ]
INFO: [ view_filter ] --END-- [ RunTime:0.002884s ]
INFO: [ app_end ] --START--
INFO: Run Behavior\ShowPageTraceBehavior [ RunTime:0.008617s ]
INFO: [ app_end ] --END-- [ RunTime:0.009345s ]

[ 2018-04-23T17:14:25+08:00 ] ::1 /index.php/Admin/Category/add.html
INFO: [ app_init ] --START--
INFO: Run Behavior\BuildLiteBehavior [ RunTime:0.000110s ]
INFO: [ app_init ] --END-- [ RunTime:0.002025s ]
INFO: [ app_begin ] --START--
INFO: Run Behavior\ReadHtmlCacheBehavior [ RunTime:0.002194s ]
INFO: [ app_begin ] --END-- [ RunTime:0.002969s ]
INFO: [ view_parse ] --START--
INFO: [ template_filter ] --START--
INFO: Run Behavior\ContentReplaceBehavior [ RunTime:0.000973s ]
INFO: [ template_filter ] --END-- [ RunTime:0.003685s ]
INFO: Run Behavior\ParseTemplateBehavior [ RunTime:0.043291s ]
INFO: [ view_parse ] --END-- [ RunTime:0.043938s ]
INFO: [ view_filter ] --START--
INFO: Run Behavior\WriteHtmlCacheBehavior [ RunTime:0.003183s ]
INFO: [ view_filter ] --END-- [ RunTime:0.004092s ]
INFO: [ app_end ] --START--
INFO: Run Behavior\ShowPageTraceBehavior [ RunTime:0.003731s ]
INFO: [ app_end ] --END-- [ RunTime:0.004424s ]

[ 2018-04-23T17:14:25+08:00 ] ::1 /index.php/Admin/Category/css/x-admin.css
INFO: [ app_init ] --START--
INFO: Run Behavior\BuildLiteBehavior [ RunTime:0.000147s ]
INFO: [ app_init ] --END-- [ RunTime:0.003177s ]
INFO: [ app_begin ] --START--
INFO: Run Behavior\ReadHtmlCacheBehavior [ RunTime:0.015435s ]
INFO: [ app_begin ] --END-- [ RunTime:0.016579s ]
ERR: 非法操作:css

[ 2018-04-23T17:14:25+08:00 ] ::1 /index.php/Admin/Category/js/x-layui.js
INFO: [ app_init ] --START--
INFO: Run Behavior\BuildLiteBehavior [ RunTime:0.000156s ]
INFO: [ app_init ] --END-- [ RunTime:0.018377s ]
INFO: [ app_begin ] --START--
INFO: Run Behavior\ReadHtmlCacheBehavior [ RunTime:0.010144s ]
INFO: [ app_begin ] --END-- [ RunTime:0.011729s ]
ERR: 非法操作:js

[ 2018-04-23T17:14:25+08:00 ] ::1 /index.php/Admin/Category/lib/layui/layui.js
INFO: [ app_init ] --START--
INFO: Run Behavior\BuildLiteBehavior [ RunTime:0.000154s ]
INFO: [ app_init ] --END-- [ RunTime:0.002655s ]
INFO: [ app_begin ] --START--
INFO: Run Behavior\ReadHtmlCacheBehavior [ RunTime:0.003806s ]
INFO: [ app_begin ] --END-- [ RunTime:0.006166s ]
ERR: 非法操作:lib

[ 2018-04-23T17:14:25+08:00 ] ::1 /index.php/Admin/Category/js/x-layui.js
INFO: [ app_init ] --START--
INFO: Run Behavior\BuildLiteBehavior [ RunTime:0.000265s ]
INFO: [ app_init ] --END-- [ RunTime:0.003573s ]
INFO: [ app_begin ] --START--
INFO: Run Behavior\ReadHtmlCacheBehavior [ RunTime:0.003130s ]
INFO: [ app_begin ] --END-- [ RunTime:0.003855s ]
ERR: 非法操作:js

[ 2018-04-23T17:26:57+08:00 ] ::1 /index.php/Admin/Index/undefined
INFO: [ app_init ] --START--
INFO: Run Behavior\BuildLiteBehavior [ RunTime:0.000160s ]
INFO: [ app_init ] --END-- [ RunTime:0.004205s ]
INFO: [ app_begin ] --START--
INFO: Run Behavior\ReadHtmlCacheBehavior [ RunTime:0.006216s ]
INFO: [ app_begin ] --END-- [ RunTime:0.007128s ]
ERR: 非法操作:undefined

[ 2018-04-23T17:26:58+08:00 ] ::1 /index.php/Admin/Index/index
INFO: [ app_init ] --START--
INFO: Run Behavior\BuildLiteBehavior [ RunTime:0.000151s ]
INFO: [ app_init ] --END-- [ RunTime:0.003435s ]
INFO: [ app_begin ] --START--
INFO: Run Behavior\ReadHtmlCacheBehavior [ RunTime:0.003070s ]
INFO: [ app_begin ] --END-- [ RunTime:0.003899s ]
INFO: [ view_parse ] --START--
INFO: [ template_filter ] --START--
INFO: Run Behavior\ContentReplaceBehavior [ RunTime:0.002970s ]
INFO: [ template_filter ] --END-- [ RunTime:0.004264s ]
INFO: Run Behavior\ParseTemplateBehavior [ RunTime:0.047413s ]
INFO: [ view_parse ] --END-- [ RunTime:0.048197s ]
INFO: [ view_filter ] --START--
INFO: Run Behavior\WriteHtmlCacheBehavior [ RunTime:0.001935s ]
INFO: [ view_filter ] --END-- [ RunTime:0.002447s ]
INFO: [ app_end ] --START--
INFO: Run Behavior\ShowPageTraceBehavior [ RunTime:0.009069s ]
INFO: [ app_end ] --END-- [ RunTime:0.010783s ]

[ 2018-04-23T17:27:00+08:00 ] ::1 /index.php/Admin/Category/index.html
INFO: [ app_init ] --START--
INFO: Run Behavior\BuildLiteBehavior [ RunTime:0.000145s ]
INFO: [ app_init ] --END-- [ RunTime:0.004168s ]
INFO: [ app_begin ] --START--
INFO: Run Behavior\ReadHtmlCacheBehavior [ RunTime:0.009764s ]
INFO: [ app_begin ] --END-- [ RunTime:0.012707s ]
INFO: [ view_parse ] --START--
INFO: [ template_filter ] --START--
INFO: Run Behavior\ContentReplaceBehavior [ RunTime:0.000641s ]
INFO: [ template_filter ] --END-- [ RunTime:0.001344s ]
INFO: Run Behavior\ParseTemplateBehavior [ RunTime:0.097226s ]
INFO: [ view_parse ] --END-- [ RunTime:0.099452s ]
INFO: [ view_filter ] --START--
INFO: Run Behavior\WriteHtmlCacheBehavior [ RunTime:0.002007s ]
INFO: [ view_filter ] --END-- [ RunTime:0.003588s ]
INFO: [ app_end ] --START--
INFO: Run Behavior\ShowPageTraceBehavior [ RunTime:0.002306s ]
INFO: [ app_end ] --END-- [ RunTime:0.002833s ]

[ 2018-04-23T17:27:02+08:00 ] ::1 /index.php/Admin/Category/add.html
INFO: [ app_init ] --START--
INFO: Run Behavior\BuildLiteBehavior [ RunTime:0.000199s ]
INFO: [ app_init ] --END-- [ RunTime:0.006661s ]
INFO: [ app_begin ] --START--
INFO: Run Behavior\ReadHtmlCacheBehavior [ RunTime:0.003652s ]
INFO: [ app_begin ] --END-- [ RunTime:0.004684s ]
INFO: [ view_parse ] --START--
INFO: [ template_filter ] --START--
INFO: Run Behavior\ContentReplaceBehavior [ RunTime:0.000817s ]
INFO: [ template_filter ] --END-- [ RunTime:0.002335s ]
INFO: Run Behavior\ParseTemplateBehavior [ RunTime:0.064712s ]
INFO: [ view_parse ] --END-- [ RunTime:0.066304s ]
INFO: [ view_filter ] --START--
INFO: Run Behavior\WriteHtmlCacheBehavior [ RunTime:0.002711s ]
INFO: [ view_filter ] --END-- [ RunTime:0.004513s ]
INFO: [ app_end ] --START--
INFO: Run Behavior\ShowPageTraceBehavior [ RunTime:0.004942s ]
INFO: [ app_end ] --END-- [ RunTime:0.006914s ]

[ 2018-04-23T17:27:30+08:00 ] ::1 /index.php/Admin/Index/undefined
INFO: [ app_init ] --START--
INFO: Run Behavior\BuildLiteBehavior [ RunTime:0.000197s ]
INFO: [ app_init ] --END-- [ RunTime:0.007182s ]
INFO: [ app_begin ] --START--
INFO: Run Behavior\ReadHtmlCacheBehavior [ RunTime:0.021256s ]
INFO: [ app_begin ] --END-- [ RunTime:0.030524s ]
ERR: 非法操作:undefined

[ 2018-04-23T17:27:31+08:00 ] ::1 /index.php/Admin/Index/index
INFO: [ app_init ] --START--
INFO: Run Behavior\BuildLiteBehavior [ RunTime:0.000139s ]
INFO: [ app_init ] --END-- [ RunTime:0.012723s ]
INFO: [ app_begin ] --START--
INFO: Run Behavior\ReadHtmlCacheBehavior [ RunTime:0.003455s ]
INFO: [ app_begin ] --END-- [ RunTime:0.006321s ]
INFO: [ view_parse ] --START--
INFO: [ template_filter ] --START--
INFO: Run Behavior\ContentReplaceBehavior [ RunTime:0.001740s ]
INFO: [ template_filter ] --END-- [ RunTime:0.002845s ]
INFO: Run Behavior\ParseTemplateBehavior [ RunTime:0.056937s ]
INFO: [ view_parse ] --END-- [ RunTime:0.058353s ]
INFO: [ view_filter ] --START--
INFO: Run Behavior\WriteHtmlCacheBehavior [ RunTime:0.011409s ]
INFO: [ view_filter ] --END-- [ RunTime:0.012152s ]
INFO: [ app_end ] --START--
INFO: Run Behavior\ShowPageTraceBehavior [ RunTime:0.041151s ]
INFO: [ app_end ] --END-- [ RunTime:0.041955s ]

[ 2018-04-23T17:27:33+08:00 ] ::1 /index.php/Admin/Category/index.html
INFO: [ app_init ] --START--
INFO: Run Behavior\BuildLiteBehavior [ RunTime:0.000279s ]
INFO: [ app_init ] --END-- [ RunTime:0.024392s ]
INFO: [ app_begin ] --START--
INFO: Run Behavior\ReadHtmlCacheBehavior [ RunTime:0.009611s ]
INFO: [ app_begin ] --END-- [ RunTime:0.011071s ]
INFO: [ view_parse ] --START--
INFO: [ template_filter ] --START--
INFO: Run Behavior\ContentReplaceBehavior [ RunTime:0.000542s ]
INFO: [ template_filter ] --END-- [ RunTime:0.001247s ]
INFO: Run Behavior\ParseTemplateBehavior [ RunTime:0.126951s ]
INFO: [ view_parse ] --END-- [ RunTime:0.127993s ]
INFO: [ view_filter ] --START--
INFO: Run Behavior\WriteHtmlCacheBehavior [ RunTime:0.007024s ]
INFO: [ view_filter ] --END-- [ RunTime:0.007599s ]
INFO: [ app_end ] --START--
INFO: Run Behavior\ShowPageTraceBehavior [ RunTime:0.003402s ]
INFO: [ app_end ] --END-- [ RunTime:0.004094s ]

[ 2018-04-23T17:27:34+08:00 ] ::1 /index.php/Admin/Category/add.html
INFO: [ app_init ] --START--
INFO: Run Behavior\BuildLiteBehavior [ RunTime:0.000498s ]
INFO: [ app_init ] --END-- [ RunTime:0.009965s ]
INFO: [ app_begin ] --START--
INFO: Run Behavior\ReadHtmlCacheBehavior [ RunTime:0.032325s ]
INFO: [ app_begin ] --END-- [ RunTime:0.036699s ]
INFO: [ view_parse ] --START--
INFO: [ template_filter ] --START--
INFO: Run Behavior\ContentReplaceBehavior [ RunTime:0.003035s ]
INFO: [ template_filter ] --END-- [ RunTime:0.003895s ]
INFO: Run Behavior\ParseTemplateBehavior [ RunTime:0.050436s ]
INFO: [ view_parse ] --END-- [ RunTime:0.052001s ]
INFO: [ view_filter ] --START--
INFO: Run Behavior\WriteHtmlCacheBehavior [ RunTime:0.002556s ]
INFO: [ view_filter ] --END-- [ RunTime:0.003349s ]
INFO: [ app_end ] --START--
INFO: Run Behavior\ShowPageTraceBehavior [ RunTime:0.009627s ]
INFO: [ app_end ] --END-- [ RunTime:0.010441s ]

[ 2018-04-23T17:29:55+08:00 ] ::1 /index.php/Admin/Index/index
INFO: [ app_init ] --START--
INFO: Run Behavior\BuildLiteBehavior [ RunTime:0.000142s ]
INFO: [ app_init ] --END-- [ RunTime:0.004135s ]
INFO: [ app_begin ] --START--
INFO: Run Behavior\ReadHtmlCacheBehavior [ RunTime:0.003616s ]
INFO: [ app_begin ] --END-- [ RunTime:0.007859s ]
INFO: [ view_parse ] --START--
INFO: [ template_filter ] --START--
INFO: Run Behavior\ContentReplaceBehavior [ RunTime:0.002463s ]
INFO: [ template_filter ] --END-- [ RunTime:0.004664s ]
INFO: Run Behavior\ParseTemplateBehavior [ RunTime:0.072272s ]
INFO: [ view_parse ] --END-- [ RunTime:0.072934s ]
INFO: [ view_filter ] --START--
INFO: Run Behavior\WriteHtmlCacheBehavior [ RunTime:0.006660s ]
INFO: [ view_filter ] --END-- [ RunTime:0.011777s ]
INFO: [ app_end ] --START--
INFO: Run Behavior\ShowPageTraceBehavior [ RunTime:0.023392s ]
INFO: [ app_end ] --END-- [ RunTime:0.024171s ]

[ 2018-04-23T17:29:59+08:00 ] ::1 /index.php/Admin/Category/index.html
INFO: [ app_init ] --START--
INFO: Run Behavior\BuildLiteBehavior [ RunTime:0.000946s ]
INFO: [ app_init ] --END-- [ RunTime:0.016170s ]
INFO: [ app_begin ] --START--
INFO: Run Behavior\ReadHtmlCacheBehavior [ RunTime:0.060677s ]
INFO: [ app_begin ] --END-- [ RunTime:0.061540s ]
INFO: [ view_parse ] --START--
INFO: [ template_filter ] --START--
INFO: Run Behavior\ContentReplaceBehavior [ RunTime:0.002870s ]
INFO: [ template_filter ] --END-- [ RunTime:0.004088s ]
INFO: Run Behavior\ParseTemplateBehavior [ RunTime:0.161543s ]
INFO: [ view_parse ] --END-- [ RunTime:0.162962s ]
INFO: [ view_filter ] --START--
INFO: Run Behavior\WriteHtmlCacheBehavior [ RunTime:0.019484s ]
INFO: [ view_filter ] --END-- [ RunTime:0.028378s ]
INFO: [ app_end ] --START--
INFO: Run Behavior\ShowPageTraceBehavior [ RunTime:0.076330s ]
INFO: [ app_end ] --END-- [ RunTime:0.088380s ]

[ 2018-04-23T17:30:01+08:00 ] ::1 /index.php/Admin/Category/add.html
INFO: [ app_init ] --START--
INFO: Run Behavior\BuildLiteBehavior [ RunTime:0.000190s ]
INFO: [ app_init ] --END-- [ RunTime:0.004739s ]
INFO: [ app_begin ] --START--
INFO: Run Behavior\ReadHtmlCacheBehavior [ RunTime:0.003500s ]
INFO: [ app_begin ] --END-- [ RunTime:0.004455s ]
INFO: [ view_parse ] --START--
INFO: [ template_filter ] --START--
INFO: Run Behavior\ContentReplaceBehavior [ RunTime:0.000772s ]
INFO: [ template_filter ] --END-- [ RunTime:0.001721s ]
INFO: Run Behavior\ParseTemplateBehavior [ RunTime:0.051321s ]
INFO: [ view_parse ] --END-- [ RunTime:0.053308s ]
INFO: [ view_filter ] --START--
INFO: Run Behavior\WriteHtmlCacheBehavior [ RunTime:0.002741s ]
INFO: [ view_filter ] --END-- [ RunTime:0.004657s ]
INFO: [ app_end ] --START--
INFO: Run Behavior\ShowPageTraceBehavior [ RunTime:0.004148s ]
INFO: [ app_end ] --END-- [ RunTime:0.005196s ]

[ 2018-04-23T17:30:13+08:00 ] ::1 /index.php/Admin/Category/doadd.html
INFO: [ app_init ] --START--
INFO: Run Behavior\BuildLiteBehavior [ RunTime:0.000318s ]
INFO: [ app_init ] --END-- [ RunTime:0.006783s ]
INFO: [ app_begin ] --START--
INFO: Run Behavior\ReadHtmlCacheBehavior [ RunTime:0.004401s ]
INFO: [ app_begin ] --END-- [ RunTime:0.005671s ]
INFO: [ app_end ] --START--
INFO: Run Behavior\ShowPageTraceBehavior [ RunTime:0.005007s ]
INFO: [ app_end ] --END-- [ RunTime:0.005980s ]

[ 2018-04-23T17:34:33+08:00 ] ::1 /index.php/Admin/Index/index
INFO: [ app_init ] --START--
INFO: Run Behavior\BuildLiteBehavior [ RunTime:0.000218s ]
INFO: [ app_init ] --END-- [ RunTime:0.020150s ]
INFO: [ app_begin ] --START--
INFO: Run Behavior\ReadHtmlCacheBehavior [ RunTime:0.019740s ]
INFO: [ app_begin ] --END-- [ RunTime:0.020764s ]
INFO: [ view_parse ] --START--
INFO: [ template_filter ] --START--
INFO: Run Behavior\ContentReplaceBehavior [ RunTime:0.002016s ]
INFO: [ template_filter ] --END-- [ RunTime:0.003285s ]
INFO: Run Behavior\ParseTemplateBehavior [ RunTime:0.164423s ]
INFO: [ view_parse ] --END-- [ RunTime:0.166998s ]
INFO: [ view_filter ] --START--
INFO: Run Behavior\WriteHtmlCacheBehavior [ RunTime:0.025698s ]
INFO: [ view_filter ] --END-- [ RunTime:0.027298s ]
INFO: [ app_end ] --START--
INFO: Run Behavior\ShowPageTraceBehavior [ RunTime:0.013726s ]
INFO: [ app_end ] --END-- [ RunTime:0.017932s ]

[ 2018-04-23T17:34:35+08:00 ] ::1 /index.php/Admin/Category/index.html
INFO: [ app_init ] --START--
INFO: Run Behavior\BuildLiteBehavior [ RunTime:0.000239s ]
INFO: [ app_init ] --END-- [ RunTime:0.016278s ]
INFO: [ app_begin ] --START--
INFO: Run Behavior\ReadHtmlCacheBehavior [ RunTime:0.020329s ]
INFO: [ app_begin ] --END-- [ RunTime:0.023647s ]
INFO: [ view_parse ] --START--
INFO: [ template_filter ] --START--
INFO: Run Behavior\ContentReplaceBehavior [ RunTime:0.000784s ]
INFO: [ template_filter ] --END-- [ RunTime:0.002268s ]
INFO: Run Behavior\ParseTemplateBehavior [ RunTime:0.131249s ]
INFO: [ view_parse ] --END-- [ RunTime:0.132015s ]
INFO: [ view_filter ] --START--
INFO: Run Behavior\WriteHtmlCacheBehavior [ RunTime:0.010346s ]
INFO: [ view_filter ] --END-- [ RunTime:0.018911s ]
INFO: [ app_end ] --START--
INFO: Run Behavior\ShowPageTraceBehavior [ RunTime:0.054107s ]
INFO: [ app_end ] --END-- [ RunTime:0.055736s ]

[ 2018-04-23T17:34:38+08:00 ] ::1 /index.php/Admin/Category/add.html
INFO: [ app_init ] --START--
INFO: Run Behavior\BuildLiteBehavior [ RunTime:0.000145s ]
INFO: [ app_init ] --END-- [ RunTime:0.040347s ]
INFO: [ app_begin ] --START--
INFO: Run Behavior\ReadHtmlCacheBehavior [ RunTime:0.003282s ]
INFO: [ app_begin ] --END-- [ RunTime:0.004013s ]
INFO: [ view_parse ] --START--
INFO: [ template_filter ] --START--
INFO: Run Behavior\ContentReplaceBehavior [ RunTime:0.000729s ]
INFO: [ template_filter ] --END-- [ RunTime:0.001634s ]
INFO: Run Behavior\ParseTemplateBehavior [ RunTime:0.039637s ]
INFO: [ view_parse ] --END-- [ RunTime:0.040530s ]
INFO: [ view_filter ] --START--
INFO: Run Behavior\WriteHtmlCacheBehavior [ RunTime:0.001991s ]
INFO: [ view_filter ] --END-- [ RunTime:0.002668s ]
INFO: [ app_end ] --START--
INFO: Run Behavior\ShowPageTraceBehavior [ RunTime:0.003125s ]
INFO: [ app_end ] --END-- [ RunTime:0.003931s ]

[ 2018-04-23T17:34:50+08:00 ] ::1 /index.php/Admin/Category/doadd.html
INFO: [ app_init ] --START--
INFO: Run Behavior\BuildLiteBehavior [ RunTime:0.000210s ]
INFO: [ app_init ] --END-- [ RunTime:0.011195s ]
INFO: [ app_begin ] --START--
INFO: Run Behavior\ReadHtmlCacheBehavior [ RunTime:0.004719s ]
INFO: [ app_begin ] --END-- [ RunTime:0.006115s ]
SQL: SHOW COLUMNS FROM `ds_category` [ RunTime:0.1116s ]
SQL: INSERT INTO `ds_category` (`cat_name`,`cat_desc`,`parent_id`,`sort`,`is_nav`,`is_show`) VALUES ('衣服',' 可以穿','0','0','0','1') [ RunTime:0.0913s ]
NOTIC: [8] Use of undefined constant index - assumed 'index' F:\dianshang\Application\Admin\Controller\CategoryController.class.php 第 16 行.
INFO: [ view_parse ] --START--
INFO: [ template_filter ] --START--
INFO: Run Behavior\ContentReplaceBehavior [ RunTime:0.000519s ]
INFO: [ template_filter ] --END-- [ RunTime:0.001497s ]
INFO: Run Behavior\ParseTemplateBehavior [ RunTime:0.058449s ]
INFO: [ view_parse ] --END-- [ RunTime:0.059557s ]
INFO: [ view_filter ] --START--
INFO: Run Behavior\WriteHtmlCacheBehavior [ RunTime:0.002416s ]
INFO: [ view_filter ] --END-- [ RunTime:0.003283s ]
INFO: [ app_end ] --START--
INFO: Run Behavior\ShowPageTraceBehavior [ RunTime:0.004711s ]
INFO: [ app_end ] --END-- [ RunTime:0.005964s ]

[ 2018-04-23T17:34:51+08:00 ] ::1 /index.php/Admin/Category/index
INFO: [ app_init ] --START--
INFO: Run Behavior\BuildLiteBehavior [ RunTime:0.000224s ]
INFO: [ app_init ] --END-- [ RunTime:0.007511s ]
INFO: [ app_begin ] --START--
INFO: Run Behavior\ReadHtmlCacheBehavior [ RunTime:0.004534s ]
INFO: [ app_begin ] --END-- [ RunTime:0.005673s ]
INFO: [ view_parse ] --START--
INFO: [ template_filter ] --START--
INFO: Run Behavior\ContentReplaceBehavior [ RunTime:0.001146s ]
INFO: [ template_filter ] --END-- [ RunTime:0.002066s ]
INFO: Run Behavior\ParseTemplateBehavior [ RunTime:0.056835s ]
INFO: [ view_parse ] --END-- [ RunTime:0.057889s ]
INFO: [ view_filter ] --START--
INFO: Run Behavior\WriteHtmlCacheBehavior [ RunTime:0.003782s ]
INFO: [ view_filter ] --END-- [ RunTime:0.005164s ]
INFO: [ app_end ] --START--
INFO: Run Behavior\ShowPageTraceBehavior [ RunTime:0.003982s ]
INFO: [ app_end ] --END-- [ RunTime:0.004972s ]

