[ 2018-04-27T10:01:37+08:00 ] ::1 /index.php/Admin/Index/index
INFO: [ app_init ] --START--
INFO: Run Behavior\BuildLiteBehavior [ RunTime:0.000229s ]
INFO: [ app_init ] --END-- [ RunTime:0.042461s ]
INFO: [ app_begin ] --START--
INFO: Run Behavior\ReadHtmlCacheBehavior [ RunTime:0.032481s ]
INFO: [ app_begin ] --END-- [ RunTime:0.033270s ]
INFO: [ view_parse ] --START--
INFO: [ template_filter ] --START--
INFO: Run Behavior\ContentReplaceBehavior [ RunTime:0.001514s ]
INFO: [ template_filter ] --END-- [ RunTime:0.002283s ]
INFO: Run Behavior\ParseTemplateBehavior [ RunTime:0.094900s ]
INFO: [ view_parse ] --END-- [ RunTime:0.095746s ]
INFO: [ view_filter ] --START--
INFO: Run Behavior\WriteHtmlCacheBehavior [ RunTime:0.120863s ]
INFO: [ view_filter ] --END-- [ RunTime:0.122134s ]
INFO: [ app_end ] --START--
INFO: Run Behavior\ShowPageTraceBehavior [ RunTime:0.127923s ]
INFO: [ app_end ] --END-- [ RunTime:0.128801s ]

[ 2018-04-27T10:01:43+08:00 ] ::1 /index.php/Admin/Goods/index.html
INFO: [ app_init ] --START--
INFO: Run Behavior\BuildLiteBehavior [ RunTime:0.000182s ]
INFO: [ app_init ] --END-- [ RunTime:0.003472s ]
INFO: [ app_begin ] --START--
INFO: Run Behavior\ReadHtmlCacheBehavior [ RunTime:0.006508s ]
INFO: [ app_begin ] --END-- [ RunTime:0.007506s ]
SQL: SHOW COLUMNS FROM `ds_goods` [ RunTime:0.0263s ]
SQL: SELECT * FROM `ds_goods` WHERE ( is_delete=0 )  [ RunTime:0.0029s ]
SQL: SHOW COLUMNS FROM `ds_category` [ RunTime:0.0046s ]
SQL: SELECT * FROM `ds_category`  [ RunTime:0.0018s ]
SQL: SHOW COLUMNS FROM `ds_brand` [ RunTime:0.0045s ]
SQL: SELECT * FROM `ds_brand`  [ RunTime:0.0017s ]
INFO: [ view_parse ] --START--
INFO: [ template_filter ] --START--
INFO: Run Behavior\ContentReplaceBehavior [ RunTime:0.001007s ]
INFO: [ template_filter ] --END-- [ RunTime:0.002092s ]
INFO: Run Behavior\ParseTemplateBehavior [ RunTime:0.131628s ]
INFO: [ view_parse ] --END-- [ RunTime:0.132554s ]
INFO: [ view_filter ] --START--
INFO: Run Behavior\WriteHtmlCacheBehavior [ RunTime:0.003673s ]
INFO: [ view_filter ] --END-- [ RunTime:0.004544s ]
INFO: [ app_end ] --START--
INFO: Run Behavior\ShowPageTraceBehavior [ RunTime:0.006476s ]
INFO: [ app_end ] --END-- [ RunTime:0.014023s ]

[ 2018-04-27T10:01:46+08:00 ] ::1 /index.php/Admin/Goods/add.html
INFO: [ app_init ] --START--
INFO: Run Behavior\BuildLiteBehavior [ RunTime:0.000196s ]
INFO: [ app_init ] --END-- [ RunTime:0.003296s ]
INFO: [ app_begin ] --START--
INFO: Run Behavior\ReadHtmlCacheBehavior [ RunTime:0.005635s ]
INFO: [ app_begin ] --END-- [ RunTime:0.006654s ]
SQL: SHOW COLUMNS FROM `ds_category` [ RunTime:0.0035s ]
SQL: SELECT * FROM `ds_category`  [ RunTime:0.0018s ]
SQL: SHOW COLUMNS FROM `ds_brand` [ RunTime:0.0038s ]
SQL: SELECT * FROM `ds_brand`  [ RunTime:0.0015s ]
INFO: [ view_parse ] --START--
INFO: [ template_filter ] --START--
INFO: Run Behavior\ContentReplaceBehavior [ RunTime:0.001265s ]
INFO: [ template_filter ] --END-- [ RunTime:0.002343s ]
INFO: Run Behavior\ParseTemplateBehavior [ RunTime:0.101508s ]
INFO: [ view_parse ] --END-- [ RunTime:0.102442s ]
INFO: [ view_filter ] --START--
INFO: Run Behavior\WriteHtmlCacheBehavior [ RunTime:0.004958s ]
INFO: [ view_filter ] --END-- [ RunTime:0.006683s ]
INFO: [ app_end ] --START--
INFO: Run Behavior\ShowPageTraceBehavior [ RunTime:0.007081s ]
INFO: [ app_end ] --END-- [ RunTime:0.008035s ]

[ 2018-04-27T10:02:47+08:00 ] ::1 /index.php/Admin/Goods/doadd.html
INFO: [ app_init ] --START--
INFO: Run Behavior\BuildLiteBehavior [ RunTime:0.000349s ]
INFO: [ app_init ] --END-- [ RunTime:0.003885s ]
INFO: [ app_begin ] --START--
INFO: Run Behavior\ReadHtmlCacheBehavior [ RunTime:0.006691s ]
INFO: [ app_begin ] --END-- [ RunTime:0.007617s ]
NOTIC: [2] call_user_func() expects parameter 1 to be a valid callback, no array or string given F:\dianshang\asdfgasdfz\Library\Think\Upload.class.php 第 170 行.
SQL: SHOW COLUMNS FROM `ds_goods` [ RunTime:0.0042s ]
SQL: INSERT INTO `ds_goods` (`cat_id`,`goods_sn`,`goods_name`,`brand_id`,`goods_number`,`goods_weight`,`market_price`,`shop_price`,`warn_number`,`keywords`,`goods_brief`,`goods_desc`,`is_on_sale`,`is_shipping`,`is_best`,`is_new`,`is_hot`,`is_promote`,`sort`,`goods_img`,`goods_thumb`,`add_time`,`last_update`) VALUES ('3','sp1000001','辣条','2','1000','0.05','1.00','0.5','20','卫龙 辣条 小吃','1111','22222222','0','0','0','0','0','1','1','2018-04-27/5ae284c729282.png','2018-04-27/s5ae284c729282.png','2018-04-27 10:02:47','2018-04-27 10:02:47') [ RunTime:0.0298s ]
NOTIC: [8] Use of undefined constant index - assumed 'index' F:\dianshang\Application\Admin\Controller\GoodsController.class.php 第 152 行.
INFO: [ view_parse ] --START--
INFO: [ template_filter ] --START--
INFO: Run Behavior\ContentReplaceBehavior [ RunTime:0.000452s ]
INFO: [ template_filter ] --END-- [ RunTime:0.001128s ]
INFO: Run Behavior\ParseTemplateBehavior [ RunTime:0.060011s ]
INFO: [ view_parse ] --END-- [ RunTime:0.060761s ]
INFO: [ view_filter ] --START--
INFO: Run Behavior\WriteHtmlCacheBehavior [ RunTime:0.003250s ]
INFO: [ view_filter ] --END-- [ RunTime:0.003951s ]
INFO: [ app_end ] --START--
INFO: Run Behavior\ShowPageTraceBehavior [ RunTime:0.004625s ]
INFO: [ app_end ] --END-- [ RunTime:0.005334s ]

[ 2018-04-27T10:02:49+08:00 ] ::1 /index.php/Admin/Goods/index
INFO: [ app_init ] --START--
INFO: Run Behavior\BuildLiteBehavior [ RunTime:0.000274s ]
INFO: [ app_init ] --END-- [ RunTime:0.003707s ]
INFO: [ app_begin ] --START--
INFO: Run Behavior\ReadHtmlCacheBehavior [ RunTime:0.005991s ]
INFO: [ app_begin ] --END-- [ RunTime:0.006999s ]
SQL: SHOW COLUMNS FROM `ds_goods` [ RunTime:0.0050s ]
SQL: SELECT * FROM `ds_goods` WHERE ( is_delete=0 )  [ RunTime:0.0027s ]
SQL: SHOW COLUMNS FROM `ds_category` [ RunTime:0.0032s ]
SQL: SELECT * FROM `ds_category`  [ RunTime:0.0017s ]
SQL: SHOW COLUMNS FROM `ds_brand` [ RunTime:0.0032s ]
SQL: SELECT * FROM `ds_brand`  [ RunTime:0.0014s ]
INFO: [ view_parse ] --START--
INFO: [ template_filter ] --START--
INFO: Run Behavior\ContentReplaceBehavior [ RunTime:0.001016s ]
INFO: [ template_filter ] --END-- [ RunTime:0.001914s ]
INFO: Run Behavior\ParseTemplateBehavior [ RunTime:0.104858s ]
INFO: [ view_parse ] --END-- [ RunTime:0.106168s ]
INFO: [ view_filter ] --START--
INFO: Run Behavior\WriteHtmlCacheBehavior [ RunTime:0.005209s ]
INFO: [ view_filter ] --END-- [ RunTime:0.006126s ]
INFO: [ app_end ] --START--
INFO: Run Behavior\ShowPageTraceBehavior [ RunTime:0.009786s ]
INFO: [ app_end ] --END-- [ RunTime:0.010826s ]

[ 2018-04-27T10:03:03+08:00 ] ::1 /index.php/Admin/Goods/addsttr/goods_id/2.html
INFO: [ app_init ] --START--
INFO: Run Behavior\BuildLiteBehavior [ RunTime:0.000190s ]
INFO: [ app_init ] --END-- [ RunTime:0.004061s ]
INFO: [ app_begin ] --START--
INFO: Run Behavior\ReadHtmlCacheBehavior [ RunTime:0.005425s ]
INFO: [ app_begin ] --END-- [ RunTime:0.006443s ]
SQL: SHOW COLUMNS FROM `ds_goods_type` [ RunTime:0.0034s ]
SQL: SELECT * FROM `ds_goods_type`  [ RunTime:0.0016s ]
INFO: [ view_parse ] --START--
INFO: [ template_filter ] --START--
INFO: Run Behavior\ContentReplaceBehavior [ RunTime:0.000993s ]
INFO: [ template_filter ] --END-- [ RunTime:0.009316s ]
INFO: Run Behavior\ParseTemplateBehavior [ RunTime:0.106694s ]
INFO: [ view_parse ] --END-- [ RunTime:0.107792s ]
INFO: [ view_filter ] --START--
INFO: Run Behavior\WriteHtmlCacheBehavior [ RunTime:0.011202s ]
INFO: [ view_filter ] --END-- [ RunTime:0.012583s ]
INFO: [ app_end ] --START--
INFO: Run Behavior\ShowPageTraceBehavior [ RunTime:0.009435s ]
INFO: [ app_end ] --END-- [ RunTime:0.010928s ]

[ 2018-04-27T10:03:18+08:00 ] ::1 /index.php/Admin/Goods/shu.html
INFO: [ app_init ] --START--
INFO: Run Behavior\BuildLiteBehavior [ RunTime:0.000191s ]
INFO: [ app_init ] --END-- [ RunTime:0.009507s ]
INFO: [ app_begin ] --START--
INFO: Run Behavior\ReadHtmlCacheBehavior [ RunTime:0.005583s ]
INFO: [ app_begin ] --END-- [ RunTime:0.006406s ]
SQL: SHOW COLUMNS FROM `ds_attribute` [ RunTime:0.0033s ]
SQL: SELECT * FROM `ds_attribute` WHERE ( goods_type_id='3' )  [ RunTime:0.0015s ]
INFO: [ app_end ] --START--
INFO: Run Behavior\ShowPageTraceBehavior [ RunTime:0.004697s ]
INFO: [ app_end ] --END-- [ RunTime:0.005456s ]

[ 2018-04-27T10:03:27+08:00 ] ::1 /index.php/Admin/Goods/shu.html
INFO: [ app_init ] --START--
INFO: Run Behavior\BuildLiteBehavior [ RunTime:0.000189s ]
INFO: [ app_init ] --END-- [ RunTime:0.012292s ]
INFO: [ app_begin ] --START--
INFO: Run Behavior\ReadHtmlCacheBehavior [ RunTime:0.006169s ]
INFO: [ app_begin ] --END-- [ RunTime:0.009587s ]
SQL: SHOW COLUMNS FROM `ds_attribute` [ RunTime:0.0028s ]
SQL: SELECT * FROM `ds_attribute` WHERE ( goods_type_id='7' )  [ RunTime:0.0016s ]
INFO: [ app_end ] --START--
INFO: Run Behavior\ShowPageTraceBehavior [ RunTime:0.004771s ]
INFO: [ app_end ] --END-- [ RunTime:0.005555s ]

[ 2018-04-27T10:03:34+08:00 ] ::1 /index.php/Admin/Goods/index.html
INFO: [ app_init ] --START--
INFO: Run Behavior\BuildLiteBehavior [ RunTime:0.000160s ]
INFO: [ app_init ] --END-- [ RunTime:0.003048s ]
INFO: [ app_begin ] --START--
INFO: Run Behavior\ReadHtmlCacheBehavior [ RunTime:0.006237s ]
INFO: [ app_begin ] --END-- [ RunTime:0.007317s ]
SQL: SHOW COLUMNS FROM `ds_goods` [ RunTime:0.0044s ]
SQL: SELECT * FROM `ds_goods` WHERE ( is_delete=0 )  [ RunTime:0.0022s ]
SQL: SHOW COLUMNS FROM `ds_category` [ RunTime:0.0039s ]
SQL: SELECT * FROM `ds_category`  [ RunTime:0.0016s ]
SQL: SHOW COLUMNS FROM `ds_brand` [ RunTime:0.0027s ]
SQL: SELECT * FROM `ds_brand`  [ RunTime:0.0014s ]
INFO: [ view_parse ] --START--
INFO: [ template_filter ] --START--
INFO: Run Behavior\ContentReplaceBehavior [ RunTime:0.001984s ]
INFO: [ template_filter ] --END-- [ RunTime:0.003306s ]
INFO: Run Behavior\ParseTemplateBehavior [ RunTime:0.094886s ]
INFO: [ view_parse ] --END-- [ RunTime:0.095925s ]
INFO: [ view_filter ] --START--
INFO: Run Behavior\WriteHtmlCacheBehavior [ RunTime:0.003732s ]
INFO: [ view_filter ] --END-- [ RunTime:0.004501s ]
INFO: [ app_end ] --START--
INFO: Run Behavior\ShowPageTraceBehavior [ RunTime:0.006678s ]
INFO: [ app_end ] --END-- [ RunTime:0.009093s ]

[ 2018-04-27T10:03:37+08:00 ] ::1 /index.php/Admin/Goods/attr/goods_id/1.html
INFO: [ app_init ] --START--
INFO: Run Behavior\BuildLiteBehavior [ RunTime:0.000183s ]
INFO: [ app_init ] --END-- [ RunTime:0.003709s ]
INFO: [ app_begin ] --START--
INFO: Run Behavior\ReadHtmlCacheBehavior [ RunTime:0.010401s ]
INFO: [ app_begin ] --END-- [ RunTime:0.011911s ]
SQL: SHOW COLUMNS FROM `ds_goods_attr` [ RunTime:0.0037s ]
SQL: SELECT * FROM ds_goods_attr a INNER JOIN ds_attribute b on a.attr_id=b.attr_id  WHERE ( goods_id=1 ) ORDER BY a.attr_id  [ RunTime:0.0037s ]
INFO: [ view_parse ] --START--
INFO: [ template_filter ] --START--
INFO: Run Behavior\ContentReplaceBehavior [ RunTime:0.000838s ]
INFO: [ template_filter ] --END-- [ RunTime:0.001908s ]
INFO: Run Behavior\ParseTemplateBehavior [ RunTime:0.097526s ]
INFO: [ view_parse ] --END-- [ RunTime:0.098731s ]
INFO: [ view_filter ] --START--
INFO: Run Behavior\WriteHtmlCacheBehavior [ RunTime:0.003600s ]
INFO: [ view_filter ] --END-- [ RunTime:0.004496s ]
INFO: [ app_end ] --START--
INFO: Run Behavior\ShowPageTraceBehavior [ RunTime:0.013589s ]
INFO: [ app_end ] --END-- [ RunTime:0.015091s ]

[ 2018-04-27T10:03:49+08:00 ] ::1 /index.php/Admin/Goods/index.html
INFO: [ app_init ] --START--
INFO: Run Behavior\BuildLiteBehavior [ RunTime:0.000327s ]
INFO: [ app_init ] --END-- [ RunTime:0.006434s ]
INFO: [ app_begin ] --START--
INFO: Run Behavior\ReadHtmlCacheBehavior [ RunTime:0.004039s ]
INFO: [ app_begin ] --END-- [ RunTime:0.004870s ]
SQL: SHOW COLUMNS FROM `ds_goods` [ RunTime:0.0038s ]
SQL: SELECT * FROM `ds_goods` WHERE ( is_delete=0 )  [ RunTime:0.0022s ]
SQL: SHOW COLUMNS FROM `ds_category` [ RunTime:0.0037s ]
SQL: SELECT * FROM `ds_category`  [ RunTime:0.0015s ]
SQL: SHOW COLUMNS FROM `ds_brand` [ RunTime:0.0028s ]
SQL: SELECT * FROM `ds_brand`  [ RunTime:0.0016s ]
INFO: [ view_parse ] --START--
INFO: [ template_filter ] --START--
INFO: Run Behavior\ContentReplaceBehavior [ RunTime:0.003876s ]
INFO: [ template_filter ] --END-- [ RunTime:0.004687s ]
INFO: Run Behavior\ParseTemplateBehavior [ RunTime:0.202323s ]
INFO: [ view_parse ] --END-- [ RunTime:0.203276s ]
INFO: [ view_filter ] --START--
INFO: Run Behavior\WriteHtmlCacheBehavior [ RunTime:0.006609s ]
INFO: [ view_filter ] --END-- [ RunTime:0.007502s ]
INFO: [ app_end ] --START--
INFO: Run Behavior\ShowPageTraceBehavior [ RunTime:0.009535s ]
INFO: [ app_end ] --END-- [ RunTime:0.012094s ]

[ 2018-04-27T10:03:55+08:00 ] ::1 /index.php/Admin/Goods/attr/goods_id/1.html
INFO: [ app_init ] --START--
INFO: Run Behavior\BuildLiteBehavior [ RunTime:0.000185s ]
INFO: [ app_init ] --END-- [ RunTime:0.003897s ]
INFO: [ app_begin ] --START--
INFO: Run Behavior\ReadHtmlCacheBehavior [ RunTime:0.009132s ]
INFO: [ app_begin ] --END-- [ RunTime:0.010122s ]
SQL: SHOW COLUMNS FROM `ds_goods_attr` [ RunTime:0.0034s ]
SQL: SELECT * FROM ds_goods_attr a INNER JOIN ds_attribute b on a.attr_id=b.attr_id  WHERE ( goods_id=1 ) ORDER BY a.attr_id  [ RunTime:0.0028s ]
INFO: [ view_parse ] --START--
INFO: [ template_filter ] --START--
INFO: Run Behavior\ContentReplaceBehavior [ RunTime:0.000709s ]
INFO: [ template_filter ] --END-- [ RunTime:0.001522s ]
INFO: Run Behavior\ParseTemplateBehavior [ RunTime:0.057245s ]
INFO: [ view_parse ] --END-- [ RunTime:0.058148s ]
INFO: [ view_filter ] --START--
INFO: Run Behavior\WriteHtmlCacheBehavior [ RunTime:0.005054s ]
INFO: [ view_filter ] --END-- [ RunTime:0.005816s ]
INFO: [ app_end ] --START--
INFO: Run Behavior\ShowPageTraceBehavior [ RunTime:0.007923s ]
INFO: [ app_end ] --END-- [ RunTime:0.008790s ]

[ 2018-04-27T10:04:01+08:00 ] ::1 /index.php/Admin/Goods/index.html
INFO: [ app_init ] --START--
INFO: Run Behavior\BuildLiteBehavior [ RunTime:0.002114s ]
INFO: [ app_init ] --END-- [ RunTime:0.006224s ]
INFO: [ app_begin ] --START--
INFO: Run Behavior\ReadHtmlCacheBehavior [ RunTime:0.012314s ]
INFO: [ app_begin ] --END-- [ RunTime:0.013579s ]
SQL: SHOW COLUMNS FROM `ds_goods` [ RunTime:0.0045s ]
SQL: SELECT * FROM `ds_goods` WHERE ( is_delete=0 )  [ RunTime:0.0024s ]
SQL: SHOW COLUMNS FROM `ds_category` [ RunTime:0.0036s ]
SQL: SELECT * FROM `ds_category`  [ RunTime:0.0017s ]
SQL: SHOW COLUMNS FROM `ds_brand` [ RunTime:0.0034s ]
SQL: SELECT * FROM `ds_brand`  [ RunTime:0.0019s ]
INFO: [ view_parse ] --START--
INFO: [ template_filter ] --START--
INFO: Run Behavior\ContentReplaceBehavior [ RunTime:0.000878s ]
INFO: [ template_filter ] --END-- [ RunTime:0.001674s ]
INFO: Run Behavior\ParseTemplateBehavior [ RunTime:0.123628s ]
INFO: [ view_parse ] --END-- [ RunTime:0.124484s ]
INFO: [ view_filter ] --START--
INFO: Run Behavior\WriteHtmlCacheBehavior [ RunTime:0.004127s ]
INFO: [ view_filter ] --END-- [ RunTime:0.005003s ]
INFO: [ app_end ] --START--
INFO: Run Behavior\ShowPageTraceBehavior [ RunTime:0.007454s ]
INFO: [ app_end ] --END-- [ RunTime:0.009578s ]

[ 2018-04-27T10:04:03+08:00 ] ::1 /index.php/Admin/Goods/products/goods_id/1.html
INFO: [ app_init ] --START--
INFO: Run Behavior\BuildLiteBehavior [ RunTime:0.000194s ]
INFO: [ app_init ] --END-- [ RunTime:0.006578s ]
INFO: [ app_begin ] --START--
INFO: Run Behavior\ReadHtmlCacheBehavior [ RunTime:0.009021s ]
INFO: [ app_begin ] --END-- [ RunTime:0.010169s ]
SQL: SHOW COLUMNS FROM `ds_products` [ RunTime:0.0034s ]
SQL: SELECT * FROM `ds_products` WHERE ( goods_id=1 )  [ RunTime:0.0021s ]
INFO: [ view_parse ] --START--
INFO: [ template_filter ] --START--
INFO: Run Behavior\ContentReplaceBehavior [ RunTime:0.000928s ]
INFO: [ template_filter ] --END-- [ RunTime:0.001952s ]
INFO: Run Behavior\ParseTemplateBehavior [ RunTime:0.088263s ]
INFO: [ view_parse ] --END-- [ RunTime:0.089341s ]
INFO: [ view_filter ] --START--
INFO: Run Behavior\WriteHtmlCacheBehavior [ RunTime:0.003990s ]
INFO: [ view_filter ] --END-- [ RunTime:0.004945s ]
INFO: [ app_end ] --START--
INFO: Run Behavior\ShowPageTraceBehavior [ RunTime:0.005020s ]
INFO: [ app_end ] --END-- [ RunTime:0.006008s ]

[ 2018-04-27T10:04:29+08:00 ] ::1 /index.php/Admin/Goods/index.html
INFO: [ app_init ] --START--
INFO: Run Behavior\BuildLiteBehavior [ RunTime:0.000163s ]
INFO: [ app_init ] --END-- [ RunTime:0.003400s ]
INFO: [ app_begin ] --START--
INFO: Run Behavior\ReadHtmlCacheBehavior [ RunTime:0.004702s ]
INFO: [ app_begin ] --END-- [ RunTime:0.005571s ]
SQL: SHOW COLUMNS FROM `ds_goods` [ RunTime:0.0041s ]
SQL: SELECT * FROM `ds_goods` WHERE ( is_delete=0 )  [ RunTime:0.0023s ]
SQL: SHOW COLUMNS FROM `ds_category` [ RunTime:0.0029s ]
SQL: SELECT * FROM `ds_category`  [ RunTime:0.0018s ]
SQL: SHOW COLUMNS FROM `ds_brand` [ RunTime:0.0027s ]
SQL: SELECT * FROM `ds_brand`  [ RunTime:0.0014s ]
INFO: [ view_parse ] --START--
INFO: [ template_filter ] --START--
INFO: Run Behavior\ContentReplaceBehavior [ RunTime:0.000922s ]
INFO: [ template_filter ] --END-- [ RunTime:0.001748s ]
INFO: Run Behavior\ParseTemplateBehavior [ RunTime:0.093716s ]
INFO: [ view_parse ] --END-- [ RunTime:0.094712s ]
INFO: [ view_filter ] --START--
INFO: Run Behavior\WriteHtmlCacheBehavior [ RunTime:0.003486s ]
INFO: [ view_filter ] --END-- [ RunTime:0.004958s ]
INFO: [ app_end ] --START--
INFO: Run Behavior\ShowPageTraceBehavior [ RunTime:0.004214s ]
INFO: [ app_end ] --END-- [ RunTime:0.007508s ]

[ 2018-04-27T10:04:31+08:00 ] ::1 /index.php/Admin/Goods/products/goods_id/1.html
INFO: [ app_init ] --START--
INFO: Run Behavior\BuildLiteBehavior [ RunTime:0.000182s ]
INFO: [ app_init ] --END-- [ RunTime:0.003507s ]
INFO: [ app_begin ] --START--
INFO: Run Behavior\ReadHtmlCacheBehavior [ RunTime:0.004585s ]
INFO: [ app_begin ] --END-- [ RunTime:0.005553s ]
SQL: SHOW COLUMNS FROM `ds_products` [ RunTime:0.0034s ]
SQL: SELECT * FROM `ds_products` WHERE ( goods_id=1 )  [ RunTime:0.0018s ]
INFO: [ view_parse ] --START--
INFO: [ template_filter ] --START--
INFO: Run Behavior\ContentReplaceBehavior [ RunTime:0.000882s ]
INFO: [ template_filter ] --END-- [ RunTime:0.002761s ]
INFO: Run Behavior\ParseTemplateBehavior [ RunTime:0.066041s ]
INFO: [ view_parse ] --END-- [ RunTime:0.067047s ]
INFO: [ view_filter ] --START--
INFO: Run Behavior\WriteHtmlCacheBehavior [ RunTime:0.003683s ]
INFO: [ view_filter ] --END-- [ RunTime:0.004582s ]
INFO: [ app_end ] --START--
INFO: Run Behavior\ShowPageTraceBehavior [ RunTime:0.006393s ]
INFO: [ app_end ] --END-- [ RunTime:0.007938s ]

[ 2018-04-27T10:04:38+08:00 ] ::1 /index.php/Admin/Goods/index.html
INFO: [ app_init ] --START--
INFO: Run Behavior\BuildLiteBehavior [ RunTime:0.000203s ]
INFO: [ app_init ] --END-- [ RunTime:0.045474s ]
INFO: [ app_begin ] --START--
INFO: Run Behavior\ReadHtmlCacheBehavior [ RunTime:0.013430s ]
INFO: [ app_begin ] --END-- [ RunTime:0.015746s ]
SQL: SHOW COLUMNS FROM `ds_goods` [ RunTime:0.0034s ]
SQL: SELECT * FROM `ds_goods` WHERE ( is_delete=0 )  [ RunTime:0.0020s ]
SQL: SHOW COLUMNS FROM `ds_category` [ RunTime:0.0029s ]
SQL: SELECT * FROM `ds_category`  [ RunTime:0.0019s ]
SQL: SHOW COLUMNS FROM `ds_brand` [ RunTime:0.0027s ]
SQL: SELECT * FROM `ds_brand`  [ RunTime:0.0016s ]
INFO: [ view_parse ] --START--
INFO: [ template_filter ] --START--
INFO: Run Behavior\ContentReplaceBehavior [ RunTime:0.001673s ]
INFO: [ template_filter ] --END-- [ RunTime:0.006240s ]
INFO: Run Behavior\ParseTemplateBehavior [ RunTime:0.159160s ]
INFO: [ view_parse ] --END-- [ RunTime:0.160085s ]
INFO: [ view_filter ] --START--
INFO: Run Behavior\WriteHtmlCacheBehavior [ RunTime:0.005895s ]
INFO: [ view_filter ] --END-- [ RunTime:0.007209s ]
INFO: [ app_end ] --START--
INFO: Run Behavior\ShowPageTraceBehavior [ RunTime:0.021670s ]
INFO: [ app_end ] --END-- [ RunTime:0.022723s ]

[ 2018-04-27T10:04:40+08:00 ] ::1 /index.php/Admin/Goods/addsttr/goods_id/1.html
INFO: [ app_init ] --START--
INFO: Run Behavior\BuildLiteBehavior [ RunTime:0.000186s ]
INFO: [ app_init ] --END-- [ RunTime:0.003538s ]
INFO: [ app_begin ] --START--
INFO: Run Behavior\ReadHtmlCacheBehavior [ RunTime:0.004768s ]
INFO: [ app_begin ] --END-- [ RunTime:0.005732s ]
SQL: SHOW COLUMNS FROM `ds_goods_type` [ RunTime:0.0028s ]
SQL: SELECT * FROM `ds_goods_type`  [ RunTime:0.0014s ]
INFO: [ view_parse ] --START--
INFO: [ template_filter ] --START--
INFO: Run Behavior\ContentReplaceBehavior [ RunTime:0.000641s ]
INFO: [ template_filter ] --END-- [ RunTime:0.001687s ]
INFO: Run Behavior\ParseTemplateBehavior [ RunTime:0.058622s ]
INFO: [ view_parse ] --END-- [ RunTime:0.059583s ]
INFO: [ view_filter ] --START--
INFO: Run Behavior\WriteHtmlCacheBehavior [ RunTime:0.003947s ]
INFO: [ view_filter ] --END-- [ RunTime:0.004929s ]
INFO: [ app_end ] --START--
INFO: Run Behavior\ShowPageTraceBehavior [ RunTime:0.006263s ]
INFO: [ app_end ] --END-- [ RunTime:0.007250s ]

[ 2018-04-27T10:04:43+08:00 ] ::1 /index.php/Admin/Goods/shu.html
INFO: [ app_init ] --START--
INFO: Run Behavior\BuildLiteBehavior [ RunTime:0.000191s ]
INFO: [ app_init ] --END-- [ RunTime:0.003220s ]
INFO: [ app_begin ] --START--
INFO: Run Behavior\ReadHtmlCacheBehavior [ RunTime:0.005908s ]
INFO: [ app_begin ] --END-- [ RunTime:0.006768s ]
SQL: SHOW COLUMNS FROM `ds_attribute` [ RunTime:0.0034s ]
SQL: SELECT * FROM `ds_attribute` WHERE ( goods_type_id='7' )  [ RunTime:0.0016s ]
INFO: [ app_end ] --START--
INFO: Run Behavior\ShowPageTraceBehavior [ RunTime:0.004863s ]
INFO: [ app_end ] --END-- [ RunTime:0.005649s ]

[ 2018-04-27T10:05:03+08:00 ] ::1 /index.php/Admin/Goods/doaddattr.html
INFO: [ app_init ] --START--
INFO: Run Behavior\BuildLiteBehavior [ RunTime:0.000196s ]
INFO: [ app_init ] --END-- [ RunTime:0.003554s ]
INFO: [ app_begin ] --START--
INFO: Run Behavior\ReadHtmlCacheBehavior [ RunTime:0.005527s ]
INFO: [ app_begin ] --END-- [ RunTime:0.006474s ]
SQL: SHOW COLUMNS FROM `ds_goods_attr` [ RunTime:0.0033s ]
SQL: SELECT * FROM `ds_goods_attr` WHERE ( attr_value='黑色' ) LIMIT 1   [ RunTime:0.0020s ]
SQL: INSERT INTO `ds_goods_attr` (`goods_id`,`attr_id`,`attr_value`,`attr_price`) VALUES ('1','6','黑色','600') [ RunTime:0.0227s ]
SQL: SELECT * FROM `ds_goods_attr` WHERE ( attr_value='50' ) LIMIT 1   [ RunTime:0.0015s ]
INFO: [ view_parse ] --START--
INFO: [ template_filter ] --START--
INFO: Run Behavior\ContentReplaceBehavior [ RunTime:0.000749s ]
INFO: [ template_filter ] --END-- [ RunTime:0.002077s ]
INFO: Run Behavior\ParseTemplateBehavior [ RunTime:0.047175s ]
INFO: [ view_parse ] --END-- [ RunTime:0.048130s ]
INFO: [ view_filter ] --START--
INFO: Run Behavior\WriteHtmlCacheBehavior [ RunTime:0.005209s ]
INFO: [ view_filter ] --END-- [ RunTime:0.006437s ]
INFO: [ app_end ] --START--
INFO: Run Behavior\ShowPageTraceBehavior [ RunTime:0.004659s ]
INFO: [ app_end ] --END-- [ RunTime:0.005555s ]

[ 2018-04-27T10:05:05+08:00 ] ::1 /index.php/Admin/Goods/addsttr/goods_id/1.html
INFO: [ app_init ] --START--
INFO: Run Behavior\BuildLiteBehavior [ RunTime:0.000193s ]
INFO: [ app_init ] --END-- [ RunTime:0.004156s ]
INFO: [ app_begin ] --START--
INFO: Run Behavior\ReadHtmlCacheBehavior [ RunTime:0.007248s ]
INFO: [ app_begin ] --END-- [ RunTime:0.008515s ]
SQL: SHOW COLUMNS FROM `ds_goods_type` [ RunTime:0.0027s ]
SQL: SELECT * FROM `ds_goods_type`  [ RunTime:0.0012s ]
INFO: [ view_parse ] --START--
INFO: [ template_filter ] --START--
INFO: Run Behavior\ContentReplaceBehavior [ RunTime:0.000547s ]
INFO: [ template_filter ] --END-- [ RunTime:0.001323s ]
INFO: Run Behavior\ParseTemplateBehavior [ RunTime:0.051266s ]
INFO: [ view_parse ] --END-- [ RunTime:0.052156s ]
INFO: [ view_filter ] --START--
INFO: Run Behavior\WriteHtmlCacheBehavior [ RunTime:0.004275s ]
INFO: [ view_filter ] --END-- [ RunTime:0.005039s ]
INFO: [ app_end ] --START--
INFO: Run Behavior\ShowPageTraceBehavior [ RunTime:0.004207s ]
INFO: [ app_end ] --END-- [ RunTime:0.004999s ]

[ 2018-04-27T10:05:08+08:00 ] ::1 /index.php/Admin/Goods/index.html
INFO: [ app_init ] --START--
INFO: Run Behavior\BuildLiteBehavior [ RunTime:0.000732s ]
INFO: [ app_init ] --END-- [ RunTime:0.026879s ]
INFO: [ app_begin ] --START--
INFO: Run Behavior\ReadHtmlCacheBehavior [ RunTime:0.055634s ]
INFO: [ app_begin ] --END-- [ RunTime:0.056684s ]
SQL: SHOW COLUMNS FROM `ds_goods` [ RunTime:0.0038s ]
SQL: SELECT * FROM `ds_goods` WHERE ( is_delete=0 )  [ RunTime:0.0026s ]
SQL: SHOW COLUMNS FROM `ds_category` [ RunTime:0.0031s ]
SQL: SELECT * FROM `ds_category`  [ RunTime:0.0015s ]
SQL: SHOW COLUMNS FROM `ds_brand` [ RunTime:0.0040s ]
SQL: SELECT * FROM `ds_brand`  [ RunTime:0.0014s ]
INFO: [ view_parse ] --START--
INFO: [ template_filter ] --START--
INFO: Run Behavior\ContentReplaceBehavior [ RunTime:0.001302s ]
INFO: [ template_filter ] --END-- [ RunTime:0.002338s ]
INFO: Run Behavior\ParseTemplateBehavior [ RunTime:0.237473s ]
INFO: [ view_parse ] --END-- [ RunTime:0.239189s ]
INFO: [ view_filter ] --START--
INFO: Run Behavior\WriteHtmlCacheBehavior [ RunTime:0.003925s ]
INFO: [ view_filter ] --END-- [ RunTime:0.004688s ]
INFO: [ app_end ] --START--
INFO: Run Behavior\ShowPageTraceBehavior [ RunTime:0.032712s ]
INFO: [ app_end ] --END-- [ RunTime:0.034892s ]

[ 2018-04-27T10:05:10+08:00 ] ::1 /index.php/Admin/Goods/attr/goods_id/1.html
INFO: [ app_init ] --START--
INFO: Run Behavior\BuildLiteBehavior [ RunTime:0.000182s ]
INFO: [ app_init ] --END-- [ RunTime:0.003317s ]
INFO: [ app_begin ] --START--
INFO: Run Behavior\ReadHtmlCacheBehavior [ RunTime:0.005160s ]
INFO: [ app_begin ] --END-- [ RunTime:0.006298s ]
SQL: SHOW COLUMNS FROM `ds_goods_attr` [ RunTime:0.0027s ]
SQL: SELECT * FROM ds_goods_attr a INNER JOIN ds_attribute b on a.attr_id=b.attr_id  WHERE ( goods_id=1 ) ORDER BY a.attr_id  [ RunTime:0.0025s ]
INFO: [ view_parse ] --START--
INFO: [ template_filter ] --START--
INFO: Run Behavior\ContentReplaceBehavior [ RunTime:0.000843s ]
INFO: [ template_filter ] --END-- [ RunTime:0.001759s ]
INFO: Run Behavior\ParseTemplateBehavior [ RunTime:0.062336s ]
INFO: [ view_parse ] --END-- [ RunTime:0.063421s ]
INFO: [ view_filter ] --START--
INFO: Run Behavior\WriteHtmlCacheBehavior [ RunTime:0.004140s ]
INFO: [ view_filter ] --END-- [ RunTime:0.005166s ]
INFO: [ app_end ] --START--
INFO: Run Behavior\ShowPageTraceBehavior [ RunTime:0.073429s ]
INFO: [ app_end ] --END-- [ RunTime:0.075075s ]

