[ 2018-04-25T08:59:09+08:00 ] ::1 /Public/Admin/welcome.html
INFO: [ app_init ] --START--
INFO: Run Behavior\BuildLiteBehavior [ RunTime:0.000157s ]
INFO: [ app_init ] --END-- [ RunTime:0.003048s ]
ERR: 无法加载模块:Public

[ 2018-04-25T08:59:12+08:00 ] ::1 /favicon.ico
INFO: [ app_init ] --START--
INFO: Run Behavior\BuildLiteBehavior [ RunTime:0.000165s ]
INFO: [ app_init ] --END-- [ RunTime:0.003679s ]
ERR: 无法加载模块:Favicon

[ 2018-04-25T09:03:43+08:00 ] ::1 /Public/Admin/welcome.html
INFO: [ app_init ] --START--
INFO: Run Behavior\BuildLiteBehavior [ RunTime:0.000119s ]
INFO: [ app_init ] --END-- [ RunTime:0.012940s ]
ERR: 无法加载模块:Public

[ 2018-04-25T09:05:24+08:00 ] ::1 /Public/Admin/welcome.html
INFO: [ app_init ] --START--
INFO: Run Behavior\BuildLiteBehavior [ RunTime:0.000147s ]
INFO: [ app_init ] --END-- [ RunTime:0.023322s ]
ERR: 无法加载模块:Public

[ 2018-04-25T09:07:29+08:00 ] ::1 /Public/Admin/welcome.html
INFO: [ app_init ] --START--
INFO: Run Behavior\BuildLiteBehavior [ RunTime:0.000284s ]
INFO: [ app_init ] --END-- [ RunTime:0.005398s ]
ERR: 无法加载模块:Public

[ 2018-04-25T09:08:31+08:00 ] ::1 /Public/Admin/welcome.html
INFO: [ app_init ] --START--
INFO: Run Behavior\BuildLiteBehavior [ RunTime:0.000157s ]
INFO: [ app_init ] --END-- [ RunTime:0.004504s ]
ERR: 无法加载模块:Public

[ 2018-04-25T09:09:42+08:00 ] ::1 /Public/Admin/welcome.html
INFO: [ app_init ] --START--
INFO: Run Behavior\BuildLiteBehavior [ RunTime:0.000145s ]
INFO: [ app_init ] --END-- [ RunTime:0.003165s ]
ERR: 无法加载模块:Public

[ 2018-04-25T09:11:31+08:00 ] ::1 /Public/Admin/welcome.html
INFO: [ app_init ] --START--
INFO: Run Behavior\BuildLiteBehavior [ RunTime:0.000154s ]
INFO: [ app_init ] --END-- [ RunTime:0.006368s ]
ERR: 无法加载模块:Public

[ 2018-04-25T09:19:10+08:00 ] ::1 /Public/Admin/welcome.html
INFO: [ app_init ] --START--
INFO: Run Behavior\BuildLiteBehavior [ RunTime:0.000150s ]
INFO: [ app_init ] --END-- [ RunTime:0.002543s ]
ERR: 无法加载模块:Public

[ 2018-04-25T09:22:06+08:00 ] ::1 /Public/Admin/welcome.html
INFO: [ app_init ] --START--
INFO: Run Behavior\BuildLiteBehavior [ RunTime:0.000132s ]
INFO: [ app_init ] --END-- [ RunTime:0.007047s ]
ERR: 无法加载模块:Public

[ 2018-04-25T09:24:44+08:00 ] ::1 /Public/Admin/welcome.html
INFO: [ app_init ] --START--
INFO: Run Behavior\BuildLiteBehavior [ RunTime:0.000424s ]
INFO: [ app_init ] --END-- [ RunTime:0.009080s ]
ERR: 无法加载模块:Public

[ 2018-04-25T09:30:17+08:00 ] ::1 /Public/Admin/welcome.html
INFO: [ app_init ] --START--
INFO: Run Behavior\BuildLiteBehavior [ RunTime:0.000164s ]
INFO: [ app_init ] --END-- [ RunTime:0.007470s ]
ERR: 无法加载模块:Public

[ 2018-04-25T09:39:31+08:00 ] ::1 /Public/Admin/welcome.html
INFO: [ app_init ] --START--
INFO: Run Behavior\BuildLiteBehavior [ RunTime:0.000489s ]
INFO: [ app_init ] --END-- [ RunTime:0.008822s ]
ERR: 无法加载模块:Public

[ 2018-04-25T09:57:59+08:00 ] ::1 /Public/Admin/welcome.html
INFO: [ app_init ] --START--
INFO: Run Behavior\BuildLiteBehavior [ RunTime:0.000140s ]
INFO: [ app_init ] --END-- [ RunTime:0.005086s ]
ERR: 无法加载模块:Public

[ 2018-04-25T10:07:06+08:00 ] ::1 /Public/Admin/welcome.html
INFO: [ app_init ] --START--
INFO: Run Behavior\BuildLiteBehavior [ RunTime:0.000263s ]
INFO: [ app_init ] --END-- [ RunTime:0.003437s ]
ERR: 无法加载模块:Public

[ 2018-04-25T10:08:27+08:00 ] ::1 /Public/Admin/welcome.html
INFO: [ app_init ] --START--
INFO: Run Behavior\BuildLiteBehavior [ RunTime:0.000172s ]
INFO: [ app_init ] --END-- [ RunTime:0.003833s ]
ERR: 无法加载模块:Public

[ 2018-04-25T10:57:57+08:00 ] ::1 /Public/Admin/welcome.html
INFO: [ app_init ] --START--
INFO: Run Behavior\BuildLiteBehavior [ RunTime:0.000663s ]
INFO: [ app_init ] --END-- [ RunTime:0.004859s ]
ERR: 无法加载模块:Public

[ 2018-04-25T10:58:47+08:00 ] ::1 /Public/Admin/welcome.html
INFO: [ app_init ] --START--
INFO: Run Behavior\BuildLiteBehavior [ RunTime:0.000145s ]
INFO: [ app_init ] --END-- [ RunTime:0.010973s ]
ERR: 无法加载模块:Public

[ 2018-04-25T10:59:43+08:00 ] ::1 /Public/Admin/welcome.html
INFO: [ app_init ] --START--
INFO: Run Behavior\BuildLiteBehavior [ RunTime:0.000516s ]
INFO: [ app_init ] --END-- [ RunTime:0.004057s ]
ERR: 无法加载模块:Public

[ 2018-04-25T11:01:19+08:00 ] ::1 /Public/Admin/welcome.html
INFO: [ app_init ] --START--
INFO: Run Behavior\BuildLiteBehavior [ RunTime:0.000143s ]
INFO: [ app_init ] --END-- [ RunTime:0.004361s ]
ERR: 无法加载模块:Public

[ 2018-04-25T11:02:47+08:00 ] ::1 /Public/Admin/welcome.html
INFO: [ app_init ] --START--
INFO: Run Behavior\BuildLiteBehavior [ RunTime:0.000160s ]
INFO: [ app_init ] --END-- [ RunTime:0.011058s ]
ERR: 无法加载模块:Public

[ 2018-04-25T11:04:05+08:00 ] ::1 /Public/Admin/welcome.html
INFO: [ app_init ] --START--
INFO: Run Behavior\BuildLiteBehavior [ RunTime:0.000120s ]
INFO: [ app_init ] --END-- [ RunTime:0.003219s ]
ERR: 无法加载模块:Public

[ 2018-04-25T11:05:02+08:00 ] ::1 /Public/Admin/welcome.html
INFO: [ app_init ] --START--
INFO: Run Behavior\BuildLiteBehavior [ RunTime:0.000152s ]
INFO: [ app_init ] --END-- [ RunTime:0.003607s ]
ERR: 无法加载模块:Public

[ 2018-04-25T11:05:09+08:00 ] ::1 /Public/Admin/welcome.html
INFO: [ app_init ] --START--
INFO: Run Behavior\BuildLiteBehavior [ RunTime:0.000135s ]
INFO: [ app_init ] --END-- [ RunTime:0.002886s ]
ERR: 无法加载模块:Public

[ 2018-04-25T11:05:58+08:00 ] ::1 /Public/Admin/welcome.html
INFO: [ app_init ] --START--
INFO: Run Behavior\BuildLiteBehavior [ RunTime:0.000148s ]
INFO: [ app_init ] --END-- [ RunTime:0.003603s ]
ERR: 无法加载模块:Public

[ 2018-04-25T11:10:04+08:00 ] ::1 /Public/Admin/welcome.html
INFO: [ app_init ] --START--
INFO: Run Behavior\BuildLiteBehavior [ RunTime:0.000156s ]
INFO: [ app_init ] --END-- [ RunTime:0.043733s ]
ERR: 无法加载模块:Public

[ 2018-04-25T11:11:20+08:00 ] ::1 /Public/Admin/welcome.html
INFO: [ app_init ] --START--
INFO: Run Behavior\BuildLiteBehavior [ RunTime:0.000147s ]
INFO: [ app_init ] --END-- [ RunTime:0.058642s ]
ERR: 无法加载模块:Public

[ 2018-04-25T11:15:26+08:00 ] ::1 /Public/Admin/welcome.html
INFO: [ app_init ] --START--
INFO: Run Behavior\BuildLiteBehavior [ RunTime:0.000145s ]
INFO: [ app_init ] --END-- [ RunTime:0.026377s ]
ERR: 无法加载模块:Public

[ 2018-04-25T11:18:18+08:00 ] ::1 /Public/Admin/welcome.html
INFO: [ app_init ] --START--
INFO: Run Behavior\BuildLiteBehavior [ RunTime:0.000129s ]
INFO: [ app_init ] --END-- [ RunTime:0.014436s ]
ERR: 无法加载模块:Public

[ 2018-04-25T11:51:32+08:00 ] ::1 /Public/Admin/welcome.html
INFO: [ app_init ] --START--
INFO: Run Behavior\BuildLiteBehavior [ RunTime:0.000153s ]
INFO: [ app_init ] --END-- [ RunTime:0.007198s ]
ERR: 无法加载模块:Public

[ 2018-04-25T11:52:32+08:00 ] ::1 /Public/Admin/welcome.html
INFO: [ app_init ] --START--
INFO: Run Behavior\BuildLiteBehavior [ RunTime:0.000337s ]
INFO: [ app_init ] --END-- [ RunTime:0.007209s ]
ERR: 无法加载模块:Public

[ 2018-04-25T11:52:44+08:00 ] ::1 /Public/Admin/welcome.html
INFO: [ app_init ] --START--
INFO: Run Behavior\BuildLiteBehavior [ RunTime:0.000151s ]
INFO: [ app_init ] --END-- [ RunTime:0.003247s ]
ERR: 无法加载模块:Public

[ 2018-04-25T11:54:25+08:00 ] ::1 /Public/Admin/welcome.html
INFO: [ app_init ] --START--
INFO: Run Behavior\BuildLiteBehavior [ RunTime:0.000157s ]
INFO: [ app_init ] --END-- [ RunTime:0.017616s ]
ERR: 无法加载模块:Public

[ 2018-04-25T11:54:28+08:00 ] ::1 /Public/Admin/welcome.html
INFO: [ app_init ] --START--
INFO: Run Behavior\BuildLiteBehavior [ RunTime:0.000116s ]
INFO: [ app_init ] --END-- [ RunTime:0.002908s ]
ERR: 无法加载模块:Public

[ 2018-04-25T11:59:38+08:00 ] ::1 /Public/Admin/welcome.html
INFO: [ app_init ] --START--
INFO: Run Behavior\BuildLiteBehavior [ RunTime:0.000142s ]
INFO: [ app_init ] --END-- [ RunTime:0.021184s ]
ERR: 无法加载模块:Public

[ 2018-04-25T12:01:43+08:00 ] ::1 /Public/Admin/welcome.html
INFO: [ app_init ] --START--
INFO: Run Behavior\BuildLiteBehavior [ RunTime:0.000182s ]
INFO: [ app_init ] --END-- [ RunTime:0.008328s ]
ERR: 无法加载模块:Public

[ 2018-04-25T16:07:39+08:00 ] ::1 /Public/Admin/welcome.html
INFO: [ app_init ] --START--
INFO: Run Behavior\BuildLiteBehavior [ RunTime:0.000193s ]
INFO: [ app_init ] --END-- [ RunTime:0.007162s ]
ERR: 无法加载模块:Public

[ 2018-04-25T16:08:04+08:00 ] ::1 /Public/Admin/welcome.html
INFO: [ app_init ] --START--
INFO: Run Behavior\BuildLiteBehavior [ RunTime:0.000163s ]
INFO: [ app_init ] --END-- [ RunTime:0.041629s ]
ERR: 无法加载模块:Public

[ 2018-04-25T16:13:40+08:00 ] ::1 /Public/Admin/welcome.html
INFO: [ app_init ] --START--
INFO: Run Behavior\BuildLiteBehavior [ RunTime:0.000155s ]
INFO: [ app_init ] --END-- [ RunTime:0.004403s ]
ERR: 无法加载模块:Public

[ 2018-04-25T16:19:07+08:00 ] ::1 /Public/Admin/welcome.html
INFO: [ app_init ] --START--
INFO: Run Behavior\BuildLiteBehavior [ RunTime:0.000120s ]
INFO: [ app_init ] --END-- [ RunTime:0.008370s ]
ERR: 无法加载模块:Public

[ 2018-04-25T16:21:36+08:00 ] ::1 /Public/Admin/welcome.html
INFO: [ app_init ] --START--
INFO: Run Behavior\BuildLiteBehavior [ RunTime:0.000529s ]
INFO: [ app_init ] --END-- [ RunTime:0.004380s ]
ERR: 无法加载模块:Public

[ 2018-04-25T16:30:10+08:00 ] ::1 /Public/Admin/welcome.html
INFO: [ app_init ] --START--
INFO: Run Behavior\BuildLiteBehavior [ RunTime:0.000895s ]
INFO: [ app_init ] --END-- [ RunTime:0.009411s ]
ERR: 无法加载模块:Public

[ 2018-04-25T16:50:58+08:00 ] ::1 /Public/Admin/welcome.html
INFO: [ app_init ] --START--
INFO: Run Behavior\BuildLiteBehavior [ RunTime:0.000158s ]
INFO: [ app_init ] --END-- [ RunTime:0.019016s ]
ERR: 无法加载模块:Public

[ 2018-04-25T17:06:35+08:00 ] ::1 /Public/Admin/welcome.html
INFO: [ app_init ] --START--
INFO: Run Behavior\BuildLiteBehavior [ RunTime:0.000172s ]
INFO: [ app_init ] --END-- [ RunTime:0.015991s ]
ERR: 无法加载模块:Public

