[ 2018-05-04T08:59:53+08:00 ] ::1 /favicon.ico
INFO: [ app_init ] --START--
INFO: Run Behavior\BuildLiteBehavior [ RunTime:0.000160s ]
INFO: [ app_init ] --END-- [ RunTime:0.004641s ]
ERR: 无法加载模块:Favicon

[ 2018-05-04T09:16:20+08:00 ] ::1 /favicon.ico
INFO: [ app_init ] --START--
INFO: Run Behavior\BuildLiteBehavior [ RunTime:0.000197s ]
INFO: [ app_init ] --END-- [ RunTime:0.003837s ]
ERR: 无法加载模块:Favicon

[ 2018-05-04T09:19:26+08:00 ] ::1 /static/home/login/base.css
INFO: [ app_init ] --START--
INFO: Run Behavior\BuildLiteBehavior [ RunTime:0.000170s ]
INFO: [ app_init ] --END-- [ RunTime:0.002554s ]
ERR: 无法加载模块:Static

[ 2018-05-04T09:19:26+08:00 ] ::1 /static/home/login/fml.js
INFO: [ app_init ] --START--
INFO: Run Behavior\BuildLiteBehavior [ RunTime:0.000159s ]
INFO: [ app_init ] --END-- [ RunTime:0.003398s ]
ERR: 无法加载模块:Static

[ 2018-05-04T09:19:26+08:00 ] ::1 /static/home/login/login.css
INFO: [ app_init ] --START--
INFO: Run Behavior\BuildLiteBehavior [ RunTime:0.000167s ]
INFO: [ app_init ] --END-- [ RunTime:0.002963s ]
ERR: 无法加载模块:Static

[ 2018-05-04T09:19:26+08:00 ] ::1 /static/home/login/jquery.js
INFO: [ app_init ] --START--
INFO: Run Behavior\BuildLiteBehavior [ RunTime:0.000158s ]
INFO: [ app_init ] --END-- [ RunTime:0.023088s ]
ERR: 无法加载模块:Static

[ 2018-05-04T09:19:26+08:00 ] ::1 /static/home/login/openIm.js
INFO: [ app_init ] --START--
INFO: Run Behavior\BuildLiteBehavior [ RunTime:0.001406s ]
INFO: [ app_init ] --END-- [ RunTime:0.004752s ]
ERR: 无法加载模块:Static

[ 2018-05-04T09:19:26+08:00 ] ::1 /static/home/login/login-step1+base
INFO: [ app_init ] --START--
INFO: Run Behavior\BuildLiteBehavior [ RunTime:0.000214s ]
INFO: [ app_init ] --END-- [ RunTime:0.018315s ]
ERR: 无法加载模块:Static

[ 2018-05-04T09:19:26+08:00 ] ::1 /static/home/login/7e_74j23d2a5f5j3bj31h70375gbeec1_100x100.png
INFO: [ app_init ] --START--
INFO: Run Behavior\BuildLiteBehavior [ RunTime:0.000182s ]
INFO: [ app_init ] --END-- [ RunTime:0.002593s ]
ERR: 无法加载模块:Static

[ 2018-05-04T09:19:26+08:00 ] ::1 /static/home/login/idid_ifrgmmjqmnsgmmbvmizdambqmeyde_370x353.jpg
INFO: [ app_init ] --START--
INFO: Run Behavior\BuildLiteBehavior [ RunTime:0.000159s ]
INFO: [ app_init ] --END-- [ RunTime:0.003500s ]
ERR: 无法加载模块:Static

[ 2018-05-04T09:19:26+08:00 ] ::1 /static/home/login/7e_61hjl8kjfjfagkg3cdaj05fghck9c_100x100.png
INFO: [ app_init ] --START--
INFO: Run Behavior\BuildLiteBehavior [ RunTime:0.000276s ]
INFO: [ app_init ] --END-- [ RunTime:0.003672s ]
ERR: 无法加载模块:Static

[ 2018-05-04T09:19:26+08:00 ] ::1 /static/home/login/735e2614e3911e621f0446e54597_204_52.c5.png
INFO: [ app_init ] --START--
INFO: Run Behavior\BuildLiteBehavior [ RunTime:0.000141s ]
INFO: [ app_init ] --END-- [ RunTime:0.007374s ]
ERR: 无法加载模块:Static

[ 2018-05-04T09:19:26+08:00 ] ::1 /static/home/login/7d026282ff00a259b6a7b90eee6d_48_48.c5.png
INFO: [ app_init ] --START--
INFO: Run Behavior\BuildLiteBehavior [ RunTime:0.000150s ]
INFO: [ app_init ] --END-- [ RunTime:0.002678s ]
ERR: 无法加载模块:Static

[ 2018-05-04T09:19:50+08:00 ] ::1 /static/home/login/base.css
INFO: [ app_init ] --START--
INFO: Run Behavior\BuildLiteBehavior [ RunTime:0.000516s ]
INFO: [ app_init ] --END-- [ RunTime:0.012985s ]
ERR: 无法加载模块:Static

[ 2018-05-04T09:19:50+08:00 ] ::1 /static/home/login/fml.js
INFO: [ app_init ] --START--
INFO: Run Behavior\BuildLiteBehavior [ RunTime:0.001011s ]
INFO: [ app_init ] --END-- [ RunTime:0.013858s ]
ERR: 无法加载模块:Static

[ 2018-05-04T09:19:50+08:00 ] ::1 /static/home/login/login.css
INFO: [ app_init ] --START--
INFO: Run Behavior\BuildLiteBehavior [ RunTime:0.000205s ]
INFO: [ app_init ] --END-- [ RunTime:0.033038s ]
ERR: 无法加载模块:Static

[ 2018-05-04T09:19:50+08:00 ] ::1 /static/home/login/735e2614e3911e621f0446e54597_204_52.c5.png
INFO: [ app_init ] --START--
INFO: Run Behavior\BuildLiteBehavior [ RunTime:0.000483s ]
INFO: [ app_init ] --END-- [ RunTime:0.014286s ]
ERR: 无法加载模块:Static

[ 2018-05-04T09:19:50+08:00 ] ::1 /static/home/login/idid_ifrgmmjqmnsgmmbvmizdambqmeyde_370x353.jpg
INFO: [ app_init ] --START--
INFO: Run Behavior\BuildLiteBehavior [ RunTime:0.000147s ]
INFO: [ app_init ] --END-- [ RunTime:0.002858s ]
ERR: 无法加载模块:Static

[ 2018-05-04T09:19:50+08:00 ] ::1 /static/home/login/jquery.js
INFO: [ app_init ] --START--
INFO: Run Behavior\BuildLiteBehavior [ RunTime:0.000178s ]
INFO: [ app_init ] --END-- [ RunTime:0.009992s ]
ERR: 无法加载模块:Static

[ 2018-05-04T09:19:50+08:00 ] ::1 /static/home/login/openIm.js
INFO: [ app_init ] --START--
INFO: Run Behavior\BuildLiteBehavior [ RunTime:0.000196s ]
INFO: [ app_init ] --END-- [ RunTime:0.021395s ]
ERR: 无法加载模块:Static

[ 2018-05-04T09:19:50+08:00 ] ::1 /static/home/login/7e_74j23d2a5f5j3bj31h70375gbeec1_100x100.png
INFO: [ app_init ] --START--
INFO: Run Behavior\BuildLiteBehavior [ RunTime:0.000146s ]
INFO: [ app_init ] --END-- [ RunTime:0.028957s ]
ERR: 无法加载模块:Static

[ 2018-05-04T09:19:50+08:00 ] ::1 /static/home/login/login-step1+base
INFO: [ app_init ] --START--
INFO: Run Behavior\BuildLiteBehavior [ RunTime:0.000166s ]
INFO: [ app_init ] --END-- [ RunTime:0.014631s ]
ERR: 无法加载模块:Static

[ 2018-05-04T09:19:50+08:00 ] ::1 /static/home/login/7e_61hjl8kjfjfagkg3cdaj05fghck9c_100x100.png
INFO: [ app_init ] --START--
INFO: Run Behavior\BuildLiteBehavior [ RunTime:0.000121s ]
INFO: [ app_init ] --END-- [ RunTime:0.002962s ]
ERR: 无法加载模块:Static

[ 2018-05-04T09:20:30+08:00 ] ::1 /Public/Home//static/home/login/login.css
INFO: [ app_init ] --START--
INFO: Run Behavior\BuildLiteBehavior [ RunTime:0.000145s ]
INFO: [ app_init ] --END-- [ RunTime:0.002504s ]
ERR: 无法加载模块:Public

[ 2018-05-04T09:20:30+08:00 ] ::1 /Public/Home//static/home/login/base.css
INFO: [ app_init ] --START--
INFO: Run Behavior\BuildLiteBehavior [ RunTime:0.000159s ]
INFO: [ app_init ] --END-- [ RunTime:0.002502s ]
ERR: 无法加载模块:Public

[ 2018-05-04T09:20:30+08:00 ] ::1 /Public/Home//static/home/login/fml.js
INFO: [ app_init ] --START--
INFO: Run Behavior\BuildLiteBehavior [ RunTime:0.000193s ]
INFO: [ app_init ] --END-- [ RunTime:0.004555s ]
ERR: 无法加载模块:Public

[ 2018-05-04T09:20:30+08:00 ] ::1 /Public/Home//static/home/login/openIm.js
INFO: [ app_init ] --START--
INFO: Run Behavior\BuildLiteBehavior [ RunTime:0.002859s ]
INFO: [ app_init ] --END-- [ RunTime:0.005832s ]
ERR: 无法加载模块:Public

[ 2018-05-04T09:20:30+08:00 ] ::1 /Public/Home//static/home/login/idid_ifrgmmjqmnsgmmbvmizdambqmeyde_370x353.jpg
INFO: [ app_init ] --START--
INFO: Run Behavior\BuildLiteBehavior [ RunTime:0.000153s ]
INFO: [ app_init ] --END-- [ RunTime:0.003079s ]
ERR: 无法加载模块:Public

[ 2018-05-04T09:20:30+08:00 ] ::1 /Public/Home//static/home/login/735e2614e3911e621f0446e54597_204_52.c5.png
INFO: [ app_init ] --START--
INFO: Run Behavior\BuildLiteBehavior [ RunTime:0.000164s ]
INFO: [ app_init ] --END-- [ RunTime:0.006782s ]
ERR: 无法加载模块:Public

[ 2018-05-04T09:20:30+08:00 ] ::1 /Public/Home//static/home/login/7e_74j23d2a5f5j3bj31h70375gbeec1_100x100.png
INFO: [ app_init ] --START--
INFO: Run Behavior\BuildLiteBehavior [ RunTime:0.000151s ]
INFO: [ app_init ] --END-- [ RunTime:0.003608s ]
ERR: 无法加载模块:Public

[ 2018-05-04T09:20:30+08:00 ] ::1 /Public/Home//static/home/login/login-step1+base
INFO: [ app_init ] --START--
INFO: Run Behavior\BuildLiteBehavior [ RunTime:0.002184s ]
INFO: [ app_init ] --END-- [ RunTime:0.021140s ]
ERR: 无法加载模块:Public

[ 2018-05-04T09:20:30+08:00 ] ::1 /Public/Home//static/home/login/7e_61hjl8kjfjfagkg3cdaj05fghck9c_100x100.png
INFO: [ app_init ] --START--
INFO: Run Behavior\BuildLiteBehavior [ RunTime:0.000145s ]
INFO: [ app_init ] --END-- [ RunTime:0.002598s ]
ERR: 无法加载模块:Public

[ 2018-05-04T09:20:30+08:00 ] ::1 /Public/Home//static/home/login/jquery.js
INFO: [ app_init ] --START--
INFO: Run Behavior\BuildLiteBehavior [ RunTime:0.002017s ]
INFO: [ app_init ] --END-- [ RunTime:0.013014s ]
ERR: 无法加载模块:Public

[ 2018-05-04T09:20:30+08:00 ] ::1 /Public/Home//static/home/login/openIm.js
INFO: [ app_init ] --START--
INFO: Run Behavior\BuildLiteBehavior [ RunTime:0.000368s ]
INFO: [ app_init ] --END-- [ RunTime:0.003200s ]
ERR: 无法加载模块:Public

[ 2018-05-04T09:20:30+08:00 ] ::1 /Public/Home//static/home/login/login-step1+base
INFO: [ app_init ] --START--
INFO: Run Behavior\BuildLiteBehavior [ RunTime:0.000148s ]
INFO: [ app_init ] --END-- [ RunTime:0.003107s ]
ERR: 无法加载模块:Public

[ 2018-05-04T09:20:31+08:00 ] ::1 /Public/Home//static/home/login/7d026282ff00a259b6a7b90eee6d_48_48.c5.png
INFO: [ app_init ] --START--
INFO: Run Behavior\BuildLiteBehavior [ RunTime:0.000245s ]
INFO: [ app_init ] --END-- [ RunTime:0.003121s ]
ERR: 无法加载模块:Public

[ 2018-05-04T09:20:36+08:00 ] ::1 /Public/Home//static/home/login/base.css
INFO: [ app_init ] --START--
INFO: Run Behavior\BuildLiteBehavior [ RunTime:0.000165s ]
INFO: [ app_init ] --END-- [ RunTime:0.003573s ]
ERR: 无法加载模块:Public

[ 2018-05-04T09:20:36+08:00 ] ::1 /Public/Home//static/home/login/fml.js
INFO: [ app_init ] --START--
INFO: Run Behavior\BuildLiteBehavior [ RunTime:0.005022s ]
INFO: [ app_init ] --END-- [ RunTime:0.009772s ]
ERR: 无法加载模块:Public

[ 2018-05-04T09:20:36+08:00 ] ::1 /Public/Home//static/home/login/login.css
INFO: [ app_init ] --START--
INFO: Run Behavior\BuildLiteBehavior [ RunTime:0.000167s ]
INFO: [ app_init ] --END-- [ RunTime:0.002915s ]
ERR: 无法加载模块:Public

[ 2018-05-04T09:20:37+08:00 ] ::1 /Public/Home//static/home/login/openIm.js
INFO: [ app_init ] --START--
INFO: Run Behavior\BuildLiteBehavior [ RunTime:0.000263s ]
INFO: [ app_init ] --END-- [ RunTime:0.011463s ]
ERR: 无法加载模块:Public

[ 2018-05-04T09:20:37+08:00 ] ::1 /Public/Home//static/home/login/735e2614e3911e621f0446e54597_204_52.c5.png
INFO: [ app_init ] --START--
INFO: Run Behavior\BuildLiteBehavior [ RunTime:0.000175s ]
INFO: [ app_init ] --END-- [ RunTime:0.007278s ]
ERR: 无法加载模块:Public

[ 2018-05-04T09:20:37+08:00 ] ::1 /Public/Home//static/home/login/jquery.js
INFO: [ app_init ] --START--
INFO: Run Behavior\BuildLiteBehavior [ RunTime:0.000164s ]
INFO: [ app_init ] --END-- [ RunTime:0.004395s ]
ERR: 无法加载模块:Public

[ 2018-05-04T09:20:37+08:00 ] ::1 /Public/Home//static/home/login/7e_61hjl8kjfjfagkg3cdaj05fghck9c_100x100.png
INFO: [ app_init ] --START--
INFO: Run Behavior\BuildLiteBehavior [ RunTime:0.000171s ]
INFO: [ app_init ] --END-- [ RunTime:0.007849s ]
ERR: 无法加载模块:Public

[ 2018-05-04T09:20:37+08:00 ] ::1 /Public/Home//static/home/login/login-step1+base
INFO: [ app_init ] --START--
INFO: Run Behavior\BuildLiteBehavior [ RunTime:0.000178s ]
INFO: [ app_init ] --END-- [ RunTime:0.057957s ]
ERR: 无法加载模块:Public

[ 2018-05-04T09:20:37+08:00 ] ::1 /Public/Home//static/home/login/7e_74j23d2a5f5j3bj31h70375gbeec1_100x100.png
INFO: [ app_init ] --START--
INFO: Run Behavior\BuildLiteBehavior [ RunTime:0.000152s ]
INFO: [ app_init ] --END-- [ RunTime:0.007993s ]
ERR: 无法加载模块:Public

[ 2018-05-04T09:20:37+08:00 ] ::1 /Public/Home//static/home/login/idid_ifrgmmjqmnsgmmbvmizdambqmeyde_370x353.jpg
INFO: [ app_init ] --START--
INFO: Run Behavior\BuildLiteBehavior [ RunTime:0.000150s ]
INFO: [ app_init ] --END-- [ RunTime:0.008502s ]
ERR: 无法加载模块:Public

[ 2018-05-04T09:20:37+08:00 ] ::1 /Public/Home//static/home/login/openIm.js
INFO: [ app_init ] --START--
INFO: Run Behavior\BuildLiteBehavior [ RunTime:0.000145s ]
INFO: [ app_init ] --END-- [ RunTime:0.003876s ]
ERR: 无法加载模块:Public

[ 2018-05-04T09:20:37+08:00 ] ::1 /Public/Home//static/home/login/login-step1+base
INFO: [ app_init ] --START--
INFO: Run Behavior\BuildLiteBehavior [ RunTime:0.000144s ]
INFO: [ app_init ] --END-- [ RunTime:0.004537s ]
ERR: 无法加载模块:Public

[ 2018-05-04T09:21:51+08:00 ] ::1 /Public/Home//static/home/login/base.css
INFO: [ app_init ] --START--
INFO: Run Behavior\BuildLiteBehavior [ RunTime:0.000194s ]
INFO: [ app_init ] --END-- [ RunTime:0.002789s ]
ERR: 无法加载模块:Public

[ 2018-05-04T09:21:51+08:00 ] ::1 /Public/Home//static/home/login/fml.js
INFO: [ app_init ] --START--
INFO: Run Behavior\BuildLiteBehavior [ RunTime:0.000243s ]
INFO: [ app_init ] --END-- [ RunTime:0.003485s ]
ERR: 无法加载模块:Public

[ 2018-05-04T09:21:52+08:00 ] ::1 /Public/Home//static/home/login/login.css
INFO: [ app_init ] --START--
INFO: Run Behavior\BuildLiteBehavior [ RunTime:0.000158s ]
INFO: [ app_init ] --END-- [ RunTime:0.006043s ]
ERR: 无法加载模块:Public

[ 2018-05-04T09:21:52+08:00 ] ::1 /Public/Home//static/home/login/openIm.js
INFO: [ app_init ] --START--
INFO: Run Behavior\BuildLiteBehavior [ RunTime:0.000369s ]
INFO: [ app_init ] --END-- [ RunTime:0.002888s ]
ERR: 无法加载模块:Public

[ 2018-05-04T09:21:52+08:00 ] ::1 /Public/Home//static/home/login/jquery.js
INFO: [ app_init ] --START--
INFO: Run Behavior\BuildLiteBehavior [ RunTime:0.000155s ]
INFO: [ app_init ] --END-- [ RunTime:0.033014s ]
ERR: 无法加载模块:Public

[ 2018-05-04T09:21:52+08:00 ] ::1 /Public/Home//static/home/login/login-step1+base
INFO: [ app_init ] --START--
INFO: Run Behavior\BuildLiteBehavior [ RunTime:0.000139s ]
INFO: [ app_init ] --END-- [ RunTime:0.008628s ]
ERR: 无法加载模块:Public

[ 2018-05-04T09:21:52+08:00 ] ::1 /Public/Home//static/home/login/idid_ifrgmmjqmnsgmmbvmizdambqmeyde_370x353.jpg
INFO: [ app_init ] --START--
INFO: Run Behavior\BuildLiteBehavior [ RunTime:0.000359s ]
INFO: [ app_init ] --END-- [ RunTime:0.005481s ]
ERR: 无法加载模块:Public

[ 2018-05-04T09:21:52+08:00 ] ::1 /Public/Home//static/home/login/735e2614e3911e621f0446e54597_204_52.c5.png
INFO: [ app_init ] --START--
INFO: Run Behavior\BuildLiteBehavior [ RunTime:0.000147s ]
INFO: [ app_init ] --END-- [ RunTime:0.002848s ]
ERR: 无法加载模块:Public

[ 2018-05-04T09:21:52+08:00 ] ::1 /Public/Home//static/home/login/openIm.js
INFO: [ app_init ] --START--
INFO: Run Behavior\BuildLiteBehavior [ RunTime:0.000221s ]
INFO: [ app_init ] --END-- [ RunTime:0.008003s ]
ERR: 无法加载模块:Public

[ 2018-05-04T09:21:52+08:00 ] ::1 /Public/Home//static/home/login/login-step1+base
INFO: [ app_init ] --START--
INFO: Run Behavior\BuildLiteBehavior [ RunTime:0.000172s ]
INFO: [ app_init ] --END-- [ RunTime:0.003084s ]
ERR: 无法加载模块:Public

[ 2018-05-04T09:24:29+08:00 ] ::1 /Public/Home//login/7d026282ff00a259b6a7b90eee6d_48_48.c5.png
INFO: [ app_init ] --START--
INFO: Run Behavior\BuildLiteBehavior [ RunTime:0.000151s ]
INFO: [ app_init ] --END-- [ RunTime:0.002827s ]
ERR: 无法加载模块:Public

[ 2018-05-04T09:32:40+08:00 ] ::1 /user/aj/loginconfig
INFO: [ app_init ] --START--
INFO: Run Behavior\BuildLiteBehavior [ RunTime:0.000182s ]
INFO: [ app_init ] --END-- [ RunTime:0.003865s ]
ERR: 无法加载模块:User

[ 2018-05-04T09:32:47+08:00 ] ::1 /user/aj/getToken
INFO: [ app_init ] --START--
INFO: Run Behavior\BuildLiteBehavior [ RunTime:0.000186s ]
INFO: [ app_init ] --END-- [ RunTime:0.003848s ]
ERR: 无法加载模块:User

[ 2018-05-04T09:32:51+08:00 ] ::1 /Public/Home/pc/~page/welcome+base.js
INFO: [ app_init ] --START--
INFO: Run Behavior\BuildLiteBehavior [ RunTime:0.000168s ]
INFO: [ app_init ] --END-- [ RunTime:0.003424s ]
ERR: 无法加载模块:Public

[ 2018-05-04T09:48:45+08:00 ] ::1 /favicon.ico
INFO: [ app_init ] --START--
INFO: Run Behavior\BuildLiteBehavior [ RunTime:0.000179s ]
INFO: [ app_init ] --END-- [ RunTime:0.003034s ]
ERR: 无法加载模块:Favicon

[ 2018-05-04T09:52:57+08:00 ] ::1 /user/aj/loginconfig
INFO: [ app_init ] --START--
INFO: Run Behavior\BuildLiteBehavior [ RunTime:0.000145s ]
INFO: [ app_init ] --END-- [ RunTime:0.019340s ]
ERR: 无法加载模块:User

[ 2018-05-04T09:52:57+08:00 ] ::1 /Public/Home//login/7d026282ff00a259b6a7b90eee6d_48_48.c5.png
INFO: [ app_init ] --START--
INFO: Run Behavior\BuildLiteBehavior [ RunTime:0.000149s ]
INFO: [ app_init ] --END-- [ RunTime:0.003170s ]
ERR: 无法加载模块:Public

[ 2018-05-04T09:53:02+08:00 ] ::1 /user/aj/getToken
INFO: [ app_init ] --START--
INFO: Run Behavior\BuildLiteBehavior [ RunTime:0.000189s ]
INFO: [ app_init ] --END-- [ RunTime:0.005102s ]
ERR: 无法加载模块:User

[ 2018-05-04T09:53:46+08:00 ] ::1 /user/aj/loginconfig
INFO: [ app_init ] --START--
INFO: Run Behavior\BuildLiteBehavior [ RunTime:0.000325s ]
INFO: [ app_init ] --END-- [ RunTime:0.006606s ]
ERR: 无法加载模块:User

[ 2018-05-04T09:53:49+08:00 ] ::1 /user/aj/loginconfig
INFO: [ app_init ] --START--
INFO: Run Behavior\BuildLiteBehavior [ RunTime:0.000200s ]
INFO: [ app_init ] --END-- [ RunTime:0.002954s ]
ERR: 无法加载模块:User

[ 2018-05-04T09:53:49+08:00 ] ::1 /user/aj/loginconfig
INFO: [ app_init ] --START--
INFO: Run Behavior\BuildLiteBehavior [ RunTime:0.000167s ]
INFO: [ app_init ] --END-- [ RunTime:0.013811s ]
ERR: 无法加载模块:User

[ 2018-05-04T09:53:55+08:00 ] ::1 /user/aj/loginconfig
INFO: [ app_init ] --START--
INFO: Run Behavior\BuildLiteBehavior [ RunTime:0.000198s ]
INFO: [ app_init ] --END-- [ RunTime:0.004266s ]
ERR: 无法加载模块:User

[ 2018-05-04T09:53:59+08:00 ] ::1 /user/aj/getToken
INFO: [ app_init ] --START--
INFO: Run Behavior\BuildLiteBehavior [ RunTime:0.000293s ]
INFO: [ app_init ] --END-- [ RunTime:0.005669s ]
ERR: 无法加载模块:User

[ 2018-05-04T09:54:33+08:00 ] ::1 /user/aj/loginconfig
INFO: [ app_init ] --START--
INFO: Run Behavior\BuildLiteBehavior [ RunTime:0.000133s ]
INFO: [ app_init ] --END-- [ RunTime:0.015556s ]
ERR: 无法加载模块:User

[ 2018-05-04T09:54:37+08:00 ] ::1 /user/aj/loginconfig
INFO: [ app_init ] --START--
INFO: Run Behavior\BuildLiteBehavior [ RunTime:0.000444s ]
INFO: [ app_init ] --END-- [ RunTime:0.007278s ]
ERR: 无法加载模块:User

[ 2018-05-04T09:54:37+08:00 ] ::1 /user/aj/loginconfig
INFO: [ app_init ] --START--
INFO: Run Behavior\BuildLiteBehavior [ RunTime:0.000162s ]
INFO: [ app_init ] --END-- [ RunTime:0.038707s ]
ERR: 无法加载模块:User

[ 2018-05-04T09:54:41+08:00 ] ::1 /user/aj/loginconfig
INFO: [ app_init ] --START--
INFO: Run Behavior\BuildLiteBehavior [ RunTime:0.000188s ]
INFO: [ app_init ] --END-- [ RunTime:0.007431s ]
ERR: 无法加载模块:User

[ 2018-05-04T09:54:56+08:00 ] ::1 /user/aj/getToken
INFO: [ app_init ] --START--
INFO: Run Behavior\BuildLiteBehavior [ RunTime:0.000217s ]
INFO: [ app_init ] --END-- [ RunTime:0.004061s ]
ERR: 无法加载模块:User

[ 2018-05-04T09:57:16+08:00 ] ::1 /user/aj/loginconfig
INFO: [ app_init ] --START--
INFO: Run Behavior\BuildLiteBehavior [ RunTime:0.000184s ]
INFO: [ app_init ] --END-- [ RunTime:0.005640s ]
ERR: 无法加载模块:User

[ 2018-05-04T09:57:20+08:00 ] ::1 /user/aj/loginconfig
INFO: [ app_init ] --START--
INFO: Run Behavior\BuildLiteBehavior [ RunTime:0.000217s ]
INFO: [ app_init ] --END-- [ RunTime:0.007796s ]
ERR: 无法加载模块:User

[ 2018-05-04T09:57:20+08:00 ] ::1 /user/aj/loginconfig
INFO: [ app_init ] --START--
INFO: Run Behavior\BuildLiteBehavior [ RunTime:0.000309s ]
INFO: [ app_init ] --END-- [ RunTime:0.004528s ]
ERR: 无法加载模块:User

[ 2018-05-04T09:57:25+08:00 ] ::1 /user/aj/getToken
INFO: [ app_init ] --START--
INFO: Run Behavior\BuildLiteBehavior [ RunTime:0.000513s ]
INFO: [ app_init ] --END-- [ RunTime:0.005296s ]
ERR: 无法加载模块:User

[ 2018-05-04T09:57:28+08:00 ] ::1 /Public/Home/pc/~page/welcome+base.js
INFO: [ app_init ] --START--
INFO: Run Behavior\BuildLiteBehavior [ RunTime:0.000263s ]
INFO: [ app_init ] --END-- [ RunTime:0.004998s ]
ERR: 无法加载模块:Public

[ 2018-05-04T09:58:24+08:00 ] ::1 /Public/Home/mycart.html
INFO: [ app_init ] --START--
INFO: Run Behavior\BuildLiteBehavior [ RunTime:0.000154s ]
INFO: [ app_init ] --END-- [ RunTime:0.002541s ]
ERR: 无法加载模块:Public

[ 2018-05-04T09:58:27+08:00 ] ::1 /Public/Home/mycart.html
INFO: [ app_init ] --START--
INFO: Run Behavior\BuildLiteBehavior [ RunTime:0.004024s ]
INFO: [ app_init ] --END-- [ RunTime:0.022785s ]
ERR: 无法加载模块:Public

[ 2018-05-04T10:01:09+08:00 ] ::1 /Public/Home/mycart.html
INFO: [ app_init ] --START--
INFO: Run Behavior\BuildLiteBehavior [ RunTime:0.000169s ]
INFO: [ app_init ] --END-- [ RunTime:0.012715s ]
ERR: 无法加载模块:Public

[ 2018-05-04T10:01:10+08:00 ] ::1 /Public/Home/mycart.html
INFO: [ app_init ] --START--
INFO: Run Behavior\BuildLiteBehavior [ RunTime:0.000237s ]
INFO: [ app_init ] --END-- [ RunTime:0.003579s ]
ERR: 无法加载模块:Public

[ 2018-05-04T10:01:11+08:00 ] ::1 /Public/Home/mycart.html
INFO: [ app_init ] --START--
INFO: Run Behavior\BuildLiteBehavior [ RunTime:0.000375s ]
INFO: [ app_init ] --END-- [ RunTime:0.004707s ]
ERR: 无法加载模块:Public

[ 2018-05-04T10:01:28+08:00 ] ::1 /Public/Home/pc/~page/welcome+base.js
INFO: [ app_init ] --START--
INFO: Run Behavior\BuildLiteBehavior [ RunTime:0.000373s ]
INFO: [ app_init ] --END-- [ RunTime:0.003106s ]
ERR: 无法加载模块:Public

[ 2018-05-04T10:21:31+08:00 ] ::1 /favicon.ico
INFO: [ app_init ] --START--
INFO: Run Behavior\BuildLiteBehavior [ RunTime:0.000146s ]
INFO: [ app_init ] --END-- [ RunTime:0.013892s ]
ERR: 无法加载模块:Favicon

[ 2018-05-04T16:47:29+08:00 ] ::1 /Public/Home/pc/~page/welcome+base.js
INFO: [ app_init ] --START--
INFO: Run Behavior\BuildLiteBehavior [ RunTime:0.000309s ]
INFO: [ app_init ] --END-- [ RunTime:0.004549s ]
ERR: 无法加载模块:Public

[ 2018-05-04T16:48:19+08:00 ] ::1 /Public/Home/mycart.html
INFO: [ app_init ] --START--
INFO: Run Behavior\BuildLiteBehavior [ RunTime:0.000196s ]
INFO: [ app_init ] --END-- [ RunTime:0.008048s ]
ERR: 无法加载模块:Public

