[ 2018-04-24T08:54:18+08:00 ] ::1 /Public/Admin/welcome.html
INFO: [ app_init ] --START--
INFO: Run Behavior\BuildLiteBehavior [ RunTime:0.000293s ]
INFO: [ app_init ] --END-- [ RunTime:0.005646s ]
ERR: 无法加载模块:Public

[ 2018-04-24T08:54:21+08:00 ] ::1 /favicon.ico
INFO: [ app_init ] --START--
INFO: Run Behavior\BuildLiteBehavior [ RunTime:0.000178s ]
INFO: [ app_init ] --END-- [ RunTime:0.003843s ]
ERR: 无法加载模块:Favicon

[ 2018-04-24T09:00:03+08:00 ] ::1 /Public/Admin/welcome.html
INFO: [ app_init ] --START--
INFO: Run Behavior\BuildLiteBehavior [ RunTime:0.000136s ]
INFO: [ app_init ] --END-- [ RunTime:0.003737s ]
ERR: 无法加载模块:Public

[ 2018-04-24T09:05:44+08:00 ] ::1 /Public/Admin/welcome.html
INFO: [ app_init ] --START--
INFO: Run Behavior\BuildLiteBehavior [ RunTime:0.000149s ]
INFO: [ app_init ] --END-- [ RunTime:0.003088s ]
ERR: 无法加载模块:Public

[ 2018-04-24T09:07:17+08:00 ] ::1 /Public/Admin/welcome.html
INFO: [ app_init ] --START--
INFO: Run Behavior\BuildLiteBehavior [ RunTime:0.000159s ]
INFO: [ app_init ] --END-- [ RunTime:0.003872s ]
ERR: 无法加载模块:Public

[ 2018-04-24T09:07:35+08:00 ] ::1 /Public/Admin/welcome.html
INFO: [ app_init ] --START--
INFO: Run Behavior\BuildLiteBehavior [ RunTime:0.000204s ]
INFO: [ app_init ] --END-- [ RunTime:0.004978s ]
ERR: 无法加载模块:Public

[ 2018-04-24T09:17:18+08:00 ] ::1 /Public/Admin/welcome.html
INFO: [ app_init ] --START--
INFO: Run Behavior\BuildLiteBehavior [ RunTime:0.000217s ]
INFO: [ app_init ] --END-- [ RunTime:0.007200s ]
ERR: 无法加载模块:Public

[ 2018-04-24T09:17:54+08:00 ] ::1 /Public/Admin/welcome.html
INFO: [ app_init ] --START--
INFO: Run Behavior\BuildLiteBehavior [ RunTime:0.000117s ]
INFO: [ app_init ] --END-- [ RunTime:0.002510s ]
ERR: 无法加载模块:Public

[ 2018-04-24T09:18:15+08:00 ] ::1 /Public/Admin/welcome.html
INFO: [ app_init ] --START--
INFO: Run Behavior\BuildLiteBehavior [ RunTime:0.000160s ]
INFO: [ app_init ] --END-- [ RunTime:0.005991s ]
ERR: 无法加载模块:Public

[ 2018-04-24T09:26:16+08:00 ] ::1 /Public/Admin/welcome.html
INFO: [ app_init ] --START--
INFO: Run Behavior\BuildLiteBehavior [ RunTime:0.000155s ]
INFO: [ app_init ] --END-- [ RunTime:0.003950s ]
ERR: 无法加载模块:Public

[ 2018-04-24T09:26:43+08:00 ] ::1 /Public/Admin/welcome.html
INFO: [ app_init ] --START--
INFO: Run Behavior\BuildLiteBehavior [ RunTime:0.000143s ]
INFO: [ app_init ] --END-- [ RunTime:0.006518s ]
ERR: 无法加载模块:Public

[ 2018-04-24T09:28:29+08:00 ] ::1 /Public/Admin/welcome.html
INFO: [ app_init ] --START--
INFO: Run Behavior\BuildLiteBehavior [ RunTime:0.000174s ]
INFO: [ app_init ] --END-- [ RunTime:0.003287s ]
ERR: 无法加载模块:Public

[ 2018-04-24T09:35:00+08:00 ] ::1 /Public/Admin/welcome.html
INFO: [ app_init ] --START--
INFO: Run Behavior\BuildLiteBehavior [ RunTime:0.000144s ]
INFO: [ app_init ] --END-- [ RunTime:0.002746s ]
ERR: 无法加载模块:Public

[ 2018-04-24T09:36:24+08:00 ] ::1 /Public/Admin/welcome.html
INFO: [ app_init ] --START--
INFO: Run Behavior\BuildLiteBehavior [ RunTime:0.000125s ]
INFO: [ app_init ] --END-- [ RunTime:0.002643s ]
ERR: 无法加载模块:Public

[ 2018-04-24T09:41:57+08:00 ] ::1 /Public/Admin/welcome.html
INFO: [ app_init ] --START--
INFO: Run Behavior\BuildLiteBehavior [ RunTime:0.000118s ]
INFO: [ app_init ] --END-- [ RunTime:0.002516s ]
ERR: 无法加载模块:Public

[ 2018-04-24T09:49:21+08:00 ] ::1 /Public/Admin/welcome.html
INFO: [ app_init ] --START--
INFO: Run Behavior\BuildLiteBehavior [ RunTime:0.000146s ]
INFO: [ app_init ] --END-- [ RunTime:0.003173s ]
ERR: 无法加载模块:Public

[ 2018-04-24T09:52:59+08:00 ] ::1 /Public/Admin/welcome.html
INFO: [ app_init ] --START--
INFO: Run Behavior\BuildLiteBehavior [ RunTime:0.000159s ]
INFO: [ app_init ] --END-- [ RunTime:0.011467s ]
ERR: 无法加载模块:Public

[ 2018-04-24T10:01:27+08:00 ] ::1 /Public/Admin/welcome.html
INFO: [ app_init ] --START--
INFO: Run Behavior\BuildLiteBehavior [ RunTime:0.000167s ]
INFO: [ app_init ] --END-- [ RunTime:0.010661s ]
ERR: 无法加载模块:Public

[ 2018-04-24T10:02:50+08:00 ] ::1 /Public/Admin/welcome.html
INFO: [ app_init ] --START--
INFO: Run Behavior\BuildLiteBehavior [ RunTime:0.000369s ]
INFO: [ app_init ] --END-- [ RunTime:0.004772s ]
ERR: 无法加载模块:Public

[ 2018-04-24T10:04:53+08:00 ] ::1 /Public/Admin/welcome.html
INFO: [ app_init ] --START--
INFO: Run Behavior\BuildLiteBehavior [ RunTime:0.000216s ]
INFO: [ app_init ] --END-- [ RunTime:0.024660s ]
ERR: 无法加载模块:Public

[ 2018-04-24T10:09:26+08:00 ] ::1 /Public/Admin/welcome.html
INFO: [ app_init ] --START--
INFO: Run Behavior\BuildLiteBehavior [ RunTime:0.000145s ]
INFO: [ app_init ] --END-- [ RunTime:0.004519s ]
ERR: 无法加载模块:Public

[ 2018-04-24T10:10:46+08:00 ] ::1 /Public/Admin/welcome.html
INFO: [ app_init ] --START--
INFO: Run Behavior\BuildLiteBehavior [ RunTime:0.000150s ]
INFO: [ app_init ] --END-- [ RunTime:0.004026s ]
ERR: 无法加载模块:Public

[ 2018-04-24T11:48:56+08:00 ] ::1 /Public/Admin/welcome.html
INFO: [ app_init ] --START--
INFO: Run Behavior\BuildLiteBehavior [ RunTime:0.000274s ]
INFO: [ app_init ] --END-- [ RunTime:0.005264s ]
ERR: 无法加载模块:Public

[ 2018-04-24T14:05:13+08:00 ] ::1 /Public/Admin/welcome.html
INFO: [ app_init ] --START--
INFO: Run Behavior\BuildLiteBehavior [ RunTime:0.000164s ]
INFO: [ app_init ] --END-- [ RunTime:0.019282s ]
ERR: 无法加载模块:Public

[ 2018-04-24T14:06:18+08:00 ] ::1 /Public/Admin/welcome.html
INFO: [ app_init ] --START--
INFO: Run Behavior\BuildLiteBehavior [ RunTime:0.000187s ]
INFO: [ app_init ] --END-- [ RunTime:0.005615s ]
ERR: 无法加载模块:Public

[ 2018-04-24T14:08:32+08:00 ] ::1 /Public/Admin/welcome.html
INFO: [ app_init ] --START--
INFO: Run Behavior\BuildLiteBehavior [ RunTime:0.000336s ]
INFO: [ app_init ] --END-- [ RunTime:0.028339s ]
ERR: 无法加载模块:Public

[ 2018-04-24T14:57:32+08:00 ] ::1 /Public/Admin/welcome.html
INFO: [ app_init ] --START--
INFO: Run Behavior\BuildLiteBehavior [ RunTime:0.000142s ]
INFO: [ app_init ] --END-- [ RunTime:0.002792s ]
ERR: 无法加载模块:Public

[ 2018-04-24T15:12:06+08:00 ] ::1 /Public/Admin/welcome.html
INFO: [ app_init ] --START--
INFO: Run Behavior\BuildLiteBehavior [ RunTime:0.000175s ]
INFO: [ app_init ] --END-- [ RunTime:0.003603s ]
ERR: 无法加载模块:Public

[ 2018-04-24T15:12:57+08:00 ] ::1 /Public/Admin/welcome.html
INFO: [ app_init ] --START--
INFO: Run Behavior\BuildLiteBehavior [ RunTime:0.000161s ]
INFO: [ app_init ] --END-- [ RunTime:0.032712s ]
ERR: 无法加载模块:Public

[ 2018-04-24T15:14:29+08:00 ] ::1 /Public/Admin/welcome.html
INFO: [ app_init ] --START--
INFO: Run Behavior\BuildLiteBehavior [ RunTime:0.000242s ]
INFO: [ app_init ] --END-- [ RunTime:0.008580s ]
ERR: 无法加载模块:Public

[ 2018-04-24T15:19:54+08:00 ] ::1 /Public/Admin/welcome.html
INFO: [ app_init ] --START--
INFO: Run Behavior\BuildLiteBehavior [ RunTime:0.000376s ]
INFO: [ app_init ] --END-- [ RunTime:0.005544s ]
ERR: 无法加载模块:Public

[ 2018-04-24T15:21:34+08:00 ] ::1 /Public/Admin/welcome.html
INFO: [ app_init ] --START--
INFO: Run Behavior\BuildLiteBehavior [ RunTime:0.000169s ]
INFO: [ app_init ] --END-- [ RunTime:0.008889s ]
ERR: 无法加载模块:Public

[ 2018-04-24T15:23:32+08:00 ] ::1 /Public/Admin/welcome.html
INFO: [ app_init ] --START--
INFO: Run Behavior\BuildLiteBehavior [ RunTime:0.000161s ]
INFO: [ app_init ] --END-- [ RunTime:0.004269s ]
ERR: 无法加载模块:Public

[ 2018-04-24T15:31:13+08:00 ] ::1 /Public/Admin/welcome.html
INFO: [ app_init ] --START--
INFO: Run Behavior\BuildLiteBehavior [ RunTime:0.000786s ]
INFO: [ app_init ] --END-- [ RunTime:0.022323s ]
ERR: 无法加载模块:Public

[ 2018-04-24T15:32:47+08:00 ] ::1 /Public/Admin/welcome.html
INFO: [ app_init ] --START--
INFO: Run Behavior\BuildLiteBehavior [ RunTime:0.000329s ]
INFO: [ app_init ] --END-- [ RunTime:0.004200s ]
ERR: 无法加载模块:Public

[ 2018-04-24T16:09:14+08:00 ] ::1 /Public/Admin/welcome.html
INFO: [ app_init ] --START--
INFO: Run Behavior\BuildLiteBehavior [ RunTime:0.000137s ]
INFO: [ app_init ] --END-- [ RunTime:0.018357s ]
ERR: 无法加载模块:Public

[ 2018-04-24T16:10:29+08:00 ] ::1 /Public/Admin/welcome.html
INFO: [ app_init ] --START--
INFO: Run Behavior\BuildLiteBehavior [ RunTime:0.000163s ]
INFO: [ app_init ] --END-- [ RunTime:0.004837s ]
ERR: 无法加载模块:Public

[ 2018-04-24T16:11:48+08:00 ] ::1 /Public/Admin/welcome.html
INFO: [ app_init ] --START--
INFO: Run Behavior\BuildLiteBehavior [ RunTime:0.000130s ]
INFO: [ app_init ] --END-- [ RunTime:0.027476s ]
ERR: 无法加载模块:Public

[ 2018-04-24T16:20:23+08:00 ] ::1 /Public/Admin/welcome.html
INFO: [ app_init ] --START--
INFO: Run Behavior\BuildLiteBehavior [ RunTime:0.001333s ]
INFO: [ app_init ] --END-- [ RunTime:0.022945s ]
ERR: 无法加载模块:Public

[ 2018-04-24T16:26:12+08:00 ] ::1 /Public/Admin/welcome.html
INFO: [ app_init ] --START--
INFO: Run Behavior\BuildLiteBehavior [ RunTime:0.000159s ]
INFO: [ app_init ] --END-- [ RunTime:0.021956s ]
ERR: 无法加载模块:Public

[ 2018-04-24T17:05:07+08:00 ] ::1 /Public/Admin/welcome.html
INFO: [ app_init ] --START--
INFO: Run Behavior\BuildLiteBehavior [ RunTime:0.000254s ]
INFO: [ app_init ] --END-- [ RunTime:0.050841s ]
ERR: 无法加载模块:Public

[ 2018-04-24T17:06:22+08:00 ] ::1 /Public/Admin/welcome.html
INFO: [ app_init ] --START--
INFO: Run Behavior\BuildLiteBehavior [ RunTime:0.000149s ]
INFO: [ app_init ] --END-- [ RunTime:0.003427s ]
ERR: 无法加载模块:Public

[ 2018-04-24T17:06:32+08:00 ] ::1 /Public/Admin/welcome.html
INFO: [ app_init ] --START--
INFO: Run Behavior\BuildLiteBehavior [ RunTime:0.000145s ]
INFO: [ app_init ] --END-- [ RunTime:0.004323s ]
ERR: 无法加载模块:Public

[ 2018-04-24T17:08:05+08:00 ] ::1 /Public/Admin/welcome.html
INFO: [ app_init ] --START--
INFO: Run Behavior\BuildLiteBehavior [ RunTime:0.000139s ]
INFO: [ app_init ] --END-- [ RunTime:0.002961s ]
ERR: 无法加载模块:Public

[ 2018-04-24T17:10:35+08:00 ] ::1 /Public/Admin/welcome.html
INFO: [ app_init ] --START--
INFO: Run Behavior\BuildLiteBehavior [ RunTime:0.000152s ]
INFO: [ app_init ] --END-- [ RunTime:0.008551s ]
ERR: 无法加载模块:Public

[ 2018-04-24T17:13:09+08:00 ] ::1 /Public/Admin/welcome.html
INFO: [ app_init ] --START--
INFO: Run Behavior\BuildLiteBehavior [ RunTime:0.000155s ]
INFO: [ app_init ] --END-- [ RunTime:0.003670s ]
ERR: 无法加载模块:Public

